<?xml version="1.0" encoding="UTF-8"?>
<testsuite xmlns:xsi="http://www.w3.org/2001/XMLSchema-instance" xsi:noNamespaceSchemaLocation="https://maven.apache.org/surefire/maven-failsafe-plugin/xsd/failsafe-test-report-3.0.xsd" version="3.0" name="starter.CucumberTestSuite" time="58.364" tests="3" errors="0" skipped="0" failures="0">
  <properties>
[...]
</properties>
  <testcase name="As user i have be able to success login" classname="As user I want see home page So that i can buy books" time="21.476">
    <system-out><![CDATA[11:32:52.674 [main] INFO io.cucumber.core.plugin.SerenityReporter - Running feature from file:///D:/kampus%20merdeka/Intelij/web/src/test/resources/features/Bookstore.feature
11:32:53.082 [main] INFO  - 

-------------------------------------------------------------------------------------
     _______. _______ .______       _______ .__   __.  __  .___________.____    ____ 
    /       ||   ____||   _  \     |   ____||  \ |  | |  | |           |\   \  /   / 
   |   (----`|  |__   |  |_)  |    |  |__   |   \|  | |  | `---|  |----` \   \/   /  
    \   \    |   __|  |      /     |   __|  |  . `  | |  |     |  |       \_    _/   
.----)   |   |  |____ |  |\  \----.|  |____ |  |\   | |  |     |  |         |  |     
|_______/    |_______|| _| `._____||_______||__| \__| |__|     |__|         |__|    
                                                                                     
 News and tutorials at http://www.serenity-bdd.info                                  
 Documentation at https://wakaleo.gitbooks.io/the-serenity-book/content/             
 Join the Serenity Community on Gitter: https://gitter.im/serenity-bdd/serenity-core 
 Serenity BDD Support and Training at http://serenity-bdd.info/#/trainingandsupport  
-------------------------------------------------------------------------------------

11:32:53.086 [main] DEBUG net.thucydides.core.steps.StepEventBus - Test suite started for story net.thucydides.core.model.Story@73942bea
11:32:53.089 [main] INFO  - Test Suite Started: As a user I want to visit bookstore So that i can see existing book in store
11:32:53.154 [main] INFO io.cucumber.core.plugin.SerenityReporter - Running feature from file:///D:/kampus%20merdeka/Intelij/web/src/test/resources/features/Login.feature
11:32:53.160 [main] DEBUG net.thucydides.core.steps.StepEventBus - Test suite started for story net.thucydides.core.model.Story@219ce80
11:32:53.161 [main] INFO  - Test Suite Started: As user I want see home page So that i can buy books
11:32:53.162 [main] INFO io.cucumber.core.plugin.SerenityReporter - Running feature from file:///D:/kampus%20merdeka/Intelij/web/src/test/resources/features/Login.feature
11:32:53.164 [main] DEBUG net.thucydides.core.steps.StepEventBus - Test suite started for story net.thucydides.core.model.Story@219ce80
11:32:53.165 [main] INFO  - Test Suite Started: As user I want see home page So that i can buy books

@login @positive
Scenario: As user i have be able to success login &amp#27;[90m# src/test/resources/features/Login.feature:10&amp#27;[0m
11:32:53.300 [main] INFO io.cucumber.core.plugin.SerenityReporter - Running feature from file:///D:/kampus%20merdeka/Intelij/web/src/test/resources/features/Login.feature
11:32:53.513 [main] INFO  - 
  _____   ___   ___   _____     ___   _____     _     ___   _____   ___   ___  
 |_   _| | __| / __| |_   _|   / __| |_   _|   /_\   | _ \ |_   _| | __| |   \ 
   | |   | _|  \__ \   | |     \__ \   | |    / _ \  |   /   | |   | _|  | |) |
   |_|   |___| |___/   |_|     |___/   |_|   /_/ \_\ |_|_\   |_|   |___| |___/ 

As user i have be able to success login(as-user-i-want-see-home-page-so-that-i-can-buy-books;as-user-i-have-be-able-to-success-login)
--------------------------------------------------------------------------------
11:32:55.081 [main] DEBUG net.thucydides.core.steps.StepInterceptor - STARTING STEP: BookstoreSteps.onBookstorePage - openPage
11:32:55.158 [main] INFO net.serenitybdd.core.webdriver.driverproviders.ChromeDriverProvider - Using automatically driver download
11:32:56.535 [main] DEBUG io.github.bonigarcia.wdm.cache.ResolutionCache - Resolution chrome=100 in cache (valid until 11:37:23 23/04/2022 ICT)
11:32:56.542 [main] DEBUG io.github.bonigarcia.wdm.cache.ResolutionCache - Resolution chrome100=100.0.4896.60 in cache (valid until 10:37:23 24/04/2022 ICT)
11:32:56.546 [main] INFO io.github.bonigarcia.wdm.WebDriverManager - Using chromedriver 100.0.4896.60 (resolved driver for Chrome 100)
11:32:56.569 [main] DEBUG io.github.bonigarcia.wdm.WebDriverManager - Driver chromedriver 100.0.4896.60 found in cache
11:32:56.570 [main] INFO io.github.bonigarcia.wdm.WebDriverManager - Exporting webdriver.chrome.driver as C:\Users\Admin\.cache\selenium\chromedriver\win32\100.0.4896.60\chromedriver.exe
11:32:56.751 [main] DEBUG net.thucydides.core.reflection.ClassFinder - Could not load class .starter.CucumberTestSuite
11:32:56.751 [main] DEBUG net.thucydides.core.reflection.ClassFinder - Could not load class .starter.pages.BookstorePage
11:32:56.752 [main] DEBUG net.thucydides.core.reflection.ClassFinder - Could not load class .starter.pages.HomePage
11:32:56.752 [main] DEBUG net.thucydides.core.reflection.ClassFinder - Could not load class .starter.pages.LoginPage
11:32:56.752 [main] DEBUG net.thucydides.core.reflection.ClassFinder - Could not load class .starter.stepdefenitions.BookstoreSteps
11:32:56.752 [main] DEBUG net.thucydides.core.reflection.ClassFinder - Could not load class .starter.stepdefenitions.LoginSteps
11:32:56.901 [main] DEBUG net.serenitybdd.core.webdriver.driverproviders.ProvideNewDriver - Instantiating driver
11:32:56.901 [main] DEBUG net.serenitybdd.core.webdriver.driverproviders.ProvideNewDriver - Driver capabilities: Capabilities {acceptInsecureCerts: false, base.url: https://demoqa.com/, browserName: chrome, chrome.driver: src/test/resources/webdrive..., driver: chrome, goog:chromeOptions: {args: [], extensions: []}}
11:32:57.022 [main] DEBUG io.netty.util.internal.logging.InternalLoggerFactory - Using SLF4J as the default logging framework
11:32:57.027 [main] DEBUG io.netty.util.ResourceLeakDetector - -Dio.netty.leakDetection.level: simple
11:32:57.027 [main] DEBUG io.netty.util.ResourceLeakDetector - -Dio.netty.leakDetection.targetRecords: 4
11:32:57.033 [main] DEBUG io.netty.util.ResourceLeakDetectorFactory - Loaded default ResourceLeakDetector: io.netty.util.ResourceLeakDetector@7fd4e815
11:32:57.070 [main] DEBUG io.netty.util.internal.PlatformDependent0 - -Dio.netty.noUnsafe: false
11:32:57.070 [main] DEBUG io.netty.util.internal.PlatformDependent0 - Java version: 8
11:32:57.072 [main] DEBUG io.netty.util.internal.PlatformDependent0 - sun.misc.Unsafe.theUnsafe: available
11:32:57.073 [main] DEBUG io.netty.util.internal.PlatformDependent0 - sun.misc.Unsafe.copyMemory: available
11:32:57.074 [main] DEBUG io.netty.util.internal.PlatformDependent0 - java.nio.Buffer.address: available
11:32:57.074 [main] DEBUG io.netty.util.internal.PlatformDependent0 - direct buffer constructor: available
11:32:57.076 [main] DEBUG io.netty.util.internal.PlatformDependent0 - java.nio.Bits.unaligned: available, true
11:32:57.076 [main] DEBUG io.netty.util.internal.PlatformDependent0 - jdk.internal.misc.Unsafe.allocateUninitializedArray(int): unavailable prior to Java9
11:32:57.076 [main] DEBUG io.netty.util.internal.PlatformDependent0 - java.nio.DirectByteBuffer.<init>(long, int): available
11:32:57.076 [main] DEBUG io.netty.util.internal.PlatformDependent - sun.misc.Unsafe: available
11:32:57.077 [main] DEBUG io.netty.util.internal.PlatformDependent - -Dio.netty.tmpdir: C:\Users\Admin\AppData\Local\Temp (java.io.tmpdir)
11:32:57.078 [main] DEBUG io.netty.util.internal.PlatformDependent - -Dio.netty.bitMode: 64 (sun.arch.data.model)
11:32:57.078 [main] DEBUG io.netty.util.internal.PlatformDependent - Platform: Windows
11:32:57.079 [main] DEBUG io.netty.util.internal.PlatformDependent - -Dio.netty.maxDirectMemory: 928514048 bytes
11:32:57.080 [main] DEBUG io.netty.util.internal.PlatformDependent - -Dio.netty.uninitializedArrayAllocationThreshold: -1
11:32:57.081 [main] DEBUG io.netty.util.internal.CleanerJava6 - java.nio.ByteBuffer.cleaner(): available
11:32:57.082 [main] DEBUG io.netty.util.internal.PlatformDependent - -Dio.netty.noPreferDirect: false
11:32:57.093 [main] DEBUG io.netty.util.internal.PlatformDependent - org.jctools-core.MpscChunkedArrayQueue: available
11:32:57.121 [main] DEBUG io.netty.util.internal.InternalThreadLocalMap - -Dio.netty.threadLocalMap.stringBuilder.initialSize: 1024
11:32:57.121 [main] DEBUG io.netty.util.internal.InternalThreadLocalMap - -Dio.netty.threadLocalMap.stringBuilder.maxSize: 4096
11:32:57.152 [main] DEBUG io.netty.handler.ssl.JdkSslContext - Default protocols (JDK): [TLSv1.2] 
11:32:57.152 [main] DEBUG io.netty.handler.ssl.JdkSslContext - Default cipher suites (JDK): [TLS_ECDHE_ECDSA_WITH_AES_256_GCM_SHA384, TLS_ECDHE_ECDSA_WITH_AES_128_GCM_SHA256, TLS_ECDHE_RSA_WITH_AES_128_GCM_SHA256, TLS_ECDHE_RSA_WITH_AES_256_GCM_SHA384, TLS_ECDHE_RSA_WITH_AES_128_CBC_SHA, TLS_ECDHE_RSA_WITH_AES_256_CBC_SHA, TLS_RSA_WITH_AES_128_GCM_SHA256, TLS_RSA_WITH_AES_128_CBC_SHA, TLS_RSA_WITH_AES_256_CBC_SHA, TLS_AES_128_GCM_SHA256, TLS_AES_256_GCM_SHA384]
11:32:57.198 [main] DEBUG io.netty.channel.MultithreadEventLoopGroup - -Dio.netty.eventLoopThreads: 8
11:32:57.211 [main] DEBUG io.netty.channel.nio.NioEventLoop - -Dio.netty.noKeySetOptimization: false
11:32:57.212 [main] DEBUG io.netty.channel.nio.NioEventLoop - -Dio.netty.selectorAutoRebuildThreshold: 512
11:32:57.280 [main] DEBUG io.netty.buffer.PooledByteBufAllocator - -Dio.netty.allocator.numHeapArenas: 8
11:32:57.280 [main] DEBUG io.netty.buffer.PooledByteBufAllocator - -Dio.netty.allocator.numDirectArenas: 8
11:32:57.280 [main] DEBUG io.netty.buffer.PooledByteBufAllocator - -Dio.netty.allocator.pageSize: 8192
11:32:57.280 [main] DEBUG io.netty.buffer.PooledByteBufAllocator - -Dio.netty.allocator.maxOrder: 11
11:32:57.280 [main] DEBUG io.netty.buffer.PooledByteBufAllocator - -Dio.netty.allocator.chunkSize: 16777216
11:32:57.280 [main] DEBUG io.netty.buffer.PooledByteBufAllocator - -Dio.netty.allocator.smallCacheSize: 256
11:32:57.280 [main] DEBUG io.netty.buffer.PooledByteBufAllocator - -Dio.netty.allocator.normalCacheSize: 64
11:32:57.280 [main] DEBUG io.netty.buffer.PooledByteBufAllocator - -Dio.netty.allocator.maxCachedBufferCapacity: 32768
11:32:57.281 [main] DEBUG io.netty.buffer.PooledByteBufAllocator - -Dio.netty.allocator.cacheTrimInterval: 8192
11:32:57.281 [main] DEBUG io.netty.buffer.PooledByteBufAllocator - -Dio.netty.allocator.cacheTrimIntervalMillis: 0
11:32:57.281 [main] DEBUG io.netty.buffer.PooledByteBufAllocator - -Dio.netty.allocator.useCacheForAllThreads: true
11:32:57.281 [main] DEBUG io.netty.buffer.PooledByteBufAllocator - -Dio.netty.allocator.maxCachedByteBuffersPerChunk: 1023
11:32:57.299 [main] DEBUG io.netty.buffer.ByteBufUtil - -Dio.netty.allocator.type: pooled
11:32:57.299 [main] DEBUG io.netty.buffer.ByteBufUtil - -Dio.netty.threadLocalDirectBufferSize: 0
11:32:57.299 [main] DEBUG io.netty.buffer.ByteBufUtil - -Dio.netty.maxThreadLocalCharBufferSize: 16384
11:32:58.311 [Forwarding newSession on session null to remote] DEBUG io.netty.channel.DefaultChannelId - -Dio.netty.processId: 7772 (auto-detected)
11:32:58.315 [Forwarding newSession on session null to remote] DEBUG io.netty.util.NetUtil - -Djava.net.preferIPv4Stack: false
11:32:58.315 [Forwarding newSession on session null to remote] DEBUG io.netty.util.NetUtil - -Djava.net.preferIPv6Addresses: false
11:32:58.524 [Forwarding newSession on session null to remote] DEBUG io.netty.util.NetUtilInitializations - Loopback interface: lo (Software Loopback Interface 1, 127.0.0.1)
11:32:58.526 [Forwarding newSession on session null to remote] DEBUG io.netty.util.NetUtil - Failed to get SOMAXCONN from sysctl and file \proc\sys\net\core\somaxconn. Default: 200
11:32:58.717 [Forwarding newSession on session null to remote] DEBUG io.netty.channel.DefaultChannelId - -Dio.netty.machineId: 10:0b:a9:ff:fe:13:bd:20 (auto-detected)
11:32:58.811 [AsyncHttpClient-1-2] DEBUG io.netty.buffer.AbstractByteBuf - -Dio.netty.buffer.checkAccessible: true
11:32:58.811 [AsyncHttpClient-1-2] DEBUG io.netty.buffer.AbstractByteBuf - -Dio.netty.buffer.checkBounds: true
11:32:58.811 [AsyncHttpClient-1-2] DEBUG io.netty.util.ResourceLeakDetectorFactory - Loaded default ResourceLeakDetector: io.netty.util.ResourceLeakDetector@37125b3f
11:32:58.833 [AsyncHttpClient-1-2] DEBUG org.asynchttpclient.netty.channel.NettyConnectListener - Using new Channel '[id: 0x2954b54a, L:/127.0.0.1:58273 - R:localhost/127.0.0.1:63908]' for 'POST' to '/session'
11:32:58.867 [AsyncHttpClient-1-2] DEBUG io.netty.util.Recycler - -Dio.netty.recycler.maxCapacityPerThread: 4096
11:32:58.867 [AsyncHttpClient-1-2] DEBUG io.netty.util.Recycler - -Dio.netty.recycler.ratio: 8
11:32:58.867 [AsyncHttpClient-1-2] DEBUG io.netty.util.Recycler - -Dio.netty.recycler.chunkSize: 32
11:32:58.867 [AsyncHttpClient-1-2] DEBUG io.netty.util.Recycler - -Dio.netty.recycler.blocking: false
11:33:00.459 [AsyncHttpClient-1-2] DEBUG io.netty.handler.codec.compression.Brotli - brotli4j not in the classpath; Brotli support will be unavailable.
11:33:00.460 [AsyncHttpClient-1-2] DEBUG org.asynchttpclient.netty.handler.HttpHandler - 

Request DefaultHttpRequest(decodeResult: success, version: HTTP/1.1)
POST /session HTTP/1.1
User-Agent: selenium/4.1.2 (java windows)
Content-Length: 605
Content-Type: application/json; charset=utf-8
host: localhost:63908
accept: */*

Response DefaultHttpResponse(decodeResult: success, version: HTTP/1.1)
HTTP/1.1 200 OK
Content-Type: application/json; charset=utf-8
cache-control: no-cache
content-length: 791

11:33:00.483 [AsyncHttpClient-1-2] DEBUG org.asynchttpclient.netty.channel.ChannelManager - Adding key: http://localhost:63908 for channel [id: 0x2954b54a, L:/127.0.0.1:58273 - R:localhost/127.0.0.1:63908]
11:33:00.755 [AsyncHttpClient-1-3] DEBUG org.asynchttpclient.netty.channel.NettyConnectListener - Using new Channel '[id: 0xfe1c61bf, L:/127.0.0.1:58282 - R:localhost/127.0.0.1:58274]' for 'GET' to '/json/version'
11:33:00.760 [AsyncHttpClient-1-3] DEBUG org.asynchttpclient.netty.handler.HttpHandler - 

Request DefaultFullHttpRequest(decodeResult: success, version: HTTP/1.1, content: EmptyByteBufBE)
GET /json/version HTTP/1.1
User-Agent: selenium/4.1.2 (java windows)
host: localhost:58274
accept: */*

Response DefaultHttpResponse(decodeResult: success, version: HTTP/1.1)
HTTP/1.1 200 OK
Content-Type: application/json; charset=UTF-8
content-length: 429

11:33:00.761 [AsyncHttpClient-1-3] DEBUG org.asynchttpclient.netty.channel.ChannelManager - Adding key: http://localhost:58274 for channel [id: 0xfe1c61bf, L:/127.0.0.1:58282 - R:localhost/127.0.0.1:58274]
11:33:00.779 [main] DEBUG io.netty.util.internal.ThreadLocalRandom - -Dio.netty.initialSeedUniquifier: 0xee9a30a714bff3af
11:33:00.789 [AsyncHttpClient-1-4] DEBUG org.asynchttpclient.netty.channel.NettyConnectListener - Using new Channel '[id: 0x6c4582c4, L:/127.0.0.1:58283 - R:localhost/127.0.0.1:58274]' for 'GET' to '/devtools/browser/510c1dc0-7b88-4e80-af64-be55e0414f5e'
11:33:00.792 [AsyncHttpClient-1-4] DEBUG org.asynchttpclient.netty.handler.WebSocketHandler - 

Request DefaultFullHttpRequest(decodeResult: success, version: HTTP/1.1, content: EmptyByteBufBE)
GET /devtools/browser/510c1dc0-7b88-4e80-af64-be55e0414f5e HTTP/1.1
upgrade: websocket
connection: upgrade
sec-websocket-key: j0u/f+pOjtq6QpPqGgEwMg==
sec-websocket-version: 13
origin: http://localhost:58274
host: localhost:58274
accept: */*
user-agent: AHC/2.1

Response DefaultHttpResponse(decodeResult: success, version: HTTP/1.1)
HTTP/1.1 101 WebSocket Protocol Handshake
Upgrade: WebSocket
Connection: Upgrade
Sec-WebSocket-Accept: qSjRc1au4cpiDmzoR7WDnBdq03U=

11:33:00.962 [Forwarding setCurrentWindowSize on session 000736bbcdd3f2cea901c63cd69dded0 to remote] DEBUG org.asynchttpclient.netty.request.NettyRequestSender - Using pooled Channel '[id: 0x2954b54a, L:/127.0.0.1:58273 - R:localhost/127.0.0.1:63908]' for 'POST' to 'http://localhost:63908/session/000736bbcdd3f2cea901c63cd69dded0/window/rect'
11:33:00.962 [Forwarding setCurrentWindowSize on session 000736bbcdd3f2cea901c63cd69dded0 to remote] DEBUG org.asynchttpclient.netty.request.NettyRequestSender - Using open Channel [id: 0x2954b54a, L:/127.0.0.1:58273 - R:localhost/127.0.0.1:63908] for POST '/session/000736bbcdd3f2cea901c63cd69dded0/window/rect'
11:33:01.168 [AsyncHttpClient-1-2] DEBUG org.asynchttpclient.netty.handler.HttpHandler - 

Request DefaultHttpRequest(decodeResult: success, version: HTTP/1.1)
POST /session/000736bbcdd3f2cea901c63cd69dded0/window/rect HTTP/1.1
User-Agent: selenium/4.1.2 (java windows)
Content-Length: 37
Content-Type: application/json; charset=utf-8
host: localhost:63908
accept: */*

Response DefaultHttpResponse(decodeResult: success, version: HTTP/1.1)
HTTP/1.1 200 OK
Content-Type: application/json; charset=utf-8
cache-control: no-cache
content-length: 51

11:33:01.169 [AsyncHttpClient-1-2] DEBUG org.asynchttpclient.netty.channel.ChannelManager - Adding key: http://localhost:63908 for channel [id: 0x2954b54a, L:/127.0.0.1:58273 - R:localhost/127.0.0.1:63908]
11:33:01.181 [Forwarding setWindowPosition on session 000736bbcdd3f2cea901c63cd69dded0 to remote] DEBUG org.asynchttpclient.netty.request.NettyRequestSender - Using pooled Channel '[id: 0x2954b54a, L:/127.0.0.1:58273 - R:localhost/127.0.0.1:63908]' for 'POST' to 'http://localhost:63908/session/000736bbcdd3f2cea901c63cd69dded0/window/rect'
11:33:01.181 [Forwarding setWindowPosition on session 000736bbcdd3f2cea901c63cd69dded0 to remote] DEBUG org.asynchttpclient.netty.request.NettyRequestSender - Using open Channel [id: 0x2954b54a, L:/127.0.0.1:58273 - R:localhost/127.0.0.1:63908] for POST '/session/000736bbcdd3f2cea901c63cd69dded0/window/rect'
11:33:01.302 [AsyncHttpClient-1-2] DEBUG org.asynchttpclient.netty.handler.HttpHandler - 

Request DefaultHttpRequest(decodeResult: success, version: HTTP/1.1)
POST /session/000736bbcdd3f2cea901c63cd69dded0/window/rect HTTP/1.1
User-Agent: selenium/4.1.2 (java windows)
Content-Length: 22
Content-Type: application/json; charset=utf-8
host: localhost:63908
accept: */*

Response DefaultHttpResponse(decodeResult: success, version: HTTP/1.1)
HTTP/1.1 200 OK
Content-Type: application/json; charset=utf-8
cache-control: no-cache
content-length: 49

11:33:01.303 [AsyncHttpClient-1-2] DEBUG org.asynchttpclient.netty.channel.ChannelManager - Adding key: http://localhost:63908 for channel [id: 0x2954b54a, L:/127.0.0.1:58273 - R:localhost/127.0.0.1:63908]
11:33:01.518 [AsyncHttpClient-1-1] DEBUG org.asynchttpclient.netty.channel.DefaultChannelPool - Entry count for : http://localhost:58274 : 1
11:33:01.518 [AsyncHttpClient-1-1] DEBUG org.asynchttpclient.netty.channel.DefaultChannelPool - Entry count for : http://localhost:63908 : 1
11:33:01.561 [main] DEBUG net.thucydides.core.reflection.ClassFinder - Could not load class .starter.CucumberTestSuite
11:33:01.561 [main] DEBUG net.thucydides.core.reflection.ClassFinder - Could not load class .starter.pages.BookstorePage
11:33:01.561 [main] DEBUG net.thucydides.core.reflection.ClassFinder - Could not load class .starter.pages.HomePage
11:33:01.561 [main] DEBUG net.thucydides.core.reflection.ClassFinder - Could not load class .starter.pages.LoginPage
11:33:01.561 [main] DEBUG net.thucydides.core.reflection.ClassFinder - Could not load class .starter.stepdefenitions.BookstoreSteps
11:33:01.562 [main] DEBUG net.thucydides.core.reflection.ClassFinder - Could not load class .starter.stepdefenitions.LoginSteps
11:33:01.566 [Forwarding get on session 000736bbcdd3f2cea901c63cd69dded0 to remote] DEBUG org.asynchttpclient.netty.request.NettyRequestSender - Using pooled Channel '[id: 0x2954b54a, L:/127.0.0.1:58273 - R:localhost/127.0.0.1:63908]' for 'POST' to 'http://localhost:63908/session/000736bbcdd3f2cea901c63cd69dded0/url'
11:33:01.566 [Forwarding get on session 000736bbcdd3f2cea901c63cd69dded0 to remote] DEBUG org.asynchttpclient.netty.request.NettyRequestSender - Using open Channel [id: 0x2954b54a, L:/127.0.0.1:58273 - R:localhost/127.0.0.1:63908] for POST '/session/000736bbcdd3f2cea901c63cd69dded0/url'
11:33:02.615 [AsyncHttpClient-1-1] DEBUG org.asynchttpclient.netty.channel.DefaultChannelPool - Entry count for : http://localhost:58274 : 1
11:33:03.701 [AsyncHttpClient-1-1] DEBUG org.asynchttpclient.netty.channel.DefaultChannelPool - Entry count for : http://localhost:58274 : 1
11:33:04.801 [AsyncHttpClient-1-1] DEBUG org.asynchttpclient.netty.channel.DefaultChannelPool - Entry count for : http://localhost:58274 : 1
11:33:05.901 [AsyncHttpClient-1-1] DEBUG org.asynchttpclient.netty.channel.DefaultChannelPool - Entry count for : http://localhost:58274 : 1
11:33:07.005 [AsyncHttpClient-1-1] DEBUG org.asynchttpclient.netty.channel.DefaultChannelPool - Entry count for : http://localhost:58274 : 1
11:33:07.317 [AsyncHttpClient-1-2] DEBUG org.asynchttpclient.netty.handler.HttpHandler - 

Request DefaultHttpRequest(decodeResult: success, version: HTTP/1.1)
POST /session/000736bbcdd3f2cea901c63cd69dded0/url HTTP/1.1
User-Agent: selenium/4.1.2 (java windows)
Content-Length: 49
Content-Type: application/json; charset=utf-8
host: localhost:63908
accept: */*

Response DefaultHttpResponse(decodeResult: success, version: HTTP/1.1)
HTTP/1.1 200 OK
Content-Type: application/json; charset=utf-8
cache-control: no-cache
content-length: 14

11:33:07.318 [AsyncHttpClient-1-2] DEBUG org.asynchttpclient.netty.channel.ChannelManager - Adding key: http://localhost:63908 for channel [id: 0x2954b54a, L:/127.0.0.1:58273 - R:localhost/127.0.0.1:63908]
11:33:07.325 [Forwarding setTimeout on session 000736bbcdd3f2cea901c63cd69dded0 to remote] DEBUG org.asynchttpclient.netty.request.NettyRequestSender - Using pooled Channel '[id: 0x2954b54a, L:/127.0.0.1:58273 - R:localhost/127.0.0.1:63908]' for 'POST' to 'http://localhost:63908/session/000736bbcdd3f2cea901c63cd69dded0/timeouts'
11:33:07.325 [Forwarding setTimeout on session 000736bbcdd3f2cea901c63cd69dded0 to remote] DEBUG org.asynchttpclient.netty.request.NettyRequestSender - Using open Channel [id: 0x2954b54a, L:/127.0.0.1:58273 - R:localhost/127.0.0.1:63908] for POST '/session/000736bbcdd3f2cea901c63cd69dded0/timeouts'
11:33:07.328 [AsyncHttpClient-1-2] DEBUG org.asynchttpclient.netty.handler.HttpHandler - 

Request DefaultHttpRequest(decodeResult: success, version: HTTP/1.1)
POST /session/000736bbcdd3f2cea901c63cd69dded0/timeouts HTTP/1.1
User-Agent: selenium/4.1.2 (java windows)
Content-Length: 22
Content-Type: application/json; charset=utf-8
host: localhost:63908
accept: */*

Response DefaultHttpResponse(decodeResult: success, version: HTTP/1.1)
HTTP/1.1 200 OK
Content-Type: application/json; charset=utf-8
cache-control: no-cache
content-length: 14

11:33:07.328 [AsyncHttpClient-1-2] DEBUG org.asynchttpclient.netty.channel.ChannelManager - Adding key: http://localhost:63908 for channel [id: 0x2954b54a, L:/127.0.0.1:58273 - R:localhost/127.0.0.1:63908]
11:33:07.345 [Forwarding getCurrentUrl on session 000736bbcdd3f2cea901c63cd69dded0 to remote] DEBUG org.asynchttpclient.netty.request.NettyRequestSender - Using pooled Channel '[id: 0x2954b54a, L:/127.0.0.1:58273 - R:localhost/127.0.0.1:63908]' for 'GET' to 'http://localhost:63908/session/000736bbcdd3f2cea901c63cd69dded0/url'
11:33:07.345 [Forwarding getCurrentUrl on session 000736bbcdd3f2cea901c63cd69dded0 to remote] DEBUG org.asynchttpclient.netty.request.NettyRequestSender - Using open Channel [id: 0x2954b54a, L:/127.0.0.1:58273 - R:localhost/127.0.0.1:63908] for GET '/session/000736bbcdd3f2cea901c63cd69dded0/url'
11:33:07.424 [AsyncHttpClient-1-2] DEBUG org.asynchttpclient.netty.handler.HttpHandler - 

Request DefaultFullHttpRequest(decodeResult: success, version: HTTP/1.1, content: EmptyByteBufBE)
GET /session/000736bbcdd3f2cea901c63cd69dded0/url HTTP/1.1
User-Agent: selenium/4.1.2 (java windows)
Cache-Control: no-cache
Content-Type: application/json; charset=utf-8
host: localhost:63908
accept: */*

Response DefaultHttpResponse(decodeResult: success, version: HTTP/1.1)
HTTP/1.1 200 OK
Content-Type: application/json; charset=utf-8
cache-control: no-cache
content-length: 31

11:33:07.425 [AsyncHttpClient-1-2] DEBUG org.asynchttpclient.netty.channel.ChannelManager - Adding key: http://localhost:63908 for channel [id: 0x2954b54a, L:/127.0.0.1:58273 - R:localhost/127.0.0.1:63908]
11:33:07.443 [Forwarding getCurrentUrl on session 000736bbcdd3f2cea901c63cd69dded0 to remote] DEBUG org.asynchttpclient.netty.request.NettyRequestSender - Using pooled Channel '[id: 0x2954b54a, L:/127.0.0.1:58273 - R:localhost/127.0.0.1:63908]' for 'GET' to 'http://localhost:63908/session/000736bbcdd3f2cea901c63cd69dded0/url'
11:33:07.444 [Forwarding getCurrentUrl on session 000736bbcdd3f2cea901c63cd69dded0 to remote] DEBUG org.asynchttpclient.netty.request.NettyRequestSender - Using open Channel [id: 0x2954b54a, L:/127.0.0.1:58273 - R:localhost/127.0.0.1:63908] for GET '/session/000736bbcdd3f2cea901c63cd69dded0/url'
11:33:07.451 [AsyncHttpClient-1-2] DEBUG org.asynchttpclient.netty.handler.HttpHandler - 

Request DefaultFullHttpRequest(decodeResult: success, version: HTTP/1.1, content: EmptyByteBufBE)
GET /session/000736bbcdd3f2cea901c63cd69dded0/url HTTP/1.1
User-Agent: selenium/4.1.2 (java windows)
Cache-Control: no-cache
Content-Type: application/json; charset=utf-8
host: localhost:63908
accept: */*

Response DefaultHttpResponse(decodeResult: success, version: HTTP/1.1)
HTTP/1.1 200 OK
Content-Type: application/json; charset=utf-8
cache-control: no-cache
content-length: 31

11:33:07.452 [AsyncHttpClient-1-2] DEBUG org.asynchttpclient.netty.channel.ChannelManager - Adding key: http://localhost:63908 for channel [id: 0x2954b54a, L:/127.0.0.1:58273 - R:localhost/127.0.0.1:63908]
11:33:07.490 [main] DEBUG net.serenitybdd.core.photography.Darkroom - Opening darkroom
11:33:07.491 [Darkroom Processing Line] DEBUG net.serenitybdd.core.photography.DarkroomProcessingLine - Darkroom processing line starting up
11:33:07.495 [Forwarding screenshot on session 000736bbcdd3f2cea901c63cd69dded0 to remote] DEBUG org.asynchttpclient.netty.request.NettyRequestSender - Using pooled Channel '[id: 0x2954b54a, L:/127.0.0.1:58273 - R:localhost/127.0.0.1:63908]' for 'GET' to 'http://localhost:63908/session/000736bbcdd3f2cea901c63cd69dded0/screenshot'
11:33:07.495 [Forwarding screenshot on session 000736bbcdd3f2cea901c63cd69dded0 to remote] DEBUG org.asynchttpclient.netty.request.NettyRequestSender - Using open Channel [id: 0x2954b54a, L:/127.0.0.1:58273 - R:localhost/127.0.0.1:63908] for GET '/session/000736bbcdd3f2cea901c63cd69dded0/screenshot'
11:33:07.684 [AsyncHttpClient-1-2] DEBUG org.asynchttpclient.netty.handler.HttpHandler - 

Request DefaultFullHttpRequest(decodeResult: success, version: HTTP/1.1, content: EmptyByteBufBE)
GET /session/000736bbcdd3f2cea901c63cd69dded0/screenshot HTTP/1.1
User-Agent: selenium/4.1.2 (java windows)
Cache-Control: no-cache
Content-Type: application/json; charset=utf-8
host: localhost:63908
accept: */*

Response DefaultHttpResponse(decodeResult: success, version: HTTP/1.1)
HTTP/1.1 200 OK
Content-Type: application/json; charset=utf-8
cache-control: no-cache
content-length: 129784

11:33:07.688 [AsyncHttpClient-1-2] DEBUG org.asynchttpclient.netty.channel.ChannelManager - Adding key: http://localhost:63908 for channel [id: 0x2954b54a, L:/127.0.0.1:58273 - R:localhost/127.0.0.1:63908]
11:33:08.101 [AsyncHttpClient-1-1] DEBUG org.asynchttpclient.netty.channel.DefaultChannelPool - Entry count for : http://localhost:58274 : 1
11:33:08.102 [AsyncHttpClient-1-1] DEBUG org.asynchttpclient.netty.channel.DefaultChannelPool - Entry count for : http://localhost:63908 : 1
11:33:08.352 [main] DEBUG net.serenitybdd.core.photography.Darkroom - Send negative for processing for target\site\serenity\60d16177a905c8bd49cf659e69a73827967715ae655e2e02bfeac246a2cfbf75.png
11:33:08.354 [Darkroom Processing Line] DEBUG net.serenitybdd.core.photography.DarkroomProcessingLine - Processing screenshot image in /var/screenshots/screenshot-3020313903196186165
11:33:08.354 [Darkroom Processing Line] DEBUG net.serenitybdd.core.photography.DarkroomProcessingLine - Saving screenshot to target\site\serenity\60d16177a905c8bd49cf659e69a73827967715ae655e2e02bfeac246a2cfbf75.png
11:33:08.371 [main] DEBUG net.thucydides.core.steps.StepInterceptor - STEP DONE: openPage
11:33:08.397 [main] DEBUG net.thucydides.core.steps.StepInterceptor - STARTING STEP: BookstoreSteps.onBookstorePage - validationHomePage
11:33:08.408 [Forwarding findElement on session 000736bbcdd3f2cea901c63cd69dded0 to remote] DEBUG org.asynchttpclient.netty.request.NettyRequestSender - Using pooled Channel '[id: 0x2954b54a, L:/127.0.0.1:58273 - R:localhost/127.0.0.1:63908]' for 'POST' to 'http://localhost:63908/session/000736bbcdd3f2cea901c63cd69dded0/element'
11:33:08.409 [Forwarding findElement on session 000736bbcdd3f2cea901c63cd69dded0 to remote] DEBUG org.asynchttpclient.netty.request.NettyRequestSender - Using open Channel [id: 0x2954b54a, L:/127.0.0.1:58273 - R:localhost/127.0.0.1:63908] for POST '/session/000736bbcdd3f2cea901c63cd69dded0/element'
11:33:08.464 [AsyncHttpClient-1-2] DEBUG org.asynchttpclient.netty.handler.HttpHandler - 

Request DefaultHttpRequest(decodeResult: success, version: HTTP/1.1)
POST /session/000736bbcdd3f2cea901c63cd69dded0/element HTTP/1.1
User-Agent: selenium/4.1.2 (java windows)
Content-Length: 48
Content-Type: application/json; charset=utf-8
host: localhost:63908
accept: */*

Response DefaultHttpResponse(decodeResult: success, version: HTTP/1.1)
HTTP/1.1 400 Bad Request
Content-Type: application/json; charset=utf-8
cache-control: no-cache
content-length: 958

11:33:08.466 [AsyncHttpClient-1-2] DEBUG org.asynchttpclient.netty.channel.ChannelManager - Adding key: http://localhost:63908 for channel [id: 0x2954b54a, L:/127.0.0.1:58273 - R:localhost/127.0.0.1:63908]
11:33:08.502 [Forwarding findElement on session 000736bbcdd3f2cea901c63cd69dded0 to remote] DEBUG org.asynchttpclient.netty.request.NettyRequestSender - Using pooled Channel '[id: 0x2954b54a, L:/127.0.0.1:58273 - R:localhost/127.0.0.1:63908]' for 'POST' to 'http://localhost:63908/session/000736bbcdd3f2cea901c63cd69dded0/element'
11:33:08.503 [Forwarding findElement on session 000736bbcdd3f2cea901c63cd69dded0 to remote] DEBUG org.asynchttpclient.netty.request.NettyRequestSender - Using open Channel [id: 0x2954b54a, L:/127.0.0.1:58273 - R:localhost/127.0.0.1:63908] for POST '/session/000736bbcdd3f2cea901c63cd69dded0/element'
11:33:08.528 [AsyncHttpClient-1-2] DEBUG org.asynchttpclient.netty.handler.HttpHandler - 

Request DefaultHttpRequest(decodeResult: success, version: HTTP/1.1)
POST /session/000736bbcdd3f2cea901c63cd69dded0/element HTTP/1.1
User-Agent: selenium/4.1.2 (java windows)
Content-Length: 58
Content-Type: application/json; charset=utf-8
host: localhost:63908
accept: */*

Response DefaultHttpResponse(decodeResult: success, version: HTTP/1.1)
HTTP/1.1 200 OK
Content-Type: application/json; charset=utf-8
cache-control: no-cache
content-length: 88

11:33:08.529 [AsyncHttpClient-1-2] DEBUG org.asynchttpclient.netty.channel.ChannelManager - Adding key: http://localhost:63908 for channel [id: 0x2954b54a, L:/127.0.0.1:58273 - R:localhost/127.0.0.1:63908]
11:33:08.685 [Forwarding isElementDisplayed on session 000736bbcdd3f2cea901c63cd69dded0 to remote] DEBUG org.asynchttpclient.netty.request.NettyRequestSender - Using pooled Channel '[id: 0x2954b54a, L:/127.0.0.1:58273 - R:localhost/127.0.0.1:63908]' for 'POST' to 'http://localhost:63908/session/000736bbcdd3f2cea901c63cd69dded0/execute/sync'
11:33:08.686 [Forwarding isElementDisplayed on session 000736bbcdd3f2cea901c63cd69dded0 to remote] DEBUG org.asynchttpclient.netty.request.NettyRequestSender - Using open Channel [id: 0x2954b54a, L:/127.0.0.1:58273 - R:localhost/127.0.0.1:63908] for POST '/session/000736bbcdd3f2cea901c63cd69dded0/execute/sync'
11:33:08.717 [AsyncHttpClient-1-2] DEBUG org.asynchttpclient.netty.handler.HttpHandler - 

Request DefaultHttpRequest(decodeResult: success, version: HTTP/1.1)
POST /session/000736bbcdd3f2cea901c63cd69dded0/execute/sync HTTP/1.1
User-Agent: selenium/4.1.2 (java windows)
Content-Length: 48780
Content-Type: application/json; charset=utf-8
host: localhost:63908
accept: */*

Response DefaultHttpResponse(decodeResult: success, version: HTTP/1.1)
HTTP/1.1 200 OK
Content-Type: application/json; charset=utf-8
cache-control: no-cache
content-length: 14

11:33:08.718 [AsyncHttpClient-1-2] DEBUG org.asynchttpclient.netty.channel.ChannelManager - Adding key: http://localhost:63908 for channel [id: 0x2954b54a, L:/127.0.0.1:58273 - R:localhost/127.0.0.1:63908]
11:33:08.734 [Forwarding screenshot on session 000736bbcdd3f2cea901c63cd69dded0 to remote] DEBUG org.asynchttpclient.netty.request.NettyRequestSender - Using pooled Channel '[id: 0x2954b54a, L:/127.0.0.1:58273 - R:localhost/127.0.0.1:63908]' for 'GET' to 'http://localhost:63908/session/000736bbcdd3f2cea901c63cd69dded0/screenshot'
11:33:08.734 [Forwarding screenshot on session 000736bbcdd3f2cea901c63cd69dded0 to remote] DEBUG org.asynchttpclient.netty.request.NettyRequestSender - Using open Channel [id: 0x2954b54a, L:/127.0.0.1:58273 - R:localhost/127.0.0.1:63908] for GET '/session/000736bbcdd3f2cea901c63cd69dded0/screenshot'
11:33:08.954 [AsyncHttpClient-1-2] DEBUG org.asynchttpclient.netty.handler.HttpHandler - 

Request DefaultFullHttpRequest(decodeResult: success, version: HTTP/1.1, content: EmptyByteBufBE)
GET /session/000736bbcdd3f2cea901c63cd69dded0/screenshot HTTP/1.1
User-Agent: selenium/4.1.2 (java windows)
Cache-Control: no-cache
Content-Type: application/json; charset=utf-8
host: localhost:63908
accept: */*

Response DefaultHttpResponse(decodeResult: success, version: HTTP/1.1)
HTTP/1.1 200 OK
Content-Type: application/json; charset=utf-8
cache-control: no-cache
content-length: 159312

11:33:08.958 [AsyncHttpClient-1-2] DEBUG org.asynchttpclient.netty.channel.ChannelManager - Adding key: http://localhost:63908 for channel [id: 0x2954b54a, L:/127.0.0.1:58273 - R:localhost/127.0.0.1:63908]
11:33:08.978 [main] DEBUG net.serenitybdd.core.photography.Darkroom - Send negative for processing for target\site\serenity\63ee6ce2c99fd2c61e641d4321bbd922d30710d1fe063889db47ef8d07f758e3.png
11:33:08.979 [Darkroom Processing Line] DEBUG net.serenitybdd.core.photography.DarkroomProcessingLine - Processing screenshot image in /var/screenshots/screenshot-4099332089698193342
11:33:08.979 [main] DEBUG net.thucydides.core.steps.StepInterceptor - STEP DONE: validationHomePage
11:33:08.979 [Darkroom Processing Line] DEBUG net.serenitybdd.core.photography.DarkroomProcessingLine - Saving screenshot to target\site\serenity\63ee6ce2c99fd2c61e641d4321bbd922d30710d1fe063889db47ef8d07f758e3.png
  &amp#27;[32mGiven &amp#27;[0m&amp#27;[32mi am on the home page&amp#27;[0m                     &amp#27;[90m# starter.stepdefenitions.BookstoreSteps.onBookstorePage()&amp#27;[0m
11:33:09.024 [main] DEBUG net.thucydides.core.steps.StepInterceptor - STARTING STEP: BookstoreSteps.clickFeatureBookstore - clickFeatureBookstore
11:33:09.039 [Forwarding findElement on session 000736bbcdd3f2cea901c63cd69dded0 to remote] DEBUG org.asynchttpclient.netty.request.NettyRequestSender - Using pooled Channel '[id: 0x2954b54a, L:/127.0.0.1:58273 - R:localhost/127.0.0.1:63908]' for 'POST' to 'http://localhost:63908/session/000736bbcdd3f2cea901c63cd69dded0/element'
11:33:09.040 [Forwarding findElement on session 000736bbcdd3f2cea901c63cd69dded0 to remote] DEBUG org.asynchttpclient.netty.request.NettyRequestSender - Using open Channel [id: 0x2954b54a, L:/127.0.0.1:58273 - R:localhost/127.0.0.1:63908] for POST '/session/000736bbcdd3f2cea901c63cd69dded0/element'
11:33:09.056 [AsyncHttpClient-1-2] DEBUG org.asynchttpclient.netty.handler.HttpHandler - 

Request DefaultHttpRequest(decodeResult: success, version: HTTP/1.1)
POST /session/000736bbcdd3f2cea901c63cd69dded0/element HTTP/1.1
User-Agent: selenium/4.1.2 (java windows)
Content-Length: 86
Content-Type: application/json; charset=utf-8
host: localhost:63908
accept: */*

Response DefaultHttpResponse(decodeResult: success, version: HTTP/1.1)
HTTP/1.1 200 OK
Content-Type: application/json; charset=utf-8
cache-control: no-cache
content-length: 88

11:33:09.056 [AsyncHttpClient-1-2] DEBUG org.asynchttpclient.netty.channel.ChannelManager - Adding key: http://localhost:63908 for channel [id: 0x2954b54a, L:/127.0.0.1:58273 - R:localhost/127.0.0.1:63908]
11:33:09.061 [Forwarding getElementTagName on session 000736bbcdd3f2cea901c63cd69dded0 to remote] DEBUG org.asynchttpclient.netty.request.NettyRequestSender - Using pooled Channel '[id: 0x2954b54a, L:/127.0.0.1:58273 - R:localhost/127.0.0.1:63908]' for 'GET' to 'http://localhost:63908/session/000736bbcdd3f2cea901c63cd69dded0/element/356031ff-6144-45f3-b1ce-89446b5c4d65/name'
11:33:09.062 [Forwarding getElementTagName on session 000736bbcdd3f2cea901c63cd69dded0 to remote] DEBUG org.asynchttpclient.netty.request.NettyRequestSender - Using open Channel [id: 0x2954b54a, L:/127.0.0.1:58273 - R:localhost/127.0.0.1:63908] for GET '/session/000736bbcdd3f2cea901c63cd69dded0/element/356031ff-6144-45f3-b1ce-89446b5c4d65/name'
11:33:09.070 [AsyncHttpClient-1-2] DEBUG org.asynchttpclient.netty.handler.HttpHandler - 

Request DefaultFullHttpRequest(decodeResult: success, version: HTTP/1.1, content: EmptyByteBufBE)
GET /session/000736bbcdd3f2cea901c63cd69dded0/element/356031ff-6144-45f3-b1ce-89446b5c4d65/name HTTP/1.1
User-Agent: selenium/4.1.2 (java windows)
Cache-Control: no-cache
Content-Type: application/json; charset=utf-8
host: localhost:63908
accept: */*

Response DefaultHttpResponse(decodeResult: success, version: HTTP/1.1)
HTTP/1.1 200 OK
Content-Type: application/json; charset=utf-8
cache-control: no-cache
content-length: 15

11:33:09.071 [AsyncHttpClient-1-2] DEBUG org.asynchttpclient.netty.channel.ChannelManager - Adding key: http://localhost:63908 for channel [id: 0x2954b54a, L:/127.0.0.1:58273 - R:localhost/127.0.0.1:63908]
11:33:09.075 [Forwarding getElementTagName on session 000736bbcdd3f2cea901c63cd69dded0 to remote] DEBUG org.asynchttpclient.netty.request.NettyRequestSender - Using pooled Channel '[id: 0x2954b54a, L:/127.0.0.1:58273 - R:localhost/127.0.0.1:63908]' for 'GET' to 'http://localhost:63908/session/000736bbcdd3f2cea901c63cd69dded0/element/356031ff-6144-45f3-b1ce-89446b5c4d65/name'
11:33:09.075 [Forwarding getElementTagName on session 000736bbcdd3f2cea901c63cd69dded0 to remote] DEBUG org.asynchttpclient.netty.request.NettyRequestSender - Using open Channel [id: 0x2954b54a, L:/127.0.0.1:58273 - R:localhost/127.0.0.1:63908] for GET '/session/000736bbcdd3f2cea901c63cd69dded0/element/356031ff-6144-45f3-b1ce-89446b5c4d65/name'
11:33:09.080 [AsyncHttpClient-1-2] DEBUG org.asynchttpclient.netty.handler.HttpHandler - 

Request DefaultFullHttpRequest(decodeResult: success, version: HTTP/1.1, content: EmptyByteBufBE)
GET /session/000736bbcdd3f2cea901c63cd69dded0/element/356031ff-6144-45f3-b1ce-89446b5c4d65/name HTTP/1.1
User-Agent: selenium/4.1.2 (java windows)
Cache-Control: no-cache
Content-Type: application/json; charset=utf-8
host: localhost:63908
accept: */*

Response DefaultHttpResponse(decodeResult: success, version: HTTP/1.1)
HTTP/1.1 200 OK
Content-Type: application/json; charset=utf-8
cache-control: no-cache
content-length: 15

11:33:09.081 [AsyncHttpClient-1-2] DEBUG org.asynchttpclient.netty.channel.ChannelManager - Adding key: http://localhost:63908 for channel [id: 0x2954b54a, L:/127.0.0.1:58273 - R:localhost/127.0.0.1:63908]
11:33:09.086 [Forwarding findElement on session 000736bbcdd3f2cea901c63cd69dded0 to remote] DEBUG org.asynchttpclient.netty.request.NettyRequestSender - Using pooled Channel '[id: 0x2954b54a, L:/127.0.0.1:58273 - R:localhost/127.0.0.1:63908]' for 'POST' to 'http://localhost:63908/session/000736bbcdd3f2cea901c63cd69dded0/element'
11:33:09.086 [Forwarding findElement on session 000736bbcdd3f2cea901c63cd69dded0 to remote] DEBUG org.asynchttpclient.netty.request.NettyRequestSender - Using open Channel [id: 0x2954b54a, L:/127.0.0.1:58273 - R:localhost/127.0.0.1:63908] for POST '/session/000736bbcdd3f2cea901c63cd69dded0/element'
11:33:09.097 [AsyncHttpClient-1-2] DEBUG org.asynchttpclient.netty.handler.HttpHandler - 

Request DefaultHttpRequest(decodeResult: success, version: HTTP/1.1)
POST /session/000736bbcdd3f2cea901c63cd69dded0/element HTTP/1.1
User-Agent: selenium/4.1.2 (java windows)
Content-Length: 86
Content-Type: application/json; charset=utf-8
host: localhost:63908
accept: */*

Response DefaultHttpResponse(decodeResult: success, version: HTTP/1.1)
HTTP/1.1 200 OK
Content-Type: application/json; charset=utf-8
cache-control: no-cache
content-length: 88

11:33:09.098 [AsyncHttpClient-1-2] DEBUG org.asynchttpclient.netty.channel.ChannelManager - Adding key: http://localhost:63908 for channel [id: 0x2954b54a, L:/127.0.0.1:58273 - R:localhost/127.0.0.1:63908]
11:33:09.101 [Forwarding clickElement on session 000736bbcdd3f2cea901c63cd69dded0 to remote] DEBUG org.asynchttpclient.netty.request.NettyRequestSender - Using pooled Channel '[id: 0x2954b54a, L:/127.0.0.1:58273 - R:localhost/127.0.0.1:63908]' for 'POST' to 'http://localhost:63908/session/000736bbcdd3f2cea901c63cd69dded0/element/356031ff-6144-45f3-b1ce-89446b5c4d65/click'
11:33:09.102 [Forwarding clickElement on session 000736bbcdd3f2cea901c63cd69dded0 to remote] DEBUG org.asynchttpclient.netty.request.NettyRequestSender - Using open Channel [id: 0x2954b54a, L:/127.0.0.1:58273 - R:localhost/127.0.0.1:63908] for POST '/session/000736bbcdd3f2cea901c63cd69dded0/element/356031ff-6144-45f3-b1ce-89446b5c4d65/click'
11:33:09.207 [AsyncHttpClient-1-1] DEBUG org.asynchttpclient.netty.channel.DefaultChannelPool - Entry count for : http://localhost:58274 : 1
11:33:09.281 [AsyncHttpClient-1-2] DEBUG org.asynchttpclient.netty.handler.HttpHandler - 

Request DefaultHttpRequest(decodeResult: success, version: HTTP/1.1)
POST /session/000736bbcdd3f2cea901c63cd69dded0/element/356031ff-6144-45f3-b1ce-89446b5c4d65/click HTTP/1.1
User-Agent: selenium/4.1.2 (java windows)
Content-Length: 50
Content-Type: application/json; charset=utf-8
host: localhost:63908
accept: */*

Response DefaultHttpResponse(decodeResult: success, version: HTTP/1.1)
HTTP/1.1 200 OK
Content-Type: application/json; charset=utf-8
cache-control: no-cache
content-length: 14

11:33:09.281 [AsyncHttpClient-1-2] DEBUG org.asynchttpclient.netty.channel.ChannelManager - Adding key: http://localhost:63908 for channel [id: 0x2954b54a, L:/127.0.0.1:58273 - R:localhost/127.0.0.1:63908]
11:33:09.307 [Forwarding screenshot on session 000736bbcdd3f2cea901c63cd69dded0 to remote] DEBUG org.asynchttpclient.netty.request.NettyRequestSender - Using pooled Channel '[id: 0x2954b54a, L:/127.0.0.1:58273 - R:localhost/127.0.0.1:63908]' for 'GET' to 'http://localhost:63908/session/000736bbcdd3f2cea901c63cd69dded0/screenshot'
11:33:09.308 [Forwarding screenshot on session 000736bbcdd3f2cea901c63cd69dded0 to remote] DEBUG org.asynchttpclient.netty.request.NettyRequestSender - Using open Channel [id: 0x2954b54a, L:/127.0.0.1:58273 - R:localhost/127.0.0.1:63908] for GET '/session/000736bbcdd3f2cea901c63cd69dded0/screenshot'
11:33:09.496 [AsyncHttpClient-1-2] DEBUG org.asynchttpclient.netty.handler.HttpHandler - 

Request DefaultFullHttpRequest(decodeResult: success, version: HTTP/1.1, content: EmptyByteBufBE)
GET /session/000736bbcdd3f2cea901c63cd69dded0/screenshot HTTP/1.1
User-Agent: selenium/4.1.2 (java windows)
Cache-Control: no-cache
Content-Type: application/json; charset=utf-8
host: localhost:63908
accept: */*

Response DefaultHttpResponse(decodeResult: success, version: HTTP/1.1)
HTTP/1.1 200 OK
Content-Type: application/json; charset=utf-8
cache-control: no-cache
content-length: 78968

11:33:09.497 [AsyncHttpClient-1-2] DEBUG org.asynchttpclient.netty.channel.ChannelManager - Adding key: http://localhost:63908 for channel [id: 0x2954b54a, L:/127.0.0.1:58273 - R:localhost/127.0.0.1:63908]
11:33:09.513 [main] DEBUG net.serenitybdd.core.photography.Darkroom - Send negative for processing for target\site\serenity\13377c7570b508fde74c38764f7bc4058b33e754fab122df4b91d96b098d5426.png
11:33:09.514 [Darkroom Processing Line] DEBUG net.serenitybdd.core.photography.DarkroomProcessingLine - Processing screenshot image in /var/screenshots/screenshot-7252245289649024095
11:33:09.514 [main] DEBUG net.thucydides.core.steps.StepInterceptor - STEP DONE: clickFeatureBookstore
11:33:09.514 [Darkroom Processing Line] DEBUG net.serenitybdd.core.photography.DarkroomProcessingLine - Saving screenshot to target\site\serenity\13377c7570b508fde74c38764f7bc4058b33e754fab122df4b91d96b098d5426.png
  &amp#27;[32mWhen &amp#27;[0m&amp#27;[32mi click feature bookstore&amp#27;[0m                  &amp#27;[90m# starter.stepdefenitions.BookstoreSteps.clickFeatureBookstore()&amp#27;[0m
11:33:09.733 [Forwarding screenshot on session 000736bbcdd3f2cea901c63cd69dded0 to remote] DEBUG org.asynchttpclient.netty.request.NettyRequestSender - Using pooled Channel '[id: 0x2954b54a, L:/127.0.0.1:58273 - R:localhost/127.0.0.1:63908]' for 'GET' to 'http://localhost:63908/session/000736bbcdd3f2cea901c63cd69dded0/screenshot'
11:33:09.734 [Forwarding screenshot on session 000736bbcdd3f2cea901c63cd69dded0 to remote] DEBUG org.asynchttpclient.netty.request.NettyRequestSender - Using open Channel [id: 0x2954b54a, L:/127.0.0.1:58273 - R:localhost/127.0.0.1:63908] for GET '/session/000736bbcdd3f2cea901c63cd69dded0/screenshot'
11:33:09.899 [AsyncHttpClient-1-2] DEBUG org.asynchttpclient.netty.handler.HttpHandler - 

Request DefaultFullHttpRequest(decodeResult: success, version: HTTP/1.1, content: EmptyByteBufBE)
GET /session/000736bbcdd3f2cea901c63cd69dded0/screenshot HTTP/1.1
User-Agent: selenium/4.1.2 (java windows)
Cache-Control: no-cache
Content-Type: application/json; charset=utf-8
host: localhost:63908
accept: */*

Response DefaultHttpResponse(decodeResult: success, version: HTTP/1.1)
HTTP/1.1 200 OK
Content-Type: application/json; charset=utf-8
cache-control: no-cache
content-length: 150368

11:33:09.902 [AsyncHttpClient-1-2] DEBUG org.asynchttpclient.netty.channel.ChannelManager - Adding key: http://localhost:63908 for channel [id: 0x2954b54a, L:/127.0.0.1:58273 - R:localhost/127.0.0.1:63908]
11:33:09.910 [main] DEBUG net.serenitybdd.core.photography.Darkroom - Send negative for processing for target\site\serenity\973402dbc114383f5196d77daba7bfc34a40f73824b904e79ba2bfad6e67b932.png
11:33:09.910 [Darkroom Processing Line] DEBUG net.serenitybdd.core.photography.DarkroomProcessingLine - Processing screenshot image in /var/screenshots/screenshot-1588653914634120682
11:33:09.910 [Darkroom Processing Line] DEBUG net.serenitybdd.core.photography.DarkroomProcessingLine - Saving screenshot to target\site\serenity\973402dbc114383f5196d77daba7bfc34a40f73824b904e79ba2bfad6e67b932.png
11:33:09.910 [main] DEBUG net.thucydides.core.steps.StepInterceptor - STARTING STEP: LoginSteps.clickLoginButtonInBookstore - clickLoginButtonOnBookstore
11:33:09.917 [Forwarding findElement on session 000736bbcdd3f2cea901c63cd69dded0 to remote] DEBUG org.asynchttpclient.netty.request.NettyRequestSender - Using pooled Channel '[id: 0x2954b54a, L:/127.0.0.1:58273 - R:localhost/127.0.0.1:63908]' for 'POST' to 'http://localhost:63908/session/000736bbcdd3f2cea901c63cd69dded0/element'
11:33:09.918 [Forwarding findElement on session 000736bbcdd3f2cea901c63cd69dded0 to remote] DEBUG org.asynchttpclient.netty.request.NettyRequestSender - Using open Channel [id: 0x2954b54a, L:/127.0.0.1:58273 - R:localhost/127.0.0.1:63908] for POST '/session/000736bbcdd3f2cea901c63cd69dded0/element'
11:33:10.264 [AsyncHttpClient-1-2] DEBUG org.asynchttpclient.netty.handler.HttpHandler - 

Request DefaultHttpRequest(decodeResult: success, version: HTTP/1.1)
POST /session/000736bbcdd3f2cea901c63cd69dded0/element HTTP/1.1
User-Agent: selenium/4.1.2 (java windows)
Content-Length: 68
Content-Type: application/json; charset=utf-8
host: localhost:63908
accept: */*

Response DefaultHttpResponse(decodeResult: success, version: HTTP/1.1)
HTTP/1.1 200 OK
Content-Type: application/json; charset=utf-8
cache-control: no-cache
content-length: 88

11:33:10.264 [AsyncHttpClient-1-2] DEBUG org.asynchttpclient.netty.channel.ChannelManager - Adding key: http://localhost:63908 for channel [id: 0x2954b54a, L:/127.0.0.1:58273 - R:localhost/127.0.0.1:63908]
11:33:10.267 [Forwarding getElementTagName on session 000736bbcdd3f2cea901c63cd69dded0 to remote] DEBUG org.asynchttpclient.netty.request.NettyRequestSender - Using pooled Channel '[id: 0x2954b54a, L:/127.0.0.1:58273 - R:localhost/127.0.0.1:63908]' for 'GET' to 'http://localhost:63908/session/000736bbcdd3f2cea901c63cd69dded0/element/c12ffe5c-8673-4767-95f2-cc7052ec2df4/name'
11:33:10.267 [Forwarding getElementTagName on session 000736bbcdd3f2cea901c63cd69dded0 to remote] DEBUG org.asynchttpclient.netty.request.NettyRequestSender - Using open Channel [id: 0x2954b54a, L:/127.0.0.1:58273 - R:localhost/127.0.0.1:63908] for GET '/session/000736bbcdd3f2cea901c63cd69dded0/element/c12ffe5c-8673-4767-95f2-cc7052ec2df4/name'
11:33:10.279 [AsyncHttpClient-1-2] DEBUG org.asynchttpclient.netty.handler.HttpHandler - 

Request DefaultFullHttpRequest(decodeResult: success, version: HTTP/1.1, content: EmptyByteBufBE)
GET /session/000736bbcdd3f2cea901c63cd69dded0/element/c12ffe5c-8673-4767-95f2-cc7052ec2df4/name HTTP/1.1
User-Agent: selenium/4.1.2 (java windows)
Cache-Control: no-cache
Content-Type: application/json; charset=utf-8
host: localhost:63908
accept: */*

Response DefaultHttpResponse(decodeResult: success, version: HTTP/1.1)
HTTP/1.1 200 OK
Content-Type: application/json; charset=utf-8
cache-control: no-cache
content-length: 18

11:33:10.280 [AsyncHttpClient-1-2] DEBUG org.asynchttpclient.netty.channel.ChannelManager - Adding key: http://localhost:63908 for channel [id: 0x2954b54a, L:/127.0.0.1:58273 - R:localhost/127.0.0.1:63908]
11:33:10.283 [Forwarding getElementTagName on session 000736bbcdd3f2cea901c63cd69dded0 to remote] DEBUG org.asynchttpclient.netty.request.NettyRequestSender - Using pooled Channel '[id: 0x2954b54a, L:/127.0.0.1:58273 - R:localhost/127.0.0.1:63908]' for 'GET' to 'http://localhost:63908/session/000736bbcdd3f2cea901c63cd69dded0/element/c12ffe5c-8673-4767-95f2-cc7052ec2df4/name'
11:33:10.284 [Forwarding getElementTagName on session 000736bbcdd3f2cea901c63cd69dded0 to remote] DEBUG org.asynchttpclient.netty.request.NettyRequestSender - Using open Channel [id: 0x2954b54a, L:/127.0.0.1:58273 - R:localhost/127.0.0.1:63908] for GET '/session/000736bbcdd3f2cea901c63cd69dded0/element/c12ffe5c-8673-4767-95f2-cc7052ec2df4/name'
11:33:10.289 [AsyncHttpClient-1-2] DEBUG org.asynchttpclient.netty.handler.HttpHandler - 

Request DefaultFullHttpRequest(decodeResult: success, version: HTTP/1.1, content: EmptyByteBufBE)
GET /session/000736bbcdd3f2cea901c63cd69dded0/element/c12ffe5c-8673-4767-95f2-cc7052ec2df4/name HTTP/1.1
User-Agent: selenium/4.1.2 (java windows)
Cache-Control: no-cache
Content-Type: application/json; charset=utf-8
host: localhost:63908
accept: */*

Response DefaultHttpResponse(decodeResult: success, version: HTTP/1.1)
HTTP/1.1 200 OK
Content-Type: application/json; charset=utf-8
cache-control: no-cache
content-length: 18

11:33:10.290 [AsyncHttpClient-1-2] DEBUG org.asynchttpclient.netty.channel.ChannelManager - Adding key: http://localhost:63908 for channel [id: 0x2954b54a, L:/127.0.0.1:58273 - R:localhost/127.0.0.1:63908]
11:33:10.298 [Forwarding isElementEnabled on session 000736bbcdd3f2cea901c63cd69dded0 to remote] DEBUG org.asynchttpclient.netty.request.NettyRequestSender - Using pooled Channel '[id: 0x2954b54a, L:/127.0.0.1:58273 - R:localhost/127.0.0.1:63908]' for 'GET' to 'http://localhost:63908/session/000736bbcdd3f2cea901c63cd69dded0/element/c12ffe5c-8673-4767-95f2-cc7052ec2df4/enabled'
11:33:10.299 [Forwarding isElementEnabled on session 000736bbcdd3f2cea901c63cd69dded0 to remote] DEBUG org.asynchttpclient.netty.request.NettyRequestSender - Using open Channel [id: 0x2954b54a, L:/127.0.0.1:58273 - R:localhost/127.0.0.1:63908] for GET '/session/000736bbcdd3f2cea901c63cd69dded0/element/c12ffe5c-8673-4767-95f2-cc7052ec2df4/enabled'
11:33:10.300 [AsyncHttpClient-1-1] DEBUG org.asynchttpclient.netty.channel.DefaultChannelPool - Entry count for : http://localhost:58274 : 1
11:33:10.310 [AsyncHttpClient-1-2] DEBUG org.asynchttpclient.netty.handler.HttpHandler - 

Request DefaultFullHttpRequest(decodeResult: success, version: HTTP/1.1, content: EmptyByteBufBE)
GET /session/000736bbcdd3f2cea901c63cd69dded0/element/c12ffe5c-8673-4767-95f2-cc7052ec2df4/enabled HTTP/1.1
User-Agent: selenium/4.1.2 (java windows)
Cache-Control: no-cache
Content-Type: application/json; charset=utf-8
host: localhost:63908
accept: */*

Response DefaultHttpResponse(decodeResult: success, version: HTTP/1.1)
HTTP/1.1 200 OK
Content-Type: application/json; charset=utf-8
cache-control: no-cache
content-length: 14

11:33:10.310 [AsyncHttpClient-1-2] DEBUG org.asynchttpclient.netty.channel.ChannelManager - Adding key: http://localhost:63908 for channel [id: 0x2954b54a, L:/127.0.0.1:58273 - R:localhost/127.0.0.1:63908]
11:33:10.312 [Forwarding isElementEnabled on session 000736bbcdd3f2cea901c63cd69dded0 to remote] DEBUG org.asynchttpclient.netty.request.NettyRequestSender - Using pooled Channel '[id: 0x2954b54a, L:/127.0.0.1:58273 - R:localhost/127.0.0.1:63908]' for 'GET' to 'http://localhost:63908/session/000736bbcdd3f2cea901c63cd69dded0/element/c12ffe5c-8673-4767-95f2-cc7052ec2df4/enabled'
11:33:10.312 [Forwarding isElementEnabled on session 000736bbcdd3f2cea901c63cd69dded0 to remote] DEBUG org.asynchttpclient.netty.request.NettyRequestSender - Using open Channel [id: 0x2954b54a, L:/127.0.0.1:58273 - R:localhost/127.0.0.1:63908] for GET '/session/000736bbcdd3f2cea901c63cd69dded0/element/c12ffe5c-8673-4767-95f2-cc7052ec2df4/enabled'
11:33:10.320 [AsyncHttpClient-1-2] DEBUG org.asynchttpclient.netty.handler.HttpHandler - 

Request DefaultFullHttpRequest(decodeResult: success, version: HTTP/1.1, content: EmptyByteBufBE)
GET /session/000736bbcdd3f2cea901c63cd69dded0/element/c12ffe5c-8673-4767-95f2-cc7052ec2df4/enabled HTTP/1.1
User-Agent: selenium/4.1.2 (java windows)
Cache-Control: no-cache
Content-Type: application/json; charset=utf-8
host: localhost:63908
accept: */*

Response DefaultHttpResponse(decodeResult: success, version: HTTP/1.1)
HTTP/1.1 200 OK
Content-Type: application/json; charset=utf-8
cache-control: no-cache
content-length: 14

11:33:10.320 [AsyncHttpClient-1-2] DEBUG org.asynchttpclient.netty.channel.ChannelManager - Adding key: http://localhost:63908 for channel [id: 0x2954b54a, L:/127.0.0.1:58273 - R:localhost/127.0.0.1:63908]
11:33:10.323 [Forwarding findElement on session 000736bbcdd3f2cea901c63cd69dded0 to remote] DEBUG org.asynchttpclient.netty.request.NettyRequestSender - Using pooled Channel '[id: 0x2954b54a, L:/127.0.0.1:58273 - R:localhost/127.0.0.1:63908]' for 'POST' to 'http://localhost:63908/session/000736bbcdd3f2cea901c63cd69dded0/element'
11:33:10.323 [Forwarding findElement on session 000736bbcdd3f2cea901c63cd69dded0 to remote] DEBUG org.asynchttpclient.netty.request.NettyRequestSender - Using open Channel [id: 0x2954b54a, L:/127.0.0.1:58273 - R:localhost/127.0.0.1:63908] for POST '/session/000736bbcdd3f2cea901c63cd69dded0/element'
11:33:10.332 [AsyncHttpClient-1-2] DEBUG org.asynchttpclient.netty.handler.HttpHandler - 

Request DefaultHttpRequest(decodeResult: success, version: HTTP/1.1)
POST /session/000736bbcdd3f2cea901c63cd69dded0/element HTTP/1.1
User-Agent: selenium/4.1.2 (java windows)
Content-Length: 68
Content-Type: application/json; charset=utf-8
host: localhost:63908
accept: */*

Response DefaultHttpResponse(decodeResult: success, version: HTTP/1.1)
HTTP/1.1 200 OK
Content-Type: application/json; charset=utf-8
cache-control: no-cache
content-length: 88

11:33:10.333 [AsyncHttpClient-1-2] DEBUG org.asynchttpclient.netty.channel.ChannelManager - Adding key: http://localhost:63908 for channel [id: 0x2954b54a, L:/127.0.0.1:58273 - R:localhost/127.0.0.1:63908]
11:33:10.335 [Forwarding clickElement on session 000736bbcdd3f2cea901c63cd69dded0 to remote] DEBUG org.asynchttpclient.netty.request.NettyRequestSender - Using pooled Channel '[id: 0x2954b54a, L:/127.0.0.1:58273 - R:localhost/127.0.0.1:63908]' for 'POST' to 'http://localhost:63908/session/000736bbcdd3f2cea901c63cd69dded0/element/c12ffe5c-8673-4767-95f2-cc7052ec2df4/click'
11:33:10.335 [Forwarding clickElement on session 000736bbcdd3f2cea901c63cd69dded0 to remote] DEBUG org.asynchttpclient.netty.request.NettyRequestSender - Using open Channel [id: 0x2954b54a, L:/127.0.0.1:58273 - R:localhost/127.0.0.1:63908] for POST '/session/000736bbcdd3f2cea901c63cd69dded0/element/c12ffe5c-8673-4767-95f2-cc7052ec2df4/click'
11:33:10.417 [AsyncHttpClient-1-2] DEBUG org.asynchttpclient.netty.handler.HttpHandler - 

Request DefaultHttpRequest(decodeResult: success, version: HTTP/1.1)
POST /session/000736bbcdd3f2cea901c63cd69dded0/element/c12ffe5c-8673-4767-95f2-cc7052ec2df4/click HTTP/1.1
User-Agent: selenium/4.1.2 (java windows)
Content-Length: 50
Content-Type: application/json; charset=utf-8
host: localhost:63908
accept: */*

Response DefaultHttpResponse(decodeResult: success, version: HTTP/1.1)
HTTP/1.1 200 OK
Content-Type: application/json; charset=utf-8
cache-control: no-cache
content-length: 14

11:33:10.418 [AsyncHttpClient-1-2] DEBUG org.asynchttpclient.netty.channel.ChannelManager - Adding key: http://localhost:63908 for channel [id: 0x2954b54a, L:/127.0.0.1:58273 - R:localhost/127.0.0.1:63908]
11:33:10.430 [Forwarding screenshot on session 000736bbcdd3f2cea901c63cd69dded0 to remote] DEBUG org.asynchttpclient.netty.request.NettyRequestSender - Using pooled Channel '[id: 0x2954b54a, L:/127.0.0.1:58273 - R:localhost/127.0.0.1:63908]' for 'GET' to 'http://localhost:63908/session/000736bbcdd3f2cea901c63cd69dded0/screenshot'
11:33:10.430 [Forwarding screenshot on session 000736bbcdd3f2cea901c63cd69dded0 to remote] DEBUG org.asynchttpclient.netty.request.NettyRequestSender - Using open Channel [id: 0x2954b54a, L:/127.0.0.1:58273 - R:localhost/127.0.0.1:63908] for GET '/session/000736bbcdd3f2cea901c63cd69dded0/screenshot'
11:33:10.616 [AsyncHttpClient-1-2] DEBUG org.asynchttpclient.netty.handler.HttpHandler - 

Request DefaultFullHttpRequest(decodeResult: success, version: HTTP/1.1, content: EmptyByteBufBE)
GET /session/000736bbcdd3f2cea901c63cd69dded0/screenshot HTTP/1.1
User-Agent: selenium/4.1.2 (java windows)
Cache-Control: no-cache
Content-Type: application/json; charset=utf-8
host: localhost:63908
accept: */*

Response DefaultHttpResponse(decodeResult: success, version: HTTP/1.1)
HTTP/1.1 200 OK
Content-Type: application/json; charset=utf-8
cache-control: no-cache
content-length: 164116

11:33:10.618 [AsyncHttpClient-1-2] DEBUG org.asynchttpclient.netty.channel.ChannelManager - Adding key: http://localhost:63908 for channel [id: 0x2954b54a, L:/127.0.0.1:58273 - R:localhost/127.0.0.1:63908]
11:33:10.626 [main] DEBUG net.serenitybdd.core.photography.Darkroom - Send negative for processing for target\site\serenity\03fbc3da46ba1a4308ee9e83d8e698843f799ce817b1504203838e0a192f77d5.png
11:33:10.627 [main] DEBUG net.thucydides.core.steps.StepInterceptor - STEP DONE: clickLoginButtonOnBookstore
11:33:10.627 [Darkroom Processing Line] DEBUG net.serenitybdd.core.photography.DarkroomProcessingLine - Processing screenshot image in /var/screenshots/screenshot-642785126821451756
  &amp#27;[32mAnd &amp#27;[0m&amp#27;[32mi click login button in bookstore page&amp#27;[0m      &amp#27;[90m# starter.stepdefenitions.LoginSteps.clickLoginButtonInBookstore()&amp#27;[0m
11:33:10.627 [Darkroom Processing Line] DEBUG net.serenitybdd.core.photography.DarkroomProcessingLine - Saving screenshot to target\site\serenity\03fbc3da46ba1a4308ee9e83d8e698843f799ce817b1504203838e0a192f77d5.png
11:33:10.649 [main] DEBUG net.thucydides.core.steps.StepInterceptor - STARTING STEP: LoginSteps.onLoginPage - validationOnLoginPage
11:33:10.652 [Forwarding findElement on session 000736bbcdd3f2cea901c63cd69dded0 to remote] DEBUG org.asynchttpclient.netty.request.NettyRequestSender - Using pooled Channel '[id: 0x2954b54a, L:/127.0.0.1:58273 - R:localhost/127.0.0.1:63908]' for 'POST' to 'http://localhost:63908/session/000736bbcdd3f2cea901c63cd69dded0/element'
11:33:10.652 [Forwarding findElement on session 000736bbcdd3f2cea901c63cd69dded0 to remote] DEBUG org.asynchttpclient.netty.request.NettyRequestSender - Using open Channel [id: 0x2954b54a, L:/127.0.0.1:58273 - R:localhost/127.0.0.1:63908] for POST '/session/000736bbcdd3f2cea901c63cd69dded0/element'
11:33:10.664 [AsyncHttpClient-1-2] DEBUG org.asynchttpclient.netty.handler.HttpHandler - 

Request DefaultHttpRequest(decodeResult: success, version: HTTP/1.1)
POST /session/000736bbcdd3f2cea901c63cd69dded0/element HTTP/1.1
User-Agent: selenium/4.1.2 (java windows)
Content-Length: 53
Content-Type: application/json; charset=utf-8
host: localhost:63908
accept: */*

Response DefaultHttpResponse(decodeResult: success, version: HTTP/1.1)
HTTP/1.1 200 OK
Content-Type: application/json; charset=utf-8
cache-control: no-cache
content-length: 88

11:33:10.665 [AsyncHttpClient-1-2] DEBUG org.asynchttpclient.netty.channel.ChannelManager - Adding key: http://localhost:63908 for channel [id: 0x2954b54a, L:/127.0.0.1:58273 - R:localhost/127.0.0.1:63908]
11:33:10.671 [Forwarding isElementDisplayed on session 000736bbcdd3f2cea901c63cd69dded0 to remote] DEBUG org.asynchttpclient.netty.request.NettyRequestSender - Using pooled Channel '[id: 0x2954b54a, L:/127.0.0.1:58273 - R:localhost/127.0.0.1:63908]' for 'POST' to 'http://localhost:63908/session/000736bbcdd3f2cea901c63cd69dded0/execute/sync'
11:33:10.671 [Forwarding isElementDisplayed on session 000736bbcdd3f2cea901c63cd69dded0 to remote] DEBUG org.asynchttpclient.netty.request.NettyRequestSender - Using open Channel [id: 0x2954b54a, L:/127.0.0.1:58273 - R:localhost/127.0.0.1:63908] for POST '/session/000736bbcdd3f2cea901c63cd69dded0/execute/sync'
11:33:10.688 [AsyncHttpClient-1-2] DEBUG org.asynchttpclient.netty.handler.HttpHandler - 

Request DefaultHttpRequest(decodeResult: success, version: HTTP/1.1)
POST /session/000736bbcdd3f2cea901c63cd69dded0/execute/sync HTTP/1.1
User-Agent: selenium/4.1.2 (java windows)
Content-Length: 48780
Content-Type: application/json; charset=utf-8
host: localhost:63908
accept: */*

Response DefaultHttpResponse(decodeResult: success, version: HTTP/1.1)
HTTP/1.1 200 OK
Content-Type: application/json; charset=utf-8
cache-control: no-cache
content-length: 14

11:33:10.689 [AsyncHttpClient-1-2] DEBUG org.asynchttpclient.netty.channel.ChannelManager - Adding key: http://localhost:63908 for channel [id: 0x2954b54a, L:/127.0.0.1:58273 - R:localhost/127.0.0.1:63908]
11:33:10.695 [Forwarding screenshot on session 000736bbcdd3f2cea901c63cd69dded0 to remote] DEBUG org.asynchttpclient.netty.request.NettyRequestSender - Using pooled Channel '[id: 0x2954b54a, L:/127.0.0.1:58273 - R:localhost/127.0.0.1:63908]' for 'GET' to 'http://localhost:63908/session/000736bbcdd3f2cea901c63cd69dded0/screenshot'
11:33:10.695 [Forwarding screenshot on session 000736bbcdd3f2cea901c63cd69dded0 to remote] DEBUG org.asynchttpclient.netty.request.NettyRequestSender - Using open Channel [id: 0x2954b54a, L:/127.0.0.1:58273 - R:localhost/127.0.0.1:63908] for GET '/session/000736bbcdd3f2cea901c63cd69dded0/screenshot'
11:33:10.873 [AsyncHttpClient-1-2] DEBUG org.asynchttpclient.netty.handler.HttpHandler - 

Request DefaultFullHttpRequest(decodeResult: success, version: HTTP/1.1, content: EmptyByteBufBE)
GET /session/000736bbcdd3f2cea901c63cd69dded0/screenshot HTTP/1.1
User-Agent: selenium/4.1.2 (java windows)
Cache-Control: no-cache
Content-Type: application/json; charset=utf-8
host: localhost:63908
accept: */*

Response DefaultHttpResponse(decodeResult: success, version: HTTP/1.1)
HTTP/1.1 200 OK
Content-Type: application/json; charset=utf-8
cache-control: no-cache
content-length: 164116

11:33:10.875 [AsyncHttpClient-1-2] DEBUG org.asynchttpclient.netty.channel.ChannelManager - Adding key: http://localhost:63908 for channel [id: 0x2954b54a, L:/127.0.0.1:58273 - R:localhost/127.0.0.1:63908]
11:33:10.885 [main] DEBUG net.serenitybdd.core.photography.Darkroom - Send negative for processing for target\site\serenity\03fbc3da46ba1a4308ee9e83d8e698843f799ce817b1504203838e0a192f77d5.png
11:33:10.885 [main] DEBUG net.thucydides.core.steps.StepInterceptor - STEP DONE: validationOnLoginPage
  &amp#27;[32mGiven &amp#27;[0m&amp#27;[32mi am on the login page&amp#27;[0m                    &amp#27;[90m# starter.stepdefenitions.LoginSteps.onLoginPage()&amp#27;[0m
11:33:10.904 [main] DEBUG net.thucydides.core.steps.StepInterceptor - STARTING STEP: LoginSteps.inputValidUsername - inputUsername
11:33:10.909 [Forwarding findElement on session 000736bbcdd3f2cea901c63cd69dded0 to remote] DEBUG org.asynchttpclient.netty.request.NettyRequestSender - Using pooled Channel '[id: 0x2954b54a, L:/127.0.0.1:58273 - R:localhost/127.0.0.1:63908]' for 'POST' to 'http://localhost:63908/session/000736bbcdd3f2cea901c63cd69dded0/element'
11:33:10.909 [Forwarding findElement on session 000736bbcdd3f2cea901c63cd69dded0 to remote] DEBUG org.asynchttpclient.netty.request.NettyRequestSender - Using open Channel [id: 0x2954b54a, L:/127.0.0.1:58273 - R:localhost/127.0.0.1:63908] for POST '/session/000736bbcdd3f2cea901c63cd69dded0/element'
11:33:10.924 [AsyncHttpClient-1-2] DEBUG org.asynchttpclient.netty.handler.HttpHandler - 

Request DefaultHttpRequest(decodeResult: success, version: HTTP/1.1)
POST /session/000736bbcdd3f2cea901c63cd69dded0/element HTTP/1.1
User-Agent: selenium/4.1.2 (java windows)
Content-Length: 70
Content-Type: application/json; charset=utf-8
host: localhost:63908
accept: */*

Response DefaultHttpResponse(decodeResult: success, version: HTTP/1.1)
HTTP/1.1 200 OK
Content-Type: application/json; charset=utf-8
cache-control: no-cache
content-length: 88

11:33:10.924 [AsyncHttpClient-1-2] DEBUG org.asynchttpclient.netty.channel.ChannelManager - Adding key: http://localhost:63908 for channel [id: 0x2954b54a, L:/127.0.0.1:58273 - R:localhost/127.0.0.1:63908]
11:33:10.926 [Forwarding clearElement on session 000736bbcdd3f2cea901c63cd69dded0 to remote] DEBUG org.asynchttpclient.netty.request.NettyRequestSender - Using pooled Channel '[id: 0x2954b54a, L:/127.0.0.1:58273 - R:localhost/127.0.0.1:63908]' for 'POST' to 'http://localhost:63908/session/000736bbcdd3f2cea901c63cd69dded0/element/f32ad817-64b2-4f27-85de-e7111a006281/clear'
11:33:10.926 [Forwarding clearElement on session 000736bbcdd3f2cea901c63cd69dded0 to remote] DEBUG org.asynchttpclient.netty.request.NettyRequestSender - Using open Channel [id: 0x2954b54a, L:/127.0.0.1:58273 - R:localhost/127.0.0.1:63908] for POST '/session/000736bbcdd3f2cea901c63cd69dded0/element/f32ad817-64b2-4f27-85de-e7111a006281/clear'
11:33:10.961 [AsyncHttpClient-1-2] DEBUG org.asynchttpclient.netty.handler.HttpHandler - 

Request DefaultHttpRequest(decodeResult: success, version: HTTP/1.1)
POST /session/000736bbcdd3f2cea901c63cd69dded0/element/f32ad817-64b2-4f27-85de-e7111a006281/clear HTTP/1.1
User-Agent: selenium/4.1.2 (java windows)
Content-Length: 50
Content-Type: application/json; charset=utf-8
host: localhost:63908
accept: */*

Response DefaultHttpResponse(decodeResult: success, version: HTTP/1.1)
HTTP/1.1 200 OK
Content-Type: application/json; charset=utf-8
cache-control: no-cache
content-length: 14

11:33:10.962 [AsyncHttpClient-1-2] DEBUG org.asynchttpclient.netty.channel.ChannelManager - Adding key: http://localhost:63908 for channel [id: 0x2954b54a, L:/127.0.0.1:58273 - R:localhost/127.0.0.1:63908]
11:33:10.966 [Forwarding sendKeysToElement on session 000736bbcdd3f2cea901c63cd69dded0 to remote] DEBUG org.asynchttpclient.netty.request.NettyRequestSender - Using pooled Channel '[id: 0x2954b54a, L:/127.0.0.1:58273 - R:localhost/127.0.0.1:63908]' for 'POST' to 'http://localhost:63908/session/000736bbcdd3f2cea901c63cd69dded0/element/f32ad817-64b2-4f27-85de-e7111a006281/value'
11:33:10.966 [Forwarding sendKeysToElement on session 000736bbcdd3f2cea901c63cd69dded0 to remote] DEBUG org.asynchttpclient.netty.request.NettyRequestSender - Using open Channel [id: 0x2954b54a, L:/127.0.0.1:58273 - R:localhost/127.0.0.1:63908] for POST '/session/000736bbcdd3f2cea901c63cd69dded0/element/f32ad817-64b2-4f27-85de-e7111a006281/value'
11:33:11.063 [AsyncHttpClient-1-2] DEBUG org.asynchttpclient.netty.handler.HttpHandler - 

Request DefaultHttpRequest(decodeResult: success, version: HTTP/1.1)
POST /session/000736bbcdd3f2cea901c63cd69dded0/element/f32ad817-64b2-4f27-85de-e7111a006281/value HTTP/1.1
User-Agent: selenium/4.1.2 (java windows)
Content-Length: 141
Content-Type: application/json; charset=utf-8
host: localhost:63908
accept: */*

Response DefaultHttpResponse(decodeResult: success, version: HTTP/1.1)
HTTP/1.1 200 OK
Content-Type: application/json; charset=utf-8
cache-control: no-cache
content-length: 14

11:33:11.064 [AsyncHttpClient-1-2] DEBUG org.asynchttpclient.netty.channel.ChannelManager - Adding key: http://localhost:63908 for channel [id: 0x2954b54a, L:/127.0.0.1:58273 - R:localhost/127.0.0.1:63908]
11:33:11.078 [Forwarding screenshot on session 000736bbcdd3f2cea901c63cd69dded0 to remote] DEBUG org.asynchttpclient.netty.request.NettyRequestSender - Using pooled Channel '[id: 0x2954b54a, L:/127.0.0.1:58273 - R:localhost/127.0.0.1:63908]' for 'GET' to 'http://localhost:63908/session/000736bbcdd3f2cea901c63cd69dded0/screenshot'
11:33:11.078 [Forwarding screenshot on session 000736bbcdd3f2cea901c63cd69dded0 to remote] DEBUG org.asynchttpclient.netty.request.NettyRequestSender - Using open Channel [id: 0x2954b54a, L:/127.0.0.1:58273 - R:localhost/127.0.0.1:63908] for GET '/session/000736bbcdd3f2cea901c63cd69dded0/screenshot'
11:33:11.270 [AsyncHttpClient-1-2] DEBUG org.asynchttpclient.netty.handler.HttpHandler - 

Request DefaultFullHttpRequest(decodeResult: success, version: HTTP/1.1, content: EmptyByteBufBE)
GET /session/000736bbcdd3f2cea901c63cd69dded0/screenshot HTTP/1.1
User-Agent: selenium/4.1.2 (java windows)
Cache-Control: no-cache
Content-Type: application/json; charset=utf-8
host: localhost:63908
accept: */*

Response DefaultHttpResponse(decodeResult: success, version: HTTP/1.1)
HTTP/1.1 200 OK
Content-Type: application/json; charset=utf-8
cache-control: no-cache
content-length: 164492

11:33:11.272 [AsyncHttpClient-1-2] DEBUG org.asynchttpclient.netty.channel.ChannelManager - Adding key: http://localhost:63908 for channel [id: 0x2954b54a, L:/127.0.0.1:58273 - R:localhost/127.0.0.1:63908]
11:33:11.281 [main] DEBUG net.serenitybdd.core.photography.Darkroom - Send negative for processing for target\site\serenity\c6180380f7e7a0a8119481ea997803a9796aee43f148665c095134724b25d4c1.png
11:33:11.281 [main] DEBUG net.thucydides.core.steps.StepInterceptor - STEP DONE: inputUsername
  &amp#27;[32mWhen &amp#27;[0m&amp#27;[32mi input valid username&amp#27;[0m                     &amp#27;[90m# starter.stepdefenitions.LoginSteps.inputValidUsername()&amp#27;[0m
11:33:11.281 [Darkroom Processing Line] DEBUG net.serenitybdd.core.photography.DarkroomProcessingLine - Processing screenshot image in /var/screenshots/screenshot-562914343471632148
11:33:11.282 [Darkroom Processing Line] DEBUG net.serenitybdd.core.photography.DarkroomProcessingLine - Saving screenshot to target\site\serenity\c6180380f7e7a0a8119481ea997803a9796aee43f148665c095134724b25d4c1.png
11:33:11.306 [main] DEBUG net.thucydides.core.steps.StepInterceptor - STARTING STEP: LoginSteps.inputValidPassword - inputPassword
11:33:11.313 [Forwarding findElement on session 000736bbcdd3f2cea901c63cd69dded0 to remote] DEBUG org.asynchttpclient.netty.request.NettyRequestSender - Using pooled Channel '[id: 0x2954b54a, L:/127.0.0.1:58273 - R:localhost/127.0.0.1:63908]' for 'POST' to 'http://localhost:63908/session/000736bbcdd3f2cea901c63cd69dded0/element'
11:33:11.313 [Forwarding findElement on session 000736bbcdd3f2cea901c63cd69dded0 to remote] DEBUG org.asynchttpclient.netty.request.NettyRequestSender - Using open Channel [id: 0x2954b54a, L:/127.0.0.1:58273 - R:localhost/127.0.0.1:63908] for POST '/session/000736bbcdd3f2cea901c63cd69dded0/element'
11:33:11.330 [AsyncHttpClient-1-2] DEBUG org.asynchttpclient.netty.handler.HttpHandler - 

Request DefaultHttpRequest(decodeResult: success, version: HTTP/1.1)
POST /session/000736bbcdd3f2cea901c63cd69dded0/element HTTP/1.1
User-Agent: selenium/4.1.2 (java windows)
Content-Length: 70
Content-Type: application/json; charset=utf-8
host: localhost:63908
accept: */*

Response DefaultHttpResponse(decodeResult: success, version: HTTP/1.1)
HTTP/1.1 200 OK
Content-Type: application/json; charset=utf-8
cache-control: no-cache
content-length: 88

11:33:11.330 [AsyncHttpClient-1-2] DEBUG org.asynchttpclient.netty.channel.ChannelManager - Adding key: http://localhost:63908 for channel [id: 0x2954b54a, L:/127.0.0.1:58273 - R:localhost/127.0.0.1:63908]
11:33:11.333 [Forwarding clearElement on session 000736bbcdd3f2cea901c63cd69dded0 to remote] DEBUG org.asynchttpclient.netty.request.NettyRequestSender - Using pooled Channel '[id: 0x2954b54a, L:/127.0.0.1:58273 - R:localhost/127.0.0.1:63908]' for 'POST' to 'http://localhost:63908/session/000736bbcdd3f2cea901c63cd69dded0/element/25124a0f-8659-4832-96d3-d7102ffffe85/clear'
11:33:11.333 [Forwarding clearElement on session 000736bbcdd3f2cea901c63cd69dded0 to remote] DEBUG org.asynchttpclient.netty.request.NettyRequestSender - Using open Channel [id: 0x2954b54a, L:/127.0.0.1:58273 - R:localhost/127.0.0.1:63908] for POST '/session/000736bbcdd3f2cea901c63cd69dded0/element/25124a0f-8659-4832-96d3-d7102ffffe85/clear'
11:33:11.425 [AsyncHttpClient-1-1] DEBUG org.asynchttpclient.netty.channel.DefaultChannelPool - Entry count for : http://localhost:58274 : 1
11:33:11.534 [AsyncHttpClient-1-2] DEBUG org.asynchttpclient.netty.handler.HttpHandler - 

Request DefaultHttpRequest(decodeResult: success, version: HTTP/1.1)
POST /session/000736bbcdd3f2cea901c63cd69dded0/element/25124a0f-8659-4832-96d3-d7102ffffe85/clear HTTP/1.1
User-Agent: selenium/4.1.2 (java windows)
Content-Length: 50
Content-Type: application/json; charset=utf-8
host: localhost:63908
accept: */*

Response DefaultHttpResponse(decodeResult: success, version: HTTP/1.1)
HTTP/1.1 200 OK
Content-Type: application/json; charset=utf-8
cache-control: no-cache
content-length: 14

11:33:11.535 [AsyncHttpClient-1-2] DEBUG org.asynchttpclient.netty.channel.ChannelManager - Adding key: http://localhost:63908 for channel [id: 0x2954b54a, L:/127.0.0.1:58273 - R:localhost/127.0.0.1:63908]
11:33:11.545 [Forwarding sendKeysToElement on session 000736bbcdd3f2cea901c63cd69dded0 to remote] DEBUG org.asynchttpclient.netty.request.NettyRequestSender - Using pooled Channel '[id: 0x2954b54a, L:/127.0.0.1:58273 - R:localhost/127.0.0.1:63908]' for 'POST' to 'http://localhost:63908/session/000736bbcdd3f2cea901c63cd69dded0/element/25124a0f-8659-4832-96d3-d7102ffffe85/value'
11:33:11.546 [Forwarding sendKeysToElement on session 000736bbcdd3f2cea901c63cd69dded0 to remote] DEBUG org.asynchttpclient.netty.request.NettyRequestSender - Using open Channel [id: 0x2954b54a, L:/127.0.0.1:58273 - R:localhost/127.0.0.1:63908] for POST '/session/000736bbcdd3f2cea901c63cd69dded0/element/25124a0f-8659-4832-96d3-d7102ffffe85/value'
11:33:11.701 [AsyncHttpClient-1-2] DEBUG org.asynchttpclient.netty.handler.HttpHandler - 

Request DefaultHttpRequest(decodeResult: success, version: HTTP/1.1)
POST /session/000736bbcdd3f2cea901c63cd69dded0/element/25124a0f-8659-4832-96d3-d7102ffffe85/value HTTP/1.1
User-Agent: selenium/4.1.2 (java windows)
Content-Length: 181
Content-Type: application/json; charset=utf-8
host: localhost:63908
accept: */*

Response DefaultHttpResponse(decodeResult: success, version: HTTP/1.1)
HTTP/1.1 200 OK
Content-Type: application/json; charset=utf-8
cache-control: no-cache
content-length: 14

11:33:11.702 [AsyncHttpClient-1-2] DEBUG org.asynchttpclient.netty.channel.ChannelManager - Adding key: http://localhost:63908 for channel [id: 0x2954b54a, L:/127.0.0.1:58273 - R:localhost/127.0.0.1:63908]
11:33:11.721 [Forwarding screenshot on session 000736bbcdd3f2cea901c63cd69dded0 to remote] DEBUG org.asynchttpclient.netty.request.NettyRequestSender - Using pooled Channel '[id: 0x2954b54a, L:/127.0.0.1:58273 - R:localhost/127.0.0.1:63908]' for 'GET' to 'http://localhost:63908/session/000736bbcdd3f2cea901c63cd69dded0/screenshot'
11:33:11.721 [Forwarding screenshot on session 000736bbcdd3f2cea901c63cd69dded0 to remote] DEBUG org.asynchttpclient.netty.request.NettyRequestSender - Using open Channel [id: 0x2954b54a, L:/127.0.0.1:58273 - R:localhost/127.0.0.1:63908] for GET '/session/000736bbcdd3f2cea901c63cd69dded0/screenshot'
11:33:11.934 [AsyncHttpClient-1-2] DEBUG org.asynchttpclient.netty.handler.HttpHandler - 

Request DefaultFullHttpRequest(decodeResult: success, version: HTTP/1.1, content: EmptyByteBufBE)
GET /session/000736bbcdd3f2cea901c63cd69dded0/screenshot HTTP/1.1
User-Agent: selenium/4.1.2 (java windows)
Cache-Control: no-cache
Content-Type: application/json; charset=utf-8
host: localhost:63908
accept: */*

Response DefaultHttpResponse(decodeResult: success, version: HTTP/1.1)
HTTP/1.1 200 OK
Content-Type: application/json; charset=utf-8
cache-control: no-cache
content-length: 152768

11:33:11.935 [AsyncHttpClient-1-2] DEBUG org.asynchttpclient.netty.channel.ChannelManager - Adding key: http://localhost:63908 for channel [id: 0x2954b54a, L:/127.0.0.1:58273 - R:localhost/127.0.0.1:63908]
11:33:11.946 [main] DEBUG net.serenitybdd.core.photography.Darkroom - Send negative for processing for target\site\serenity\2c341b1866a25e16066774722eea690c026719d55c852a75c00fa9adea23ef24.png
11:33:11.946 [main] DEBUG net.thucydides.core.steps.StepInterceptor - STEP DONE: inputPassword
  &amp#27;[32mAnd &amp#27;[0m&amp#27;[32mi input valid password&amp#27;[0m                      &amp#27;[90m# starter.stepdefenitions.LoginSteps.inputValidPassword()&amp#27;[0m
11:33:11.947 [Darkroom Processing Line] DEBUG net.serenitybdd.core.photography.DarkroomProcessingLine - Processing screenshot image in /var/screenshots/screenshot-4688056095240072739
11:33:11.947 [Darkroom Processing Line] DEBUG net.serenitybdd.core.photography.DarkroomProcessingLine - Saving screenshot to target\site\serenity\2c341b1866a25e16066774722eea690c026719d55c852a75c00fa9adea23ef24.png
11:33:11.969 [main] DEBUG net.thucydides.core.steps.StepInterceptor - STARTING STEP: LoginSteps.clickLoginButton - clickLoginButton
11:33:11.976 [Forwarding findElement on session 000736bbcdd3f2cea901c63cd69dded0 to remote] DEBUG org.asynchttpclient.netty.request.NettyRequestSender - Using pooled Channel '[id: 0x2954b54a, L:/127.0.0.1:58273 - R:localhost/127.0.0.1:63908]' for 'POST' to 'http://localhost:63908/session/000736bbcdd3f2cea901c63cd69dded0/element'
11:33:11.976 [Forwarding findElement on session 000736bbcdd3f2cea901c63cd69dded0 to remote] DEBUG org.asynchttpclient.netty.request.NettyRequestSender - Using open Channel [id: 0x2954b54a, L:/127.0.0.1:58273 - R:localhost/127.0.0.1:63908] for POST '/session/000736bbcdd3f2cea901c63cd69dded0/element'
11:33:11.989 [AsyncHttpClient-1-2] DEBUG org.asynchttpclient.netty.handler.HttpHandler - 

Request DefaultHttpRequest(decodeResult: success, version: HTTP/1.1)
POST /session/000736bbcdd3f2cea901c63cd69dded0/element HTTP/1.1
User-Agent: selenium/4.1.2 (java windows)
Content-Length: 50
Content-Type: application/json; charset=utf-8
host: localhost:63908
accept: */*

[...]
HTTP/1.1 200 OK
Content-Type: application/json; charset=utf-8
cache-control: no-cache
content-length: 18

11:33:41.422 [AsyncHttpClient-1-8] DEBUG org.asynchttpclient.netty.channel.ChannelManager - Adding key: http://localhost:56969 for channel [id: 0xe91bc50f, L:/127.0.0.1:58425 - R:localhost/127.0.0.1:56969]
11:33:41.424 [Forwarding isElementEnabled on session d1ad8c1ed041660199d39b96aea23ac9 to remote] DEBUG org.asynchttpclient.netty.request.NettyRequestSender - Using pooled Channel '[id: 0xe91bc50f, L:/127.0.0.1:58425 - R:localhost/127.0.0.1:56969]' for 'GET' to 'http://localhost:56969/session/d1ad8c1ed041660199d39b96aea23ac9/element/0f497a94-7fc9-414b-82a3-47b72975212f/enabled'
11:33:41.425 [Forwarding isElementEnabled on session d1ad8c1ed041660199d39b96aea23ac9 to remote] DEBUG org.asynchttpclient.netty.request.NettyRequestSender - Using open Channel [id: 0xe91bc50f, L:/127.0.0.1:58425 - R:localhost/127.0.0.1:56969] for GET '/session/d1ad8c1ed041660199d39b96aea23ac9/element/0f497a94-7fc9-414b-82a3-47b72975212f/enabled'
11:33:41.438 [AsyncHttpClient-1-8] DEBUG org.asynchttpclient.netty.handler.HttpHandler - 

Request DefaultFullHttpRequest(decodeResult: success, version: HTTP/1.1, content: EmptyByteBufBE)
GET /session/d1ad8c1ed041660199d39b96aea23ac9/element/0f497a94-7fc9-414b-82a3-47b72975212f/enabled HTTP/1.1
User-Agent: selenium/4.1.2 (java windows)
Cache-Control: no-cache
Content-Type: application/json; charset=utf-8
host: localhost:56969
accept: */*

Response DefaultHttpResponse(decodeResult: success, version: HTTP/1.1)
HTTP/1.1 200 OK
Content-Type: application/json; charset=utf-8
cache-control: no-cache
content-length: 14

11:33:41.438 [AsyncHttpClient-1-8] DEBUG org.asynchttpclient.netty.channel.ChannelManager - Adding key: http://localhost:56969 for channel [id: 0xe91bc50f, L:/127.0.0.1:58425 - R:localhost/127.0.0.1:56969]
11:33:41.440 [Forwarding isElementEnabled on session d1ad8c1ed041660199d39b96aea23ac9 to remote] DEBUG org.asynchttpclient.netty.request.NettyRequestSender - Using pooled Channel '[id: 0xe91bc50f, L:/127.0.0.1:58425 - R:localhost/127.0.0.1:56969]' for 'GET' to 'http://localhost:56969/session/d1ad8c1ed041660199d39b96aea23ac9/element/0f497a94-7fc9-414b-82a3-47b72975212f/enabled'
11:33:41.440 [Forwarding isElementEnabled on session d1ad8c1ed041660199d39b96aea23ac9 to remote] DEBUG org.asynchttpclient.netty.request.NettyRequestSender - Using open Channel [id: 0xe91bc50f, L:/127.0.0.1:58425 - R:localhost/127.0.0.1:56969] for GET '/session/d1ad8c1ed041660199d39b96aea23ac9/element/0f497a94-7fc9-414b-82a3-47b72975212f/enabled'
11:33:41.447 [AsyncHttpClient-1-8] DEBUG org.asynchttpclient.netty.handler.HttpHandler - 

Request DefaultFullHttpRequest(decodeResult: success, version: HTTP/1.1, content: EmptyByteBufBE)
GET /session/d1ad8c1ed041660199d39b96aea23ac9/element/0f497a94-7fc9-414b-82a3-47b72975212f/enabled HTTP/1.1
User-Agent: selenium/4.1.2 (java windows)
Cache-Control: no-cache
Content-Type: application/json; charset=utf-8
host: localhost:56969
accept: */*

Response DefaultHttpResponse(decodeResult: success, version: HTTP/1.1)
HTTP/1.1 200 OK
Content-Type: application/json; charset=utf-8
cache-control: no-cache
content-length: 14

11:33:41.447 [AsyncHttpClient-1-8] DEBUG org.asynchttpclient.netty.channel.ChannelManager - Adding key: http://localhost:56969 for channel [id: 0xe91bc50f, L:/127.0.0.1:58425 - R:localhost/127.0.0.1:56969]
11:33:41.451 [Forwarding findElement on session d1ad8c1ed041660199d39b96aea23ac9 to remote] DEBUG org.asynchttpclient.netty.request.NettyRequestSender - Using pooled Channel '[id: 0xe91bc50f, L:/127.0.0.1:58425 - R:localhost/127.0.0.1:56969]' for 'POST' to 'http://localhost:56969/session/d1ad8c1ed041660199d39b96aea23ac9/element'
11:33:41.451 [Forwarding findElement on session d1ad8c1ed041660199d39b96aea23ac9 to remote] DEBUG org.asynchttpclient.netty.request.NettyRequestSender - Using open Channel [id: 0xe91bc50f, L:/127.0.0.1:58425 - R:localhost/127.0.0.1:56969] for POST '/session/d1ad8c1ed041660199d39b96aea23ac9/element'
11:33:41.463 [AsyncHttpClient-1-8] DEBUG org.asynchttpclient.netty.handler.HttpHandler - 

Request DefaultHttpRequest(decodeResult: success, version: HTTP/1.1)
POST /session/d1ad8c1ed041660199d39b96aea23ac9/element HTTP/1.1
User-Agent: selenium/4.1.2 (java windows)
Content-Length: 50
Content-Type: application/json; charset=utf-8
host: localhost:56969
accept: */*

Response DefaultHttpResponse(decodeResult: success, version: HTTP/1.1)
HTTP/1.1 200 OK
Content-Type: application/json; charset=utf-8
cache-control: no-cache
content-length: 88

11:33:41.463 [AsyncHttpClient-1-8] DEBUG org.asynchttpclient.netty.channel.ChannelManager - Adding key: http://localhost:56969 for channel [id: 0xe91bc50f, L:/127.0.0.1:58425 - R:localhost/127.0.0.1:56969]
11:33:41.466 [Forwarding clickElement on session d1ad8c1ed041660199d39b96aea23ac9 to remote] DEBUG org.asynchttpclient.netty.request.NettyRequestSender - Using pooled Channel '[id: 0xe91bc50f, L:/127.0.0.1:58425 - R:localhost/127.0.0.1:56969]' for 'POST' to 'http://localhost:56969/session/d1ad8c1ed041660199d39b96aea23ac9/element/0f497a94-7fc9-414b-82a3-47b72975212f/click'
11:33:41.466 [Forwarding clickElement on session d1ad8c1ed041660199d39b96aea23ac9 to remote] DEBUG org.asynchttpclient.netty.request.NettyRequestSender - Using open Channel [id: 0xe91bc50f, L:/127.0.0.1:58425 - R:localhost/127.0.0.1:56969] for POST '/session/d1ad8c1ed041660199d39b96aea23ac9/element/0f497a94-7fc9-414b-82a3-47b72975212f/click'
11:33:41.571 [AsyncHttpClient-1-8] DEBUG org.asynchttpclient.netty.handler.HttpHandler - 

Request DefaultHttpRequest(decodeResult: success, version: HTTP/1.1)
POST /session/d1ad8c1ed041660199d39b96aea23ac9/element/0f497a94-7fc9-414b-82a3-47b72975212f/click HTTP/1.1
User-Agent: selenium/4.1.2 (java windows)
Content-Length: 50
Content-Type: application/json; charset=utf-8
host: localhost:56969
accept: */*

Response DefaultHttpResponse(decodeResult: success, version: HTTP/1.1)
HTTP/1.1 200 OK
Content-Type: application/json; charset=utf-8
cache-control: no-cache
content-length: 14

11:33:41.572 [AsyncHttpClient-1-8] DEBUG org.asynchttpclient.netty.channel.ChannelManager - Adding key: http://localhost:56969 for channel [id: 0xe91bc50f, L:/127.0.0.1:58425 - R:localhost/127.0.0.1:56969]
11:33:41.588 [Forwarding screenshot on session d1ad8c1ed041660199d39b96aea23ac9 to remote] DEBUG org.asynchttpclient.netty.request.NettyRequestSender - Using pooled Channel '[id: 0xe91bc50f, L:/127.0.0.1:58425 - R:localhost/127.0.0.1:56969]' for 'GET' to 'http://localhost:56969/session/d1ad8c1ed041660199d39b96aea23ac9/screenshot'
11:33:41.588 [Forwarding screenshot on session d1ad8c1ed041660199d39b96aea23ac9 to remote] DEBUG org.asynchttpclient.netty.request.NettyRequestSender - Using open Channel [id: 0xe91bc50f, L:/127.0.0.1:58425 - R:localhost/127.0.0.1:56969] for GET '/session/d1ad8c1ed041660199d39b96aea23ac9/screenshot'
11:33:41.796 [AsyncHttpClient-1-8] DEBUG org.asynchttpclient.netty.handler.HttpHandler - 

Request DefaultFullHttpRequest(decodeResult: success, version: HTTP/1.1, content: EmptyByteBufBE)
GET /session/d1ad8c1ed041660199d39b96aea23ac9/screenshot HTTP/1.1
User-Agent: selenium/4.1.2 (java windows)
Cache-Control: no-cache
Content-Type: application/json; charset=utf-8
host: localhost:56969
accept: */*

Response DefaultHttpResponse(decodeResult: success, version: HTTP/1.1)
HTTP/1.1 200 OK
Content-Type: application/json; charset=utf-8
cache-control: no-cache
content-length: 166760

11:33:41.798 [AsyncHttpClient-1-8] DEBUG org.asynchttpclient.netty.channel.ChannelManager - Adding key: http://localhost:56969 for channel [id: 0xe91bc50f, L:/127.0.0.1:58425 - R:localhost/127.0.0.1:56969]
11:33:41.805 [main] DEBUG net.serenitybdd.core.photography.Darkroom - Send negative for processing for target\site\serenity\b4565589f4e630c6994e004e25f28e9ef644b9aaaefebc3d4c9af0bdaafd03b8.png
11:33:41.806 [main] DEBUG net.thucydides.core.steps.StepInterceptor - STEP DONE: clickLoginButton
11:33:41.806 [Darkroom Processing Line] DEBUG net.serenitybdd.core.photography.DarkroomProcessingLine - Processing screenshot image in /var/screenshots/screenshot-7121938188729575373
11:33:41.806 [Darkroom Processing Line] DEBUG net.serenitybdd.core.photography.DarkroomProcessingLine - Saving screenshot to target\site\serenity\b4565589f4e630c6994e004e25f28e9ef644b9aaaefebc3d4c9af0bdaafd03b8.png
  &amp#27;[32mAnd &amp#27;[0m&amp#27;[32mi click login button&amp#27;[0m                                   &amp#27;[90m# starter.stepdefenitions.LoginSteps.clickLoginButton()&amp#27;[0m
11:33:41.823 [main] DEBUG net.thucydides.core.steps.StepInterceptor - STARTING STEP: LoginSteps.iGetErrorMessage - getErrorMessage
11:33:41.826 [Forwarding findElement on session d1ad8c1ed041660199d39b96aea23ac9 to remote] DEBUG org.asynchttpclient.netty.request.NettyRequestSender - Using pooled Channel '[id: 0xe91bc50f, L:/127.0.0.1:58425 - R:localhost/127.0.0.1:56969]' for 'POST' to 'http://localhost:56969/session/d1ad8c1ed041660199d39b96aea23ac9/element'
11:33:41.826 [Forwarding findElement on session d1ad8c1ed041660199d39b96aea23ac9 to remote] DEBUG org.asynchttpclient.netty.request.NettyRequestSender - Using open Channel [id: 0xe91bc50f, L:/127.0.0.1:58425 - R:localhost/127.0.0.1:56969] for POST '/session/d1ad8c1ed041660199d39b96aea23ac9/element'
11:33:41.833 [AsyncHttpClient-1-8] DEBUG org.asynchttpclient.netty.handler.HttpHandler - 

Request DefaultHttpRequest(decodeResult: success, version: HTTP/1.1)
POST /session/d1ad8c1ed041660199d39b96aea23ac9/element HTTP/1.1
User-Agent: selenium/4.1.2 (java windows)
Content-Length: 53
Content-Type: application/json; charset=utf-8
host: localhost:56969
accept: */*

Response DefaultHttpResponse(decodeResult: success, version: HTTP/1.1)
HTTP/1.1 200 OK
Content-Type: application/json; charset=utf-8
cache-control: no-cache
content-length: 88

11:33:41.834 [AsyncHttpClient-1-8] DEBUG org.asynchttpclient.netty.channel.ChannelManager - Adding key: http://localhost:56969 for channel [id: 0xe91bc50f, L:/127.0.0.1:58425 - R:localhost/127.0.0.1:56969]
11:33:41.838 [Forwarding isElementDisplayed on session d1ad8c1ed041660199d39b96aea23ac9 to remote] DEBUG org.asynchttpclient.netty.request.NettyRequestSender - Using pooled Channel '[id: 0xe91bc50f, L:/127.0.0.1:58425 - R:localhost/127.0.0.1:56969]' for 'POST' to 'http://localhost:56969/session/d1ad8c1ed041660199d39b96aea23ac9/execute/sync'
11:33:41.838 [Forwarding isElementDisplayed on session d1ad8c1ed041660199d39b96aea23ac9 to remote] DEBUG org.asynchttpclient.netty.request.NettyRequestSender - Using open Channel [id: 0xe91bc50f, L:/127.0.0.1:58425 - R:localhost/127.0.0.1:56969] for POST '/session/d1ad8c1ed041660199d39b96aea23ac9/execute/sync'
11:33:41.850 [AsyncHttpClient-1-8] DEBUG org.asynchttpclient.netty.handler.HttpHandler - 

Request DefaultHttpRequest(decodeResult: success, version: HTTP/1.1)
POST /session/d1ad8c1ed041660199d39b96aea23ac9/execute/sync HTTP/1.1
User-Agent: selenium/4.1.2 (java windows)
Content-Length: 48780
Content-Type: application/json; charset=utf-8
host: localhost:56969
accept: */*

Response DefaultHttpResponse(decodeResult: success, version: HTTP/1.1)
HTTP/1.1 200 OK
Content-Type: application/json; charset=utf-8
cache-control: no-cache
content-length: 14

11:33:41.850 [AsyncHttpClient-1-8] DEBUG org.asynchttpclient.netty.channel.ChannelManager - Adding key: http://localhost:56969 for channel [id: 0xe91bc50f, L:/127.0.0.1:58425 - R:localhost/127.0.0.1:56969]
11:33:41.858 [Forwarding screenshot on session d1ad8c1ed041660199d39b96aea23ac9 to remote] DEBUG org.asynchttpclient.netty.request.NettyRequestSender - Using pooled Channel '[id: 0xe91bc50f, L:/127.0.0.1:58425 - R:localhost/127.0.0.1:56969]' for 'GET' to 'http://localhost:56969/session/d1ad8c1ed041660199d39b96aea23ac9/screenshot'
11:33:41.858 [Forwarding screenshot on session d1ad8c1ed041660199d39b96aea23ac9 to remote] DEBUG org.asynchttpclient.netty.request.NettyRequestSender - Using open Channel [id: 0xe91bc50f, L:/127.0.0.1:58425 - R:localhost/127.0.0.1:56969] for GET '/session/d1ad8c1ed041660199d39b96aea23ac9/screenshot'
11:33:42.084 [AsyncHttpClient-1-8] DEBUG org.asynchttpclient.netty.handler.HttpHandler - 

Request DefaultFullHttpRequest(decodeResult: success, version: HTTP/1.1, content: EmptyByteBufBE)
GET /session/d1ad8c1ed041660199d39b96aea23ac9/screenshot HTTP/1.1
User-Agent: selenium/4.1.2 (java windows)
Cache-Control: no-cache
Content-Type: application/json; charset=utf-8
host: localhost:56969
accept: */*

Response DefaultHttpResponse(decodeResult: success, version: HTTP/1.1)
HTTP/1.1 200 OK
Content-Type: application/json; charset=utf-8
cache-control: no-cache
content-length: 166648

11:33:42.086 [AsyncHttpClient-1-8] DEBUG org.asynchttpclient.netty.channel.ChannelManager - Adding key: http://localhost:56969 for channel [id: 0xe91bc50f, L:/127.0.0.1:58425 - R:localhost/127.0.0.1:56969]
11:33:42.095 [main] DEBUG net.serenitybdd.core.photography.Darkroom - Send negative for processing for target\site\serenity\3ea517a0216ef79437463b6b5d251cc2b8437b7963af47e4f7f6fc75a82386a6.png
11:33:42.095 [main] DEBUG net.thucydides.core.steps.StepInterceptor - STEP DONE: getErrorMessage
  &amp#27;[32mThen &amp#27;[0m&amp#27;[32mi get error message&amp#27;[0m                                   &amp#27;[90m# starter.stepdefenitions.LoginSteps.iGetErrorMessage()&amp#27;[0m
11:33:42.096 [Darkroom Processing Line] DEBUG net.serenitybdd.core.photography.DarkroomProcessingLine - Processing screenshot image in /var/screenshots/screenshot-3429592334232990372
11:33:42.096 [Darkroom Processing Line] DEBUG net.serenitybdd.core.photography.DarkroomProcessingLine - Saving screenshot to target\site\serenity\3ea517a0216ef79437463b6b5d251cc2b8437b7963af47e4f7f6fc75a82386a6.png
11:33:42.103 [main] INFO  - 
  _____   ___   ___   _____     ___     _     ___   ___   ___   ___  
 |_   _| | __| / __| |_   _|   | _ \   /_\   / __| / __| | __| |   \ 
   | |   | _|  \__ \   | |     |  _/  / _ \  \__ \ \__ \ | _|  | |) |
   |_|   |___| |___/   |_|     |_|   /_/ \_\ |___/ |___/ |___| |___/ 

As user i have failed to login with not input data
----------------------------------------------------------------------
11:33:42.104 [AsyncHttpClient-1-2] DEBUG org.asynchttpclient.netty.handler.WebSocketHandler - Channel Closed: [id: 0x1605a1e4, L:/127.0.0.1:58433 ! R:localhost/127.0.0.1:58426] with attribute NettyResponseFuture{currentRetry=5,
	isDone=1,
	isCancelled=0,
	asyncHandler=org.asynchttpclient.ws.WebSocketUpgradeHandler@744976c5,
	nettyRequest=org.asynchttpclient.netty.request.NettyRequest@f80eeba,
	future=java.util.concurrent.CompletableFuture@779ce28a[Completed normally],
	uri=ws://localhost:58426/devtools/browser/60c35afc-934d-45ba-9780-6431ba7d0bcd,
	keepAlive=true,
	redirectCount=0,
	timeoutsHolder=null,
	inAuth=0,
	touch=1650688413257}
11:33:42.104 [AsyncHttpClient-1-2] DEBUG org.asynchttpclient.netty.channel.ChannelManager - Closing Channel [id: 0x1605a1e4, L:/127.0.0.1:58433 ! R:localhost/127.0.0.1:58426] 
11:33:42.105 [Driver Command Executor] DEBUG org.asynchttpclient.netty.request.NettyRequestSender - Using pooled Channel '[id: 0xe91bc50f, L:/127.0.0.1:58425 - R:localhost/127.0.0.1:56969]' for 'DELETE' to 'http://localhost:56969/session/d1ad8c1ed041660199d39b96aea23ac9'
11:33:42.105 [Driver Command Executor] DEBUG org.asynchttpclient.netty.request.NettyRequestSender - Using open Channel [id: 0xe91bc50f, L:/127.0.0.1:58425 - R:localhost/127.0.0.1:56969] for DELETE '/session/d1ad8c1ed041660199d39b96aea23ac9'
11:33:42.196 [AsyncHttpClient-1-9] DEBUG org.asynchttpclient.netty.handler.HttpHandler - Unexpected I/O exception on channel [id: 0xa2965c57, L:/127.0.0.1:58432 - R:localhost/127.0.0.1:58426]
java.io.IOException: An existing connection was forcibly closed by the remote host
	at sun.nio.ch.SocketDispatcher.read0(Native Method)
	at sun.nio.ch.SocketDispatcher.read(SocketDispatcher.java:43)
	at sun.nio.ch.IOUtil.readIntoNativeBuffer(IOUtil.java:223)
	at sun.nio.ch.IOUtil.read(IOUtil.java:192)
	at sun.nio.ch.SocketChannelImpl.read(SocketChannelImpl.java:378)
	at io.netty.buffer.PooledByteBuf.setBytes(PooledByteBuf.java:258)
	at io.netty.buffer.AbstractByteBuf.writeBytes(AbstractByteBuf.java:1132)
	at io.netty.channel.socket.nio.NioSocketChannel.doReadBytes(NioSocketChannel.java:350)
	at io.netty.channel.nio.AbstractNioByteChannel$NioByteUnsafe.read(AbstractNioByteChannel.java:151)
	at io.netty.channel.nio.NioEventLoop.processSelectedKey(NioEventLoop.java:722)
	at io.netty.channel.nio.NioEventLoop.processSelectedKeysOptimized(NioEventLoop.java:658)
	at io.netty.channel.nio.NioEventLoop.processSelectedKeys(NioEventLoop.java:584)
	at io.netty.channel.nio.NioEventLoop.run(NioEventLoop.java:496)
	at io.netty.util.concurrent.SingleThreadEventExecutor$4.run(SingleThreadEventExecutor.java:986)
	at io.netty.util.internal.ThreadExecutorMap$2.run(ThreadExecutorMap.java:74)
	at io.netty.util.concurrent.FastThreadLocalRunnable.run(FastThreadLocalRunnable.java:30)
	at java.lang.Thread.run(Thread.java:750)
11:33:42.196 [AsyncHttpClient-1-9] DEBUG org.asynchttpclient.netty.channel.ChannelManager - Closing Channel [id: 0xa2965c57, L:/127.0.0.1:58432 - R:localhost/127.0.0.1:58426] 
11:33:42.196 [AsyncHttpClient-1-9] DEBUG org.asynchttpclient.netty.handler.HttpHandler - Channel Closed: [id: 0xa2965c57, L:/127.0.0.1:58432 ! R:localhost/127.0.0.1:58426] with attribute DISCARD
11:33:42.201 [AsyncHttpClient-1-1] DEBUG org.asynchttpclient.netty.channel.DefaultChannelPool - Entry count for : http://localhost:58426 : 1
11:33:42.201 [AsyncHttpClient-1-1] DEBUG org.asynchttpclient.netty.channel.DefaultChannelPool - Adding Candidate expired Channel [id: 0xa2965c57, L:/127.0.0.1:58432 ! R:localhost/127.0.0.1:58426] isIdleTimeoutExpired=false isRemotelyClosed=true isTtlExpired=false
11:33:42.201 [AsyncHttpClient-1-1] DEBUG org.asynchttpclient.netty.channel.DefaultChannelPool - Closing Idle Channel [id: 0xa2965c57, L:/127.0.0.1:58432 ! R:localhost/127.0.0.1:58426]
11:33:42.201 [AsyncHttpClient-1-1] DEBUG org.asynchttpclient.netty.channel.DefaultChannelPool - Closed 1 connections out of 1 in 0 ms
11:33:42.225 [AsyncHttpClient-1-8] DEBUG org.asynchttpclient.netty.handler.HttpHandler - 

Request DefaultFullHttpRequest(decodeResult: success, version: HTTP/1.1, content: EmptyByteBufBE)
DELETE /session/d1ad8c1ed041660199d39b96aea23ac9 HTTP/1.1
User-Agent: selenium/4.1.2 (java windows)
Content-Type: application/json; charset=utf-8
host: localhost:56969
accept: */*

Response DefaultHttpResponse(decodeResult: success, version: HTTP/1.1)
HTTP/1.1 200 OK
Content-Type: application/json; charset=utf-8
cache-control: no-cache
content-length: 14

11:33:42.226 [AsyncHttpClient-1-8] DEBUG org.asynchttpclient.netty.channel.ChannelManager - Adding key: http://localhost:56969 for channel [id: 0xe91bc50f, L:/127.0.0.1:58425 - R:localhost/127.0.0.1:56969]
11:33:42.325 [AsyncHttpClient-1-8] DEBUG org.asynchttpclient.netty.handler.HttpHandler - Channel Closed: [id: 0xe91bc50f, L:/127.0.0.1:58425 ! R:localhost/127.0.0.1:56969] with attribute DISCARD
]]></system-out>
    <system-err><![CDATA[Starting ChromeDriver 100.0.4896.60 (6a5d10861ce8de5fce22564658033b43cb7de047-refs/branch-heads/4896@{#875}) on port 56969
Only local connections are allowed.
Please see https://chromedriver.chromium.org/security-considerations for suggestions on keeping ChromeDriver safe.
ChromeDriver was started successfully.
Apr 23, 2022 11:33:33 AM org.openqa.selenium.remote.ProtocolHandshake createSession
INFO: Detected dialect: W3C
Apr 23, 2022 11:33:33 AM org.openqa.selenium.devtools.CdpVersionFinder findNearestMatch
WARNING: Unable to find an exact match for CDP version 100, so returning the closest version found: 97
Apr 23, 2022 11:33:33 AM org.openqa.selenium.devtools.CdpVersionFinder findNearestMatch
INFO: Found CDP implementation for version 100 of 97
]]></system-err>
  </testcase>
</testsuite>