-------------------------------------------------------------------------------
Test set: CucumberTestSuite
-------------------------------------------------------------------------------
Tests run: 18, Failures: 0, Errors: 4, Skipped: 0, Time elapsed: 106.793 sec <<< FAILURE! - in CucumberTestSuite
android user see homepage(As a user i have be able to success login)  Time elapsed: 15.522 sec  <<< ERROR!
org.openqa.selenium.TimeoutException: Expected condition failed: waiting for visibility of element located by By.xpath: //android.view.View[@content-desc="Products"] (tried for 15 second(s) with 500 milliseconds interval)
Caused by: org.openqa.selenium.NoSuchElementException: 
An element could not be located on the page using the given search parameters.
For documentation on this error, please visit: https://www.seleniumhq.org/exceptions/no_such_element.html
Build info: version: '3.141.59', revision: 'e82be7d358', time: '2018-11-14T08:17:03'
System info: host: 'DESKTOP-EQ55Q8H', ip: '10.234.143.146', os.name: 'Windows 10', os.arch: 'amd64', os.version: '10.0', java.version: '1.8.0_321'
Driver info: io.appium.java_client.android.AndroidDriver
Capabilities {app: D:\kampus merdeka\QE_MUHAMM..., appPackage: com.example.frontend_mobile, autoGrantPermissions: true, automationName: UiAutomator2, databaseEnabled: false, desired: {app: D:\kampus merdeka\QE_MUHAMM..., autoGrantPermissions: true, automationName: UiAutomator2, newCommandTimeout: 100, noReset: true, platformName: android, waitForIdleTimeout: 100}, deviceApiLevel: 30, deviceManufacturer: Sony, deviceModel: SOV40, deviceName: BH9702CSGN, deviceScreenDensity: 420, deviceScreenSize: 1096x2560, deviceUDID: BH9702CSGN, javascriptEnabled: true, locationContextEnabled: false, networkConnectionEnabled: true, newCommandTimeout: 100, noReset: true, pixelRatio: 2.625, platform: LINUX, platformName: Android, platformVersion: 11, statBarHeight: 63, takesScreenshot: true, viewportRect: {height: 2455, left: 0, top: 63, width: 1096}, waitForIdleTimeout: 100, warnings: {}, webStorageEnabled: false}
Session ID: 885abd56-aec4-4074-86cf-be19bc08f009
*** Element info: {Using=xpath, value=//android.view.View[@content-desc="Products"]}

As a user i have be able to success login  Time elapsed: 15.788 sec  <<< ERROR!
org.openqa.selenium.TimeoutException: Expected condition failed: waiting for visibility of element located by By.xpath: //android.view.View[@content-desc="Products"] (tried for 15 second(s) with 500 milliseconds interval)
Caused by: org.openqa.selenium.NoSuchElementException: 
An element could not be located on the page using the given search parameters.
For documentation on this error, please visit: https://www.seleniumhq.org/exceptions/no_such_element.html
Build info: version: '3.141.59', revision: 'e82be7d358', time: '2018-11-14T08:17:03'
System info: host: 'DESKTOP-EQ55Q8H', ip: '10.234.143.146', os.name: 'Windows 10', os.arch: 'amd64', os.version: '10.0', java.version: '1.8.0_321'
Driver info: io.appium.java_client.android.AndroidDriver
Capabilities {app: D:\kampus merdeka\QE_MUHAMM..., appPackage: com.example.frontend_mobile, autoGrantPermissions: true, automationName: UiAutomator2, databaseEnabled: false, desired: {app: D:\kampus merdeka\QE_MUHAMM..., autoGrantPermissions: true, automationName: UiAutomator2, newCommandTimeout: 100, noReset: true, platformName: android, waitForIdleTimeout: 100}, deviceApiLevel: 30, deviceManufacturer: Sony, deviceModel: SOV40, deviceName: BH9702CSGN, deviceScreenDensity: 420, deviceScreenSize: 1096x2560, deviceUDID: BH9702CSGN, javascriptEnabled: true, locationContextEnabled: false, networkConnectionEnabled: true, newCommandTimeout: 100, noReset: true, pixelRatio: 2.625, platform: LINUX, platformName: Android, platformVersion: 11, statBarHeight: 63, takesScreenshot: true, viewportRect: {height: 2455, left: 0, top: 63, width: 1096}, waitForIdleTimeout: 100, warnings: {}, webStorageEnabled: false}
Session ID: 885abd56-aec4-4074-86cf-be19bc08f009
*** Element info: {Using=xpath, value=//android.view.View[@content-desc="Products"]}

android user see "email atau password tidak valid" message(As user i have failed to login)  Time elapsed: 15.206 sec  <<< ERROR!
org.openqa.selenium.TimeoutException: Expected condition failed: waiting for visibility of element located by By.xpath: //android.view.View[@content-desc="Email atau password tidak valid."] (tried for 15 second(s) with 500 milliseconds interval)
Caused by: org.openqa.selenium.NoSuchElementException: 
An element could not be located on the page using the given search parameters.
For documentation on this error, please visit: https://www.seleniumhq.org/exceptions/no_such_element.html
Build info: version: '3.141.59', revision: 'e82be7d358', time: '2018-11-14T08:17:03'
System info: host: 'DESKTOP-EQ55Q8H', ip: '10.234.143.146', os.name: 'Windows 10', os.arch: 'amd64', os.version: '10.0', java.version: '1.8.0_321'
Driver info: io.appium.java_client.android.AndroidDriver
Capabilities {app: D:\kampus merdeka\QE_MUHAMM..., appPackage: com.example.frontend_mobile, autoGrantPermissions: true, automationName: UiAutomator2, databaseEnabled: false, desired: {app: D:\kampus merdeka\QE_MUHAMM..., autoGrantPermissions: true, automationName: UiAutomator2, newCommandTimeout: 100, noReset: true, platformName: android, waitForIdleTimeout: 100}, deviceApiLevel: 30, deviceManufacturer: Sony, deviceModel: SOV40, deviceName: BH9702CSGN, deviceScreenDensity: 420, deviceScreenSize: 1096x2560, deviceUDID: BH9702CSGN, javascriptEnabled: true, locationContextEnabled: false, networkConnectionEnabled: true, newCommandTimeout: 100, noReset: true, pixelRatio: 2.625, platform: LINUX, platformName: Android, platformVersion: 11, statBarHeight: 63, takesScreenshot: true, viewportRect: {height: 2455, left: 0, top: 63, width: 1096}, waitForIdleTimeout: 100, warnings: {}, webStorageEnabled: false}
Session ID: 6543fbb5-4253-4dfa-8eb5-38cb74d9805c
*** Element info: {Using=xpath, value=//android.view.View[@content-desc="Email atau password tidak valid."]}

As user i have failed to login  Time elapsed: 15.323 sec  <<< ERROR!
org.openqa.selenium.TimeoutException: Expected condition failed: waiting for visibility of element located by By.xpath: //android.view.View[@content-desc="Email atau password tidak valid."] (tried for 15 second(s) with 500 milliseconds interval)
Caused by: org.openqa.selenium.NoSuchElementException: 
An element could not be located on the page using the given search parameters.
For documentation on this error, please visit: https://www.seleniumhq.org/exceptions/no_such_element.html
Build info: version: '3.141.59', revision: 'e82be7d358', time: '2018-11-14T08:17:03'
System info: host: 'DESKTOP-EQ55Q8H', ip: '10.234.143.146', os.name: 'Windows 10', os.arch: 'amd64', os.version: '10.0', java.version: '1.8.0_321'
Driver info: io.appium.java_client.android.AndroidDriver
Capabilities {app: D:\kampus merdeka\QE_MUHAMM..., appPackage: com.example.frontend_mobile, autoGrantPermissions: true, automationName: UiAutomator2, databaseEnabled: false, desired: {app: D:\kampus merdeka\QE_MUHAMM..., autoGrantPermissions: true, automationName: UiAutomator2, newCommandTimeout: 100, noReset: true, platformName: android, waitForIdleTimeout: 100}, deviceApiLevel: 30, deviceManufacturer: Sony, deviceModel: SOV40, deviceName: BH9702CSGN, deviceScreenDensity: 420, deviceScreenSize: 1096x2560, deviceUDID: BH9702CSGN, javascriptEnabled: true, locationContextEnabled: false, networkConnectionEnabled: true, newCommandTimeout: 100, noReset: true, pixelRatio: 2.625, platform: LINUX, platformName: Android, platformVersion: 11, statBarHeight: 63, takesScreenshot: true, viewportRect: {height: 2455, left: 0, top: 63, width: 1096}, waitForIdleTimeout: 100, warnings: {}, webStorageEnabled: false}
Session ID: 6543fbb5-4253-4dfa-8eb5-38cb74d9805c
*** Element info: {Using=xpath, value=//android.view.View[@content-desc="Email atau password tidak valid."]}

