<?xml version="1.0" encoding="UTF-8"?>
<testsuite xmlns:xsi="http://www.w3.org/2001/XMLSchema-instance" xsi:schemaLocation="https://maven.apache.org/surefire/maven-surefire-plugin/xsd/surefire-test-report.xsd" name="CucumberTestSuite" time="139.707" tests="21" errors="2" skipped="5" failures="0">
  <properties>
[...]
</properties>
  <testcase name="user on calculator page" classname="As user i have be able to see sum result" time="28.07"/>
  <testcase name="user choose first number 5" classname="As user i have be able to see sum result" time="1.61"/>
  <testcase name="user tap sign &quot;plus&quot;" classname="As user i have be able to see sum result" time="1.846"/>
  <testcase name="user choose second number 7" classname="As user i have be able to see sum result" time="1.67"/>
  <testcase name="user tap sign &quot;equals&quot;" classname="As user i have be able to see sum result" time="1.616"/>
  <testcase name="user see the result sum" classname="As user i have be able to see sum result" time="0.016"/>
  <testcase name="As user i have be able to see sum result" classname="As user i have be able to see sum result" time="0.049"/>
  <testcase name="user on calculator page" classname="As user i have be able to see multiplied result" time="39.813">
    <error message="Expected condition failed: waiting for visibility of element located by By.AccessibilityId: Calculator (tried for 15 second(s) with 500 milliseconds interval)" type="org.openqa.selenium.TimeoutException">org.openqa.selenium.TimeoutException: Expected condition failed: waiting for visibility of element located by By.AccessibilityId: Calculator (tried for 15 second(s) with 500 milliseconds interval)
Caused by: org.openqa.selenium.NoSuchElementException: 
An element could not be located on the page using the given search parameters.
For documentation on this error, please visit: https://www.seleniumhq.org/exceptions/no_such_element.html
Build info: version: '3.141.59', revision: 'e82be7d358', time: '2018-11-14T08:17:03'
System info: host: 'DESKTOP-EQ55Q8H', ip: '192.168.43.104', os.name: 'Windows 10', os.arch: 'amd64', os.version: '10.0', java.version: '1.8.0_321'
Driver info: io.appium.java_client.android.AndroidDriver
Capabilities {app: D:\kampus merdeka\Intelij\m..., appPackage: com.example.calculator, autoGrantPermissions: true, automationName: UiAutomator2, databaseEnabled: false, desired: {app: D:\kampus merdeka\Intelij\m..., autoGrantPermissions: true, automationName: UiAutomator2, newCommandTimeout: 100, noReset: true, platformName: android, waitForIdleTimeout: 100}, deviceApiLevel: 29, deviceManufacturer: Xiaomi, deviceModel: MI 8, deviceName: f94a8b4a, deviceScreenDensity: 440, deviceScreenSize: 1080x2248, deviceUDID: f94a8b4a, javascriptEnabled: true, locationContextEnabled: false, networkConnectionEnabled: true, newCommandTimeout: 100, noReset: true, pixelRatio: 2.75, platform: LINUX, platformName: Android, platformVersion: 10, statBarHeight: 89, takesScreenshot: true, viewportRect: {height: 1940, left: 0, top: 89, width: 1080}, waitForIdleTimeout: 100, warnings: {}, webStorageEnabled: false}
Session ID: 1ddbc858-e5fb-4815-9742-4c511a1d00d8
*** Element info: {Using=accessibility id, value=Calculator}
</error>
    <system-out><![CDATA[
@calculator @multiplied
Scenario: As user i have be able to see multiplied result &amp#27;[90m# src/test/resources/features/Operasi.feature:14&amp#27;[0m
]]></system-out>
    <system-err><![CDATA[[main] INFO io.cucumber.core.plugin.SerenityReporter - Running feature from file:///D:/kampus%20merdeka/Intelij/mobile/src/test/resources/features/Operasi.feature
[main] INFO  - 
  _____   ___   ___   _____     ___   _____     _     ___   _____   ___   ___  
 |_   _| | __| / __| |_   _|   / __| |_   _|   /_\   | _ \ |_   _| | __| |   \ 
   | |   | _|  \__ \   | |     \__ \   | |    / _ \  |   /   | |   | _|  | |) |
   |_|   |___| |___/   |_|     |___/   |_|   /_/ \_\ |_|_\   |_|   |___| |___/ 

As user i have be able to see multiplied result(as-a-user-i-want-to-complete-some-problem-math-so-that-i-have-to-operate-calculator;as-user-i-have-be-able-to-see-multiplied-result)
--------------------------------------------------------------------------------
Apr 24, 2022 11:26:39 PM io.appium.java_client.remote.AppiumCommandExecutor$1 lambda$0
INFO: Detected dialect: W3C
]]></system-err>
  </testcase>
  <testcase name="user choose first number 9" classname="As user i have be able to see multiplied result" time="0">
    <skipped/>
    <system-out><![CDATA[  &amp#27;[31mGiven &amp#27;[0m&amp#27;[31muser on calculator page&amp#27;[0m                           &amp#27;[90m# test.mobile.stepdefenitions.CalculatorSteps.onCalculatorPage()&amp#27;[0m
      &amp#27;[31morg.openqa.selenium.TimeoutException: Expected condition failed: waiting for visibility of element located by By.AccessibilityId: Calculator (tried for 15 second(s) with 500 milliseconds interval)
	at org.openqa.selenium.support.ui.WebDriverWait.timeoutException(WebDriverWait.java:95)
	at org.openqa.selenium.support.ui.FluentWait.until(FluentWait.java:272)
	at test.mobile.pageobject.BasePageObject.waitUntilVisible(BasePageObject.java:36)
	at test.mobile.pages.CalculatorPage$ByteBuddy$zZaHQuOK.waitUntilVisible$accessor$UHZnw0Vv(Unknown Source)
	at sun.reflect.NativeMethodAccessorImpl.invoke0(Native Method)
	at sun.reflect.NativeMethodAccessorImpl.invoke(NativeMethodAccessorImpl.java:62)
	at sun.reflect.DelegatingMethodAccessorImpl.invoke(DelegatingMethodAccessorImpl.java:43)
	at java.lang.reflect.Method.invoke(Method.java:498)
	at net.thucydides.core.steps.BaseMethodRunner.invokeMethod(BaseMethodRunner.java:18)
	at net.thucydides.core.steps.NormalMethodRunner.invokeMethodAndNotifyFailures(NormalMethodRunner.java:18)
	at net.thucydides.core.steps.StepInterceptor.runNormalMethod(StepInterceptor.java:407)
	at net.thucydides.core.steps.StepInterceptor.testStepResult(StepInterceptor.java:192)
	at net.thucydides.core.steps.StepInterceptor.intercept(StepInterceptor.java:85)
	at net.thucydides.core.steps.ProxyConfiguration$InterceptorDispatcher.intercept(ProxyConfiguration.java:51)
	at test.mobile.pages.CalculatorPage$ByteBuddy$zZaHQuOK.waitUntilVisible(Unknown Source)
	at test.mobile.pages.CalculatorPage.onCalculatorPage(CalculatorPage.java:71)
	at test.mobile.pages.CalculatorPage$ByteBuddy$zZaHQuOK.onCalculatorPage$accessor$UHZnw0Vv(Unknown Source)
	at sun.reflect.NativeMethodAccessorImpl.invoke0(Native Method)
	at sun.reflect.NativeMethodAccessorImpl.invoke(NativeMethodAccessorImpl.java:62)
	at sun.reflect.DelegatingMethodAccessorImpl.invoke(DelegatingMethodAccessorImpl.java:43)
	at java.lang.reflect.Method.invoke(Method.java:498)
	at net.thucydides.core.steps.StepInterceptor.invokeMethod(StepInterceptor.java:504)
	at net.thucydides.core.steps.StepInterceptor.executeTestStepMethod(StepInterceptor.java:484)
	at net.thucydides.core.steps.StepInterceptor.runTestStep(StepInterceptor.java:458)
	at net.thucydides.core.steps.StepInterceptor.runOrSkipMethod(StepInterceptor.java:210)
	at net.thucydides.core.steps.StepInterceptor.testStepResult(StepInterceptor.java:197)
	at net.thucydides.core.steps.StepInterceptor.intercept(StepInterceptor.java:85)
	at net.thucydides.core.steps.ProxyConfiguration$InterceptorDispatcher.intercept(ProxyConfiguration.java:51)
	at test.mobile.pages.CalculatorPage$ByteBuddy$zZaHQuOK.onCalculatorPage(Unknown Source)
	at test.mobile.stepdefenitions.CalculatorSteps.onCalculatorPage(CalculatorSteps.java:22)
	at âœ½.user on calculator page(file:///D:/kampus%20merdeka/Intelij/mobile/src/test/resources/features/Operasi.feature:15)
Caused by: org.openqa.selenium.NoSuchElementException: An element could not be located on the page using the given search parameters.
For documentation on this error, please visit: https://www.seleniumhq.org/exceptions/no_such_element.html
Build info: version: '3.141.59', revision: 'e82be7d358', time: '2018-11-14T08:17:03'
System info: host: 'DESKTOP-EQ55Q8H', ip: '192.168.43.104', os.name: 'Windows 10', os.arch: 'amd64', os.version: '10.0', java.version: '1.8.0_321'
Driver info: io.appium.java_client.android.AndroidDriver
Capabilities {app: D:\kampus merdeka\Intelij\m..., appPackage: com.example.calculator, autoGrantPermissions: true, automationName: UiAutomator2, databaseEnabled: false, desired: {app: D:\kampus merdeka\Intelij\m..., autoGrantPermissions: true, automationName: UiAutomator2, newCommandTimeout: 100, noReset: true, platformName: android, waitForIdleTimeout: 100}, deviceApiLevel: 29, deviceManufacturer: Xiaomi, deviceModel: MI 8, deviceName: f94a8b4a, deviceScreenDensity: 440, deviceScreenSize: 1080x2248, deviceUDID: f94a8b4a, javascriptEnabled: true, locationContextEnabled: false, networkConnectionEnabled: true, newCommandTimeout: 100, noReset: true, pixelRatio: 2.75, platform: LINUX, platformName: Android, platformVersion: 10, statBarHeight: 89, takesScreenshot: true, viewportRect: {height: 1940, left: 0, top: 89, width: 1080}, waitForIdleTimeout: 100, warnings: {}, webStorageEnabled: false}
Session ID: 1ddbc858-e5fb-4815-9742-4c511a1d00d8
*** Element info: {Using=accessibility id, value=Calculator}
	at sun.reflect.NativeConstructorAccessorImpl.newInstance0(Native Method)
	at sun.reflect.NativeConstructorAccessorImpl.newInstance(NativeConstructorAccessorImpl.java:62)
	at sun.reflect.DelegatingConstructorAccessorImpl.newInstance(DelegatingConstructorAccessorImpl.java:45)
	at java.lang.reflect.Constructor.newInstance(Constructor.java:423)
	at org.openqa.selenium.remote.http.W3CHttpResponseCodec.createException(W3CHttpResponseCodec.java:187)
	at org.openqa.selenium.remote.http.W3CHttpResponseCodec.decode(W3CHttpResponseCodec.java:122)
	at org.openqa.selenium.remote.http.W3CHttpResponseCodec.decode(W3CHttpResponseCodec.java:49)
	at org.openqa.selenium.remote.HttpCommandExecutor.execute(HttpCommandExecutor.java:158)
	at io.appium.java_client.remote.AppiumCommandExecutor.execute(AppiumCommandExecutor.java:250)
	at org.openqa.selenium.remote.RemoteWebDriver.execute(RemoteWebDriver.java:552)
	at io.appium.java_client.DefaultGenericMobileDriver.execute(DefaultGenericMobileDriver.java:41)
	at io.appium.java_client.AppiumDriver.execute(AppiumDriver.java:1)
	at io.appium.java_client.android.AndroidDriver.execute(AndroidDriver.java:1)
	at org.openqa.selenium.remote.RemoteWebDriver.findElement(RemoteWebDriver.java:323)
	at io.appium.java_client.DefaultGenericMobileDriver.findElement(DefaultGenericMobileDriver.java:61)
	at io.appium.java_client.AppiumDriver.findElement(AppiumDriver.java:1)
	at io.appium.java_client.android.AndroidDriver.findElement(AndroidDriver.java:1)
	at io.appium.java_client.FindsByAccessibilityId.findElementByAccessibilityId(FindsByAccessibilityId.java:37)
	at io.appium.java_client.MobileBy$ByAccessibilityId.findElement(MobileBy.java:284)
	at org.openqa.selenium.remote.RemoteWebDriver.findElement(RemoteWebDriver.java:315)
	at io.appium.java_client.DefaultGenericMobileDriver.findElement(DefaultGenericMobileDriver.java:57)
	at io.appium.java_client.AppiumDriver.findElement(AppiumDriver.java:1)
	at io.appium.java_client.android.AndroidDriver.findElement(AndroidDriver.java:1)
	at org.openqa.selenium.support.ui.ExpectedConditions$7.apply(ExpectedConditions.java:205)
	at org.openqa.selenium.support.ui.ExpectedConditions$7.apply(ExpectedConditions.java:201)
	at org.openqa.selenium.support.ui.FluentWait.until(FluentWait.java:249)
	at test.mobile.pageobject.BasePageObject.waitUntilVisible(BasePageObject.java:36)
	at test.mobile.pages.CalculatorPage$ByteBuddy$zZaHQuOK.waitUntilVisible$accessor$UHZnw0Vv(Unknown Source)
	at sun.reflect.NativeMethodAccessorImpl.invoke0(Native Method)
	at sun.reflect.NativeMethodAccessorImpl.invoke(NativeMethodAccessorImpl.java:62)
	at sun.reflect.DelegatingMethodAccessorImpl.invoke(DelegatingMethodAccessorImpl.java:43)
	at java.lang.reflect.Method.invoke(Method.java:498)
	at net.thucydides.core.steps.BaseMethodRunner.invokeMethod(BaseMethodRunner.java:18)
	at net.thucydides.core.steps.NormalMethodRunner.invokeMethodAndNotifyFailures(NormalMethodRunner.java:18)
	at net.thucydides.core.steps.StepInterceptor.runNormalMethod(StepInterceptor.java:407)
	at net.thucydides.core.steps.StepInterceptor.testStepResult(StepInterceptor.java:192)
	at net.thucydides.core.steps.StepInterceptor.intercept(StepInterceptor.java:85)
	at net.thucydides.core.steps.ProxyConfiguration$InterceptorDispatcher.intercept(ProxyConfiguration.java:51)
	at test.mobile.pages.CalculatorPage$ByteBuddy$zZaHQuOK.waitUntilVisible(Unknown Source)
	at test.mobile.pages.CalculatorPage.onCalculatorPage(CalculatorPage.java:71)
	at test.mobile.pages.CalculatorPage$ByteBuddy$zZaHQuOK.onCalculatorPage$accessor$UHZnw0Vv(Unknown Source)
	at sun.reflect.NativeMethodAccessorImpl.invoke0(Native Method)
	at sun.reflect.NativeMethodAccessorImpl.invoke(NativeMethodAccessorImpl.java:62)
	at sun.reflect.DelegatingMethodAccessorImpl.invoke(DelegatingMethodAccessorImpl.java:43)
	at java.lang.reflect.Method.invoke(Method.java:498)
	at net.thucydides.core.steps.StepInterceptor.invokeMethod(StepInterceptor.java:504)
	at net.thucydides.core.steps.StepInterceptor.executeTestStepMethod(StepInterceptor.java:484)
	at net.thucydides.core.steps.StepInterceptor.runTestStep(StepInterceptor.java:458)
	at net.thucydides.core.steps.StepInterceptor.runOrSkipMethod(StepInterceptor.java:210)
	at net.thucydides.core.steps.StepInterceptor.testStepResult(StepInterceptor.java:197)
	at net.thucydides.core.steps.StepInterceptor.intercept(StepInterceptor.java:85)
	at net.thucydides.core.steps.ProxyConfiguration$InterceptorDispatcher.intercept(ProxyConfiguration.java:51)
	at test.mobile.pages.CalculatorPage$ByteBuddy$zZaHQuOK.onCalculatorPage(Unknown Source)
	at test.mobile.stepdefenitions.CalculatorSteps.onCalculatorPage(CalculatorSteps.java:22)
	at sun.reflect.NativeMethodAccessorImpl.invoke0(Native Method)
	at sun.reflect.NativeMethodAccessorImpl.invoke(NativeMethodAccessorImpl.java:62)
	at sun.reflect.DelegatingMethodAccessorImpl.invoke(DelegatingMethodAccessorImpl.java:43)
	at java.lang.reflect.Method.invoke(Method.java:498)
	at io.cucumber.java.Invoker.doInvoke(Invoker.java:66)
	at io.cucumber.java.Invoker.invoke(Invoker.java:24)
	at io.cucumber.java.AbstractGlueDefinition.invokeMethod(AbstractGlueDefinition.java:47)
	at io.cucumber.java.JavaStepDefinition.execute(JavaStepDefinition.java:29)
	at io.cucumber.core.runner.CoreStepDefinition.execute(CoreStepDefinition.java:66)
	at io.cucumber.core.runner.PickleStepDefinitionMatch.runStep(PickleStepDefinitionMatch.java:63)
	at io.cucumber.core.runner.ExecutionMode$1.execute(ExecutionMode.java:10)
	at io.cucumber.core.runner.TestStep.executeStep(TestStep.java:92)
	at io.cucumber.core.runner.TestStep.run(TestStep.java:64)
	at io.cucumber.core.runner.PickleStepTestStep.run(PickleStepTestStep.java:51)
	at io.cucumber.core.runner.TestCase.run(TestCase.java:104)
	at io.cucumber.core.runner.Runner.runPickle(Runner.java:73)
	at io.cucumber.junit.PickleRunners$WithStepDescriptions.run(PickleRunners.java:110)
	at io.cucumber.junit.FeatureRunner.runChild(FeatureRunner.java:135)
	at io.cucumber.junit.FeatureRunner.runChild(FeatureRunner.java:27)
	at org.junit.runners.ParentRunner$4.run(ParentRunner.java:331)
	at org.junit.runners.ParentRunner$1.schedule(ParentRunner.java:79)
	at org.junit.runners.ParentRunner.runChildren(ParentRunner.java:329)
	at org.junit.runners.ParentRunner.access$100(ParentRunner.java:66)
	at org.junit.runners.ParentRunner$2.evaluate(ParentRunner.java:293)
	at org.junit.runners.ParentRunner$3.evaluate(ParentRunner.java:306)
	at org.junit.runners.ParentRunner.run(ParentRunner.java:413)
	at io.cucumber.junit.CucumberSerenityRunner.runChild(CucumberSerenityRunner.java:258)
	at io.cucumber.junit.CucumberSerenityRunner.runChild(CucumberSerenityRunner.java:57)
	at org.junit.runners.ParentRunner$4.run(ParentRunner.java:331)
	at org.junit.runners.ParentRunner$1.schedule(ParentRunner.java:79)
	at org.junit.runners.ParentRunner.runChildren(ParentRunner.java:329)
	at org.junit.runners.ParentRunner.access$100(ParentRunner.java:66)
	at org.junit.runners.ParentRunner$2.evaluate(ParentRunner.java:293)
	at io.cucumber.junit.CucumberSerenityRunner$RunCucumber.evaluate(CucumberSerenityRunner.java:286)
	at org.junit.runners.ParentRunner$3.evaluate(ParentRunner.java:306)
	at org.junit.runners.ParentRunner.run(ParentRunner.java:413)
	at org.apache.maven.surefire.junit4.JUnit4Provider.execute(JUnit4Provider.java:367)
	at org.apache.maven.surefire.junit4.JUnit4Provider.executeWithRerun(JUnit4Provider.java:274)
	at org.apache.maven.surefire.junit4.JUnit4Provider.executeTestSet(JUnit4Provider.java:238)
	at org.apache.maven.surefire.junit4.JUnit4Provider.invoke(JUnit4Provider.java:161)
	at org.apache.maven.surefire.booter.ForkedBooter.invokeProviderInSameClassLoader(ForkedBooter.java:290)
	at org.apache.maven.surefire.booter.ForkedBooter.runSuitesInProcess(ForkedBooter.java:242)
	at org.apache.maven.surefire.booter.ForkedBooter.main(ForkedBooter.java:121)
&amp#27;[0m
]]></system-out>
  </testcase>
  <testcase name="user tap sign &quot;multiplied&quot;" classname="As user i have be able to see multiplied result" time="0">
    <skipped/>
    <system-out><![CDATA[  &amp#27;[36mWhen &amp#27;[0m&amp#27;[36muser choose first number &amp#27;[0m&amp#27;[36m&amp#27;[1m9&amp#27;[0m                         &amp#27;[90m# test.mobile.stepdefenitions.CalculatorSteps.userChooseFirstNumber(int)&amp#27;[0m
]]></system-out>
  </testcase>
  <testcase name="user choose second number 2" classname="As user i have be able to see multiplied result" time="0">
    <skipped/>
    <system-out><![CDATA[  &amp#27;[36mAnd &amp#27;[0m&amp#27;[36muser tap sign &amp#27;[0m&amp#27;[36m&amp#27;[1m"multiplied"&amp#27;[0m                          &amp#27;[90m# test.mobile.stepdefenitions.CalculatorSteps.userTapSign(java.lang.String)&amp#27;[0m
]]></system-out>
  </testcase>
  <testcase name="user tap sign &quot;equals&quot;" classname="As user i have be able to see multiplied result" time="0">
    <skipped/>
    <system-out><![CDATA[  &amp#27;[36mAnd &amp#27;[0m&amp#27;[36muser choose second number &amp#27;[0m&amp#27;[36m&amp#27;[1m2&amp#27;[0m                         &amp#27;[90m# test.mobile.stepdefenitions.CalculatorSteps.userChooseSecondNumber(int)&amp#27;[0m
]]></system-out>
  </testcase>
  <testcase name="user see the result multiplied" classname="As user i have be able to see multiplied result" time="0">
    <skipped/>
    <system-out><![CDATA[  &amp#27;[36mAnd &amp#27;[0m&amp#27;[36muser tap sign &amp#27;[0m&amp#27;[36m&amp#27;[1m"equals"&amp#27;[0m                              &amp#27;[90m# test.mobile.stepdefenitions.CalculatorSteps.userTapSign(java.lang.String)&amp#27;[0m
]]></system-out>
  </testcase>
  <testcase name="As user i have be able to see multiplied result" classname="As user i have be able to see multiplied result" time="0.058">
    <error message="Expected condition failed: waiting for visibility of element located by By.AccessibilityId: Calculator (tried for 15 second(s) with 500 milliseconds interval)" type="org.openqa.selenium.TimeoutException">org.openqa.selenium.TimeoutException: Expected condition failed: waiting for visibility of element located by By.AccessibilityId: Calculator (tried for 15 second(s) with 500 milliseconds interval)
Caused by: org.openqa.selenium.NoSuchElementException: 
An element could not be located on the page using the given search parameters.
For documentation on this error, please visit: https://www.seleniumhq.org/exceptions/no_such_element.html
Build info: version: '3.141.59', revision: 'e82be7d358', time: '2018-11-14T08:17:03'
System info: host: 'DESKTOP-EQ55Q8H', ip: '192.168.43.104', os.name: 'Windows 10', os.arch: 'amd64', os.version: '10.0', java.version: '1.8.0_321'
Driver info: io.appium.java_client.android.AndroidDriver
Capabilities {app: D:\kampus merdeka\Intelij\m..., appPackage: com.example.calculator, autoGrantPermissions: true, automationName: UiAutomator2, databaseEnabled: false, desired: {app: D:\kampus merdeka\Intelij\m..., autoGrantPermissions: true, automationName: UiAutomator2, newCommandTimeout: 100, noReset: true, platformName: android, waitForIdleTimeout: 100}, deviceApiLevel: 29, deviceManufacturer: Xiaomi, deviceModel: MI 8, deviceName: f94a8b4a, deviceScreenDensity: 440, deviceScreenSize: 1080x2248, deviceUDID: f94a8b4a, javascriptEnabled: true, locationContextEnabled: false, networkConnectionEnabled: true, newCommandTimeout: 100, noReset: true, pixelRatio: 2.75, platform: LINUX, platformName: Android, platformVersion: 10, statBarHeight: 89, takesScreenshot: true, viewportRect: {height: 1940, left: 0, top: 89, width: 1080}, waitForIdleTimeout: 100, warnings: {}, webStorageEnabled: false}
Session ID: 1ddbc858-e5fb-4815-9742-4c511a1d00d8
*** Element info: {Using=accessibility id, value=Calculator}
</error>
    <system-out><![CDATA[  &amp#27;[36mThen &amp#27;[0m&amp#27;[36muser see the result multiplied&amp#27;[0m                     &amp#27;[90m# test.mobile.stepdefenitions.CalculatorSteps.userSeeTheResultMultiplied()&amp#27;[0m
]]></system-out>
  </testcase>
  <testcase name="user on calculator page" classname="As user i have be able to see minus result" time="28.125"/>
  <testcase name="user choose first number 4" classname="As user i have be able to see minus result" time="1.462"/>
  <testcase name="user tap sign &quot;minus&quot;" classname="As user i have be able to see minus result" time="1.957"/>
  <testcase name="user choose second number 6" classname="As user i have be able to see minus result" time="1.61"/>
  <testcase name="user tap sign &quot;equals&quot;" classname="As user i have be able to see minus result" time="1.527"/>
  <testcase name="user see the result minus" classname="As user i have be able to see minus result" time="0.007"/>
  <testcase name="As user i have be able to see minus result" classname="As user i have be able to see minus result" time="0.037"/>
</testsuite>