<?xml version="1.0" encoding="UTF-8"?>
<testsuite xmlns:xsi="http://www.w3.org/2001/XMLSchema-instance" xsi:noNamespaceSchemaLocation="https://maven.apache.org/surefire/maven-failsafe-plugin/xsd/failsafe-test-report-3.0.xsd" version="3.0" name="starter.CucumberTestSuite" time="109.924" tests="1" errors="0" skipped="0" failures="0">
  <properties>
[...]
</properties>
  <testcase name="As user i have failed to create account with no input password" classname="As user i want to create account So that i can login" time="81.219">
    <system-out><![CDATA[16:15:54.553 [main] INFO io.cucumber.core.plugin.SerenityReporter - Running feature from file:///D:/github/QE_MUHAMMAD-ADIBASYAH/miniproject/web/src/test/resources/features/Detail.feature
16:15:55.307 [main] INFO  - 

-------------------------------------------------------------------------------------
     _______. _______ .______       _______ .__   __.  __  .___________.____    ____ 
    /       ||   ____||   _  \     |   ____||  \ |  | |  | |           |\   \  /   / 
   |   (----`|  |__   |  |_)  |    |  |__   |   \|  | |  | `---|  |----` \   \/   /  
    \   \    |   __|  |      /     |   __|  |  . `  | |  |     |  |       \_    _/   
.----)   |   |  |____ |  |\  \----.|  |____ |  |\   | |  |     |  |         |  |     
|_______/    |_______|| _| `._____||_______||__| \__| |__|     |__|         |__|    
                                                                                     
 News and tutorials at http://www.serenity-bdd.info                                  
 Documentation at https://wakaleo.gitbooks.io/the-serenity-book/content/             
 Join the Serenity Community on Gitter: https://gitter.im/serenity-bdd/serenity-core 
 Serenity BDD Support and Training at http://serenity-bdd.info/#/trainingandsupport  
-------------------------------------------------------------------------------------

16:15:55.314 [main] DEBUG net.thucydides.core.steps.StepEventBus - Test suite started for story net.thucydides.core.model.Story@dab2d92f
16:15:55.322 [main] INFO  - Test Suite Started: As user I want to see details product
16:15:55.386 [main] INFO io.cucumber.core.plugin.SerenityReporter - Running feature from file:///D:/github/QE_MUHAMMAD-ADIBASYAH/miniproject/web/src/test/resources/features/Login.feature
16:15:55.400 [main] DEBUG net.thucydides.core.steps.StepEventBus - Test suite started for story net.thucydides.core.model.Story@ce9267e8
16:15:55.401 [main] INFO  - Test Suite Started: As user I want to login So that i can see home page
16:15:55.402 [main] INFO io.cucumber.core.plugin.SerenityReporter - Running feature from file:///D:/github/QE_MUHAMMAD-ADIBASYAH/miniproject/web/src/test/resources/features/Product.feature
16:15:55.408 [main] DEBUG net.thucydides.core.steps.StepEventBus - Test suite started for story net.thucydides.core.model.Story@18d344f6
16:15:55.409 [main] INFO  - Test Suite Started: As a user I want to buy items in the home page
16:15:55.409 [main] INFO io.cucumber.core.plugin.SerenityReporter - Running feature from file:///D:/github/QE_MUHAMMAD-ADIBASYAH/miniproject/web/src/test/resources/features/Register.feature
16:15:55.419 [main] DEBUG net.thucydides.core.steps.StepEventBus - Test suite started for story net.thucydides.core.model.Story@5074cca9
16:15:55.420 [main] INFO  - Test Suite Started: As user i want to create account So that i can login
16:15:55.421 [main] INFO io.cucumber.core.plugin.SerenityReporter - Running feature from file:///D:/github/QE_MUHAMMAD-ADIBASYAH/miniproject/web/src/test/resources/features/Transaction.feature
16:15:55.428 [main] DEBUG net.thucydides.core.steps.StepEventBus - Test suite started for story net.thucydides.core.model.Story@2fff0c52
16:15:55.429 [main] INFO  - Test Suite Started: As a user I want to pay for all items in the basket
16:15:55.430 [main] INFO io.cucumber.core.plugin.SerenityReporter - Running feature from file:///D:/github/QE_MUHAMMAD-ADIBASYAH/miniproject/web/src/test/resources/features/Register.feature
16:15:55.436 [main] DEBUG net.thucydides.core.steps.StepEventBus - Test suite started for story net.thucydides.core.model.Story@5074cca9
16:15:55.437 [main] INFO  - Test Suite Started: As user i want to create account So that i can login

@register @negative2
Scenario: As user i have failed to create account with no input password &amp#27;[90m# src/test/resources/features/Register.feature:23&amp#27;[0m
16:15:55.827 [main] INFO io.cucumber.core.plugin.SerenityReporter - Running feature from file:///D:/github/QE_MUHAMMAD-ADIBASYAH/miniproject/web/src/test/resources/features/Register.feature
16:15:56.176 [main] INFO  - 
  _____   ___   ___   _____     ___   _____     _     ___   _____   ___   ___  
 |_   _| | __| / __| |_   _|   / __| |_   _|   /_\   | _ \ |_   _| | __| |   \ 
   | |   | _|  \__ \   | |     \__ \   | |    / _ \  |   /   | |   | _|  | |) |
   |_|   |___| |___/   |_|     |___/   |_|   /_/ \_\ |_|_\   |_|   |___| |___/ 

As user i have failed to create account with no input password(as-user-i-want-to-create-account-so-that-i-can-login;as-user-i-have-failed-to-create-account-with-no-input-password)
--------------------------------------------------------------------------------
16:15:58.671 [main] DEBUG net.thucydides.core.steps.StepInterceptor - STARTING STEP: RegisterSteps.onRegisterPage - openPage
16:15:59.055 [main] INFO net.serenitybdd.core.webdriver.driverproviders.ChromeDriverProvider - Using automatically driver download
16:16:02.037 [main] DEBUG io.github.bonigarcia.wdm.cache.ResolutionCache - Removing resolution chrome=101 from cache (expired on Tue May 17 14:48:21 ICT 2022)
16:16:02.091 [main] DEBUG org.apache.hc.client5.http.impl.classic.InternalHttpClient - ex-00000001: preparing request execution
16:16:02.105 [main] DEBUG org.apache.hc.client5.http.protocol.RequestAddCookies - Cookie spec selected: strict
16:16:02.118 [main] DEBUG org.apache.hc.client5.http.protocol.RequestAuthCache - Auth cache not set in the context
16:16:02.118 [main] DEBUG org.apache.hc.client5.http.impl.classic.ProtocolExec - ex-00000001: target auth state: UNCHALLENGED
16:16:02.120 [main] DEBUG org.apache.hc.client5.http.impl.classic.ProtocolExec - ex-00000001: proxy auth state: UNCHALLENGED
16:16:02.121 [main] DEBUG org.apache.hc.client5.http.impl.classic.ConnectExec - ex-00000001: acquiring connection with route {s}->https://raw.githubusercontent.com:443
16:16:02.121 [main] DEBUG org.apache.hc.client5.http.impl.classic.InternalHttpClient - ex-00000001: acquiring endpoint (3 MINUTES)
16:16:02.125 [main] DEBUG org.apache.hc.client5.http.impl.io.PoolingHttpClientConnectionManager - ex-00000001: endpoint lease request (3 MINUTES) [route: {s}->https://raw.githubusercontent.com:443][total available: 0; route allocated: 0 of 5; total allocated: 0 of 25]
16:16:02.135 [main] DEBUG org.apache.hc.client5.http.impl.io.PoolingHttpClientConnectionManager - ex-00000001: endpoint leased [route: {s}->https://raw.githubusercontent.com:443][total available: 0; route allocated: 1 of 5; total allocated: 1 of 25]
16:16:02.166 [main] DEBUG org.apache.hc.client5.http.impl.io.PoolingHttpClientConnectionManager - ex-00000001: acquired ep-00000000
16:16:02.167 [main] DEBUG org.apache.hc.client5.http.impl.classic.InternalHttpClient - ex-00000001: acquired endpoint ep-00000000
16:16:02.167 [main] DEBUG org.apache.hc.client5.http.impl.classic.ConnectExec - ex-00000001: opening connection {s}->https://raw.githubusercontent.com:443
16:16:02.169 [main] DEBUG org.apache.hc.client5.http.impl.classic.InternalHttpClient - ep-00000000: connecting endpoint (30 SECONDS)
16:16:02.169 [main] DEBUG org.apache.hc.client5.http.impl.io.PoolingHttpClientConnectionManager - ep-00000000: connecting endpoint to https://raw.githubusercontent.com:443 (30 SECONDS)
16:16:03.320 [main] DEBUG org.apache.hc.client5.http.impl.io.DefaultHttpClientConnectionOperator - http-outgoing-0: connecting to raw.githubusercontent.com/185.199.110.133:443
16:16:03.320 [main] DEBUG org.apache.hc.client5.http.ssl.SSLConnectionSocketFactory - Connecting socket to raw.githubusercontent.com/185.199.110.133:443 with timeout 30 SECONDS
16:16:03.503 [main] DEBUG org.apache.hc.client5.http.ssl.SSLConnectionSocketFactory - Enabled protocols: [TLSv1.2]
16:16:03.503 [main] DEBUG org.apache.hc.client5.http.ssl.SSLConnectionSocketFactory - Enabled cipher suites: [TLS_ECDHE_ECDSA_WITH_AES_256_GCM_SHA384, TLS_ECDHE_ECDSA_WITH_AES_128_GCM_SHA256, TLS_ECDHE_RSA_WITH_AES_256_GCM_SHA384, TLS_ECDHE_RSA_WITH_AES_128_GCM_SHA256, TLS_DHE_RSA_WITH_AES_256_GCM_SHA384, TLS_DHE_DSS_WITH_AES_256_GCM_SHA384, TLS_DHE_RSA_WITH_AES_128_GCM_SHA256, TLS_DHE_DSS_WITH_AES_128_GCM_SHA256, TLS_ECDHE_ECDSA_WITH_AES_256_CBC_SHA384, TLS_ECDHE_RSA_WITH_AES_256_CBC_SHA384, TLS_ECDHE_ECDSA_WITH_AES_128_CBC_SHA256, TLS_ECDHE_RSA_WITH_AES_128_CBC_SHA256, TLS_DHE_RSA_WITH_AES_256_CBC_SHA256, TLS_DHE_DSS_WITH_AES_256_CBC_SHA256, TLS_DHE_RSA_WITH_AES_128_CBC_SHA256, TLS_DHE_DSS_WITH_AES_128_CBC_SHA256, TLS_ECDH_ECDSA_WITH_AES_256_GCM_SHA384, TLS_ECDH_RSA_WITH_AES_256_GCM_SHA384, TLS_ECDH_ECDSA_WITH_AES_128_GCM_SHA256, TLS_ECDH_RSA_WITH_AES_128_GCM_SHA256, TLS_ECDH_ECDSA_WITH_AES_256_CBC_SHA384, TLS_ECDH_RSA_WITH_AES_256_CBC_SHA384, TLS_ECDH_ECDSA_WITH_AES_128_CBC_SHA256, TLS_ECDH_RSA_WITH_AES_128_CBC_SHA256, TLS_ECDHE_ECDSA_WITH_AES_256_CBC_SHA, TLS_ECDHE_RSA_WITH_AES_256_CBC_SHA, TLS_ECDHE_ECDSA_WITH_AES_128_CBC_SHA, TLS_ECDHE_RSA_WITH_AES_128_CBC_SHA, TLS_DHE_RSA_WITH_AES_256_CBC_SHA, TLS_DHE_DSS_WITH_AES_256_CBC_SHA, TLS_DHE_RSA_WITH_AES_128_CBC_SHA, TLS_DHE_DSS_WITH_AES_128_CBC_SHA, TLS_ECDH_ECDSA_WITH_AES_256_CBC_SHA, TLS_ECDH_RSA_WITH_AES_256_CBC_SHA, TLS_ECDH_ECDSA_WITH_AES_128_CBC_SHA, TLS_ECDH_RSA_WITH_AES_128_CBC_SHA, TLS_RSA_WITH_AES_256_GCM_SHA384, TLS_RSA_WITH_AES_128_GCM_SHA256, TLS_RSA_WITH_AES_256_CBC_SHA256, TLS_RSA_WITH_AES_128_CBC_SHA256, TLS_RSA_WITH_AES_256_CBC_SHA, TLS_RSA_WITH_AES_128_CBC_SHA, TLS_EMPTY_RENEGOTIATION_INFO_SCSV]
16:16:03.505 [main] DEBUG org.apache.hc.client5.http.ssl.SSLConnectionSocketFactory - Starting handshake
16:16:04.083 [main] DEBUG org.apache.hc.client5.http.ssl.SSLConnectionSocketFactory - Secure session established
16:16:04.084 [main] DEBUG org.apache.hc.client5.http.ssl.SSLConnectionSocketFactory -  negotiated protocol: TLSv1.2
16:16:04.084 [main] DEBUG org.apache.hc.client5.http.ssl.SSLConnectionSocketFactory -  negotiated cipher suite: TLS_ECDHE_RSA_WITH_AES_128_GCM_SHA256
16:16:04.084 [main] DEBUG org.apache.hc.client5.http.ssl.SSLConnectionSocketFactory -  peer principal: CN=*.github.io, O="GitHub, Inc.", L=San Francisco, ST=California, C=US
16:16:04.085 [main] DEBUG org.apache.hc.client5.http.ssl.SSLConnectionSocketFactory -  peer alternative names: [*.github.io, github.com, *.github.com, www.github.com, github.io, githubusercontent.com, *.githubusercontent.com]
16:16:04.086 [main] DEBUG org.apache.hc.client5.http.ssl.SSLConnectionSocketFactory -  issuer principal: CN=DigiCert TLS RSA SHA256 2020 CA1, O=DigiCert Inc, C=US
16:16:04.088 [main] DEBUG org.apache.hc.client5.http.impl.io.DefaultHttpClientConnectionOperator - http-outgoing-0: connection established 192.168.43.104:55166<->185.199.110.133:443
16:16:04.092 [main] DEBUG org.apache.hc.client5.http.impl.io.PoolingHttpClientConnectionManager - ep-00000000: connected http-outgoing-0
16:16:04.092 [main] DEBUG org.apache.hc.client5.http.impl.classic.InternalHttpClient - ep-00000000: endpoint connected
16:16:04.093 [main] DEBUG org.apache.hc.client5.http.impl.classic.MainClientExec - ex-00000001: executing GET /bonigarcia/webdrivermanager/master/src/main/resources/commands.properties HTTP/1.1
16:16:04.095 [main] DEBUG org.apache.hc.client5.http.impl.classic.InternalHttpClient - ep-00000000: start execution ex-00000001
16:16:04.096 [main] DEBUG org.apache.hc.client5.http.impl.io.PoolingHttpClientConnectionManager - ep-00000000: executing exchange ex-00000001 over http-outgoing-0
16:16:04.097 [main] DEBUG org.apache.hc.client5.http.headers - http-outgoing-0 >> GET /bonigarcia/webdrivermanager/master/src/main/resources/commands.properties HTTP/1.1
16:16:04.097 [main] DEBUG org.apache.hc.client5.http.headers - http-outgoing-0 >> user-agent: Apache-HttpClient/5.0
16:16:04.098 [main] DEBUG org.apache.hc.client5.http.headers - http-outgoing-0 >> accept-encoding: gzip, deflate, br
16:16:04.098 [main] DEBUG org.apache.hc.client5.http.headers - http-outgoing-0 >> cache-control: max-age=0
16:16:04.098 [main] DEBUG org.apache.hc.client5.http.headers - http-outgoing-0 >> connection: keep-alive
16:16:04.098 [main] DEBUG org.apache.hc.client5.http.headers - http-outgoing-0 >> Host: raw.githubusercontent.com
16:16:04.098 [main] DEBUG org.apache.hc.client5.http.wire - http-outgoing-0 >> "GET /bonigarcia/webdrivermanager/master/src/main/resources/commands.properties HTTP/1.1[\r][\n]"
16:16:04.099 [main] DEBUG org.apache.hc.client5.http.wire - http-outgoing-0 >> "user-agent: Apache-HttpClient/5.0[\r][\n]"
16:16:04.099 [main] DEBUG org.apache.hc.client5.http.wire - http-outgoing-0 >> "accept-encoding: gzip, deflate, br[\r][\n]"
16:16:04.099 [main] DEBUG org.apache.hc.client5.http.wire - http-outgoing-0 >> "cache-control: max-age=0[\r][\n]"
16:16:04.099 [main] DEBUG org.apache.hc.client5.http.wire - http-outgoing-0 >> "connection: keep-alive[\r][\n]"
16:16:04.099 [main] DEBUG org.apache.hc.client5.http.wire - http-outgoing-0 >> "Host: raw.githubusercontent.com[\r][\n]"
16:16:04.099 [main] DEBUG org.apache.hc.client5.http.wire - http-outgoing-0 >> "[\r][\n]"
16:16:04.166 [main] DEBUG org.apache.hc.client5.http.wire - http-outgoing-0 << "HTTP/1.1 200 OK[\r][\n]"
16:16:04.167 [main] DEBUG org.apache.hc.client5.http.wire - http-outgoing-0 << "Connection: keep-alive[\r][\n]"
16:16:04.167 [main] DEBUG org.apache.hc.client5.http.wire - http-outgoing-0 << "Content-Length: 723[\r][\n]"
16:16:04.167 [main] DEBUG org.apache.hc.client5.http.wire - http-outgoing-0 << "Cache-Control: max-age=300[\r][\n]"
16:16:04.167 [main] DEBUG org.apache.hc.client5.http.wire - http-outgoing-0 << "Content-Security-Policy: default-src 'none'; style-src 'unsafe-inline'; sandbox[\r][\n]"
16:16:04.167 [main] DEBUG org.apache.hc.client5.http.wire - http-outgoing-0 << "Content-Type: text/plain; charset=utf-8[\r][\n]"
16:16:04.167 [main] DEBUG org.apache.hc.client5.http.wire - http-outgoing-0 << "ETag: W/"e82b438271e9e8680c688b0b680efd0bdd22faa6d6f0a32fc1fd8accc486b67e"[\r][\n]"
16:16:04.167 [main] DEBUG org.apache.hc.client5.http.wire - http-outgoing-0 << "Strict-Transport-Security: max-age=31536000[\r][\n]"
16:16:04.168 [main] DEBUG org.apache.hc.client5.http.wire - http-outgoing-0 << "X-Content-Type-Options: nosniff[\r][\n]"
16:16:04.168 [main] DEBUG org.apache.hc.client5.http.wire - http-outgoing-0 << "X-Frame-Options: deny[\r][\n]"
16:16:04.168 [main] DEBUG org.apache.hc.client5.http.wire - http-outgoing-0 << "X-XSS-Protection: 1; mode=block[\r][\n]"
16:16:04.168 [main] DEBUG org.apache.hc.client5.http.wire - http-outgoing-0 << "X-GitHub-Request-Id: 838C:6DC1:1C99DF:2CAE53:62707C45[\r][\n]"
16:16:04.168 [main] DEBUG org.apache.hc.client5.http.wire - http-outgoing-0 << "Content-Encoding: gzip[\r][\n]"
16:16:04.168 [main] DEBUG org.apache.hc.client5.http.wire - http-outgoing-0 << "Accept-Ranges: bytes[\r][\n]"
16:16:04.168 [main] DEBUG org.apache.hc.client5.http.wire - http-outgoing-0 << "Date: Tue, 17 May 2022 09:16:05 GMT[\r][\n]"
16:16:04.169 [main] DEBUG org.apache.hc.client5.http.wire - http-outgoing-0 << "Via: 1.1 varnish[\r][\n]"
16:16:04.169 [main] DEBUG org.apache.hc.client5.http.wire - http-outgoing-0 << "X-Served-By: cache-qpg1266-QPG[\r][\n]"
16:16:04.169 [main] DEBUG org.apache.hc.client5.http.wire - http-outgoing-0 << "X-Cache: HIT[\r][\n]"
16:16:04.169 [main] DEBUG org.apache.hc.client5.http.wire - http-outgoing-0 << "X-Cache-Hits: 4[\r][\n]"
16:16:04.169 [main] DEBUG org.apache.hc.client5.http.wire - http-outgoing-0 << "X-Timer: S1652778965.170704,VS0,VE0[\r][\n]"
16:16:04.169 [main] DEBUG org.apache.hc.client5.http.wire - http-outgoing-0 << "Vary: Authorization,Accept-Encoding,Origin[\r][\n]"
16:16:04.169 [main] DEBUG org.apache.hc.client5.http.wire - http-outgoing-0 << "Access-Control-Allow-Origin: *[\r][\n]"
16:16:04.170 [main] DEBUG org.apache.hc.client5.http.wire - http-outgoing-0 << "X-Fastly-Request-ID: 383d44a5c4fc638091205a950c7b0a6a26ccec25[\r][\n]"
16:16:04.170 [main] DEBUG org.apache.hc.client5.http.wire - http-outgoing-0 << "Expires: Tue, 17 May 2022 09:21:05 GMT[\r][\n]"
16:16:04.170 [main] DEBUG org.apache.hc.client5.http.wire - http-outgoing-0 << "Source-Age: 277[\r][\n]"
16:16:04.170 [main] DEBUG org.apache.hc.client5.http.wire - http-outgoing-0 << "[\r][\n]"
16:16:04.179 [main] DEBUG org.apache.hc.client5.http.headers - http-outgoing-0 << HTTP/1.1 200 OK
16:16:04.179 [main] DEBUG org.apache.hc.client5.http.headers - http-outgoing-0 << Connection: keep-alive
16:16:04.179 [main] DEBUG org.apache.hc.client5.http.headers - http-outgoing-0 << Content-Length: 723
16:16:04.179 [main] DEBUG org.apache.hc.client5.http.headers - http-outgoing-0 << Cache-Control: max-age=300
16:16:04.179 [main] DEBUG org.apache.hc.client5.http.headers - http-outgoing-0 << Content-Security-Policy: default-src 'none'; style-src 'unsafe-inline'; sandbox
16:16:04.180 [main] DEBUG org.apache.hc.client5.http.headers - http-outgoing-0 << Content-Type: text/plain; charset=utf-8
16:16:04.180 [main] DEBUG org.apache.hc.client5.http.headers - http-outgoing-0 << ETag: W/"e82b438271e9e8680c688b0b680efd0bdd22faa6d6f0a32fc1fd8accc486b67e"
16:16:04.180 [main] DEBUG org.apache.hc.client5.http.headers - http-outgoing-0 << Strict-Transport-Security: max-age=31536000
16:16:04.180 [main] DEBUG org.apache.hc.client5.http.headers - http-outgoing-0 << X-Content-Type-Options: nosniff
16:16:04.180 [main] DEBUG org.apache.hc.client5.http.headers - http-outgoing-0 << X-Frame-Options: deny
16:16:04.180 [main] DEBUG org.apache.hc.client5.http.headers - http-outgoing-0 << X-XSS-Protection: 1; mode=block
16:16:04.180 [main] DEBUG org.apache.hc.client5.http.headers - http-outgoing-0 << X-GitHub-Request-Id: 838C:6DC1:1C99DF:2CAE53:62707C45
16:16:04.180 [main] DEBUG org.apache.hc.client5.http.headers - http-outgoing-0 << Content-Encoding: gzip
16:16:04.180 [main] DEBUG org.apache.hc.client5.http.headers - http-outgoing-0 << Accept-Ranges: bytes
16:16:04.181 [main] DEBUG org.apache.hc.client5.http.headers - http-outgoing-0 << Date: Tue, 17 May 2022 09:16:05 GMT
16:16:04.181 [main] DEBUG org.apache.hc.client5.http.headers - http-outgoing-0 << Via: 1.1 varnish
16:16:04.181 [main] DEBUG org.apache.hc.client5.http.headers - http-outgoing-0 << X-Served-By: cache-qpg1266-QPG
16:16:04.181 [main] DEBUG org.apache.hc.client5.http.headers - http-outgoing-0 << X-Cache: HIT
16:16:04.181 [main] DEBUG org.apache.hc.client5.http.headers - http-outgoing-0 << X-Cache-Hits: 4
16:16:04.181 [main] DEBUG org.apache.hc.client5.http.headers - http-outgoing-0 << X-Timer: S1652778965.170704,VS0,VE0
16:16:04.181 [main] DEBUG org.apache.hc.client5.http.headers - http-outgoing-0 << Vary: Authorization,Accept-Encoding,Origin
16:16:04.181 [main] DEBUG org.apache.hc.client5.http.headers - http-outgoing-0 << Access-Control-Allow-Origin: *
16:16:04.181 [main] DEBUG org.apache.hc.client5.http.headers - http-outgoing-0 << X-Fastly-Request-ID: 383d44a5c4fc638091205a950c7b0a6a26ccec25
16:16:04.181 [main] DEBUG org.apache.hc.client5.http.headers - http-outgoing-0 << Expires: Tue, 17 May 2022 09:21:05 GMT
16:16:04.182 [main] DEBUG org.apache.hc.client5.http.headers - http-outgoing-0 << Source-Age: 277
16:16:04.194 [main] DEBUG org.apache.hc.client5.http.impl.classic.MainClientExec - ex-00000001: connection can be kept alive for 3 MINUTES
16:16:04.211 [main] DEBUG org.apache.hc.client5.http.wire - http-outgoing-0 << "[0x1f][0xffffff8b][0x8][0x0][0x0][0x0][0x0][0x0][0x0][0x3][0xffffffb5]V]o[0xffffffda]0[0x14]}[0xffffffe7]W\[0xffffff81]*[0xffffffb5][0x12][0x1f][[M[0xffffffd3]$[0x1e]hF[0xffffffbb]i [0x18][0xffffffb4][0xffffffdd]&[0xfffffff9][0xffffffc5]$7[0xffffffc1]R[0x12]#;[0xffffff94]v[0xffffffbf]~[0xffffffb6][0xfffffff3]1[0xffffff92][0xffffff9a][0xffffffc1][0x1a]x[0xffffffcb][0xffffffb5][0xffffffaf][0xffffffcf]9[0xffffffbe][0xfffffff7]8v[0xb][0x1c][0x1e]E4[0xfffffff6]$x4[0xffffffa1][0xb]*[0xffffffb1][0xffffffd1][0xffffff82][0xfffffffb]%[0xffffff93][0xffffffe0][0xffffffb3][0x10][0xffffffc1][0xffffffe5]qBY,!Y[0xffffffea] KM8,[0x10][0xfffffff0][0x19][0xffffffdd]u[0xffffff82][0x1e][0xffffffb0][0xffffffd8]L[0xffffffcb]%[0xffffff86][0xffffffa1][0xe][0xffffffb8][0xfffffff0]P[0xffffffe8]$[0xf][0x13]t[0x13]3[0xfffffff9][0xffffff84]B2[0xffffffae][0xffffffe6]|@[0xfffffff5][0x1d][0x8][0xffffffc4][0x18][0x16][0xffffff82]o[0xffffffa4][0xffffff9a]P[0xffffff94][0xffffffe7][0xffffffce]R[0xfffffff0][0x8][0xffffffdb]p[0xffffffcb][0x4][0xfffffffa][0xfffffffc][0xffffffb9][\r][0xffffff93][0x15][\n]"
16:16:04.212 [main] DEBUG org.apache.hc.client5.http.wire - http-outgoing-0 << "[0xffffffda][0xffffff86][0xffffffa1][0x17][0xffffffa8]Q3[0xffffffcb][0xffffffd6][0xffffffd1][0xffffff85][0xffffffc6][0xfffffff7][0xffffff98][0xffffffef][0xffffffa3][0xffffffc0]8[0x1][0xffffffae]s[0x12][0x16][0x7] _d[0xffffff82][0xffffff91][0xffffff84][0xfffffff3][0x1f],[0xfffffff6][0x14]j[0x1b]F,^+[0xffffff98]1ua2[0xffffffbf]h([0xffffff8e][0xffffff94][0xffffffa2][0xffffff91]m[0xffffffa3][0xffffffeb][0xffffff9a][0xffffffb0][0xffffffbb]I[0x17]t[0xffffffdf][0xffffffbd][0xffffffef][0xffffffbb][0xffffff91][0xffffffd7]U[0xffffffbb][0xffffff82][0xffffff9e][0x3][0xffffff9b][0xffffff88][0xffffffb9][0xffffffa6]$[0xffffffa6][0xc][0xffffff9b][0xffffffa5][0xffffffe2][0xffffff83][0xffffff98]F[0xffffffd8]o[0xffffff9e]Mg[0xffffff93][0xffffffbb][0xffffffd9]`|[0xfffffffb]u4[0xffffff9c][0x7f]"}B[0xffffffce][0x8][0xffffffb9][0xffffffe3]<[0x8][0xffffff91][0xffffff90][0xffffff94][0xffffff82][0xffffff90][0xffffffc1]j[0x15]2WI[0xffffffe3]1![0x19][0xffffff91]BnB[0xffffff80][0x9]<f[0xffffffb5][0xffffffe8]=[0xffffffd1]p[0xffffffbd][[0xffffffcf][0xffffffe5][0x1b][0xfffffff4][0xffffff9c][0xffffffff][0xfffffffc][0xfffffff8][0xffffffe1][0xffffffe2][0xffffff94][0xffffffa2][0xffffffae][0xe][0x14]5[0xffffff9a]8[0xffffff83][0xffffffd1]`:[0xfffffffd]<[0xffffffb8][0x1f][0xffffff9c]R[0xffffffcf]u[0x7f]6[0xffffffbc][0xffffff83][0xffffffef][0xf][0xffffffc3][0xffffffd9]/[0xfffffff8][0xfffffff2][0xffffffcd]y s[0xffffffee]'[0x1b]*0g[0xffffffcb][0xffffffc8]nF7H][0xffffff83][0xffffff97]{[0xffffffb1]Q[0x5][\r][0xffffffb5]c[0xffffffb4][0xf][0x2][0xffffffb3][0xffffffb4][0xffffff93][0xe]C[0xffffffa7][0xffffffb3]kAD][0xffffff9d][0xffffffde][0xffffffdb][0xffffffda][0xffffff88][0xffffffec][0xffffffa5][0xffffffbc][0xffffff99][0xffffffd9][0xffffffba]t[0xffffffb5][0xffffffea]9[0xffffffea][0x10])[0xffffffb7][0xffffffca][0xffffff9e][0xfffffff2][0xffffffe2]d^N[0xffffffd8]FW[0x16][0xffffffcd][0xffffffdc]_[0x10][0xfffffff9]i|[0x1c][0xffffff93][0xffffff8e][0xfffffff9]o[0x16][0xffffff86]4'!$G[0xffffffdf]W[0xfffffff4]W*j[[0xfffffff3]xR[0xffffffae][0xffffffb6][0xc][0xffffffd0],; #[0xffffffa9][0xffffff92]5[0xffffffb5][0x7][0xffffff9c][0xffffffb5][0xffffffd0][0x7f][0xffffff90][0xffffffc7]jgs[0xfffffffc][0xffffffc2][0xb][0xffffffd9][0x0]t[0xffffff9e]^'Y[0xfffffffb][0xffffff9f][0xffffffb1][0xffffffd8]:[0xffffffbf][0xffffff8d][0xffffffa5][0xffffff9a][0xffffffad][0x7f]m[0x5]&[0xffffffaa][0xffffffa0]^[0xffffff9b][0xffffffcb][0x5]f[0xffffffae][0xffffffe0]RU[0xffffff82][0x10]MS9l[0xffffff91]4t[0xfffffffb][0xffffff8a]][0xffffffd6][0xfffffff4][0xffffff96][0xffffffa6][0xffffff9f]P[0xffffffce][0xffffffd5][0xffffffce][0xffffff93][0xffffffff][0xffffff97][0xffffffcc]p[0xfffffffd][0xfffffff3][0xffffffe8][0x1b][0xffffffcc][0xffffffa2][0xffffffd9]Q[0xffffffbe][0xffffffb2][0xffffffa3][0xffffffc7]m'[0xffffffdf][0xffffffe4][[0xfffffffb]^[0xffffffb0][0xffffff9a][0xffffffbe][0xffffffda][0xffffffda]_[0xffffffce][0xffffff80][0xffffffd2][0xffffffc1]7[0xffffffb7]][0xffffffc1]b[0xffffffee][0xffffffb5][0xffffffff]w[0xffffff83][0xffffffed][0xffffffa7];[0x15]<[0x10]4[0xffffff92][0xffffff84][0x18][\n]"
16:16:04.212 [main] DEBUG org.apache.hc.client5.http.wire - http-outgoing-0 << "BB[0xffffffba][0xffffff8e]][0xffffffb5]jo[0xffffffb9]+"[0xffffffea][0xffffffb4][0xffffffff]h"[0xffffffea]\?5[0xffffffa9][0xffffffaf]k[0xffffffec][0xffffffff]P[0xffffffea][\n]"
16:16:04.213 [main] DEBUG org.apache.hc.client5.http.wire - http-outgoing-0 << "w[0xffffffe1]K[0x13][0xffffffda][0xffffffec][0xffffff98][0xffffffe6]Y[0xfffffffd]h8m6[0xffffff9c]T[0xffffffc1][0xfffffff2][0xffffffa7][0xffffff91]z_[0xffffff95]o85p[0x1c][0x13][0xffffffe6][0xfffffff0]5[0xffffffee][0xfffffffc][0xffffff92][0xffffff96][0xffffffda][0xfffffff7][0xffffffcf][0xffffffb1][0x5][0x1d][0xffffffea]K[0xffffff9b]9[0xffffff8e][0xffffffad]e[0xfffffff7][0xffffff93][0xffffffa8]`[0xffffffda][0xffffffff][0x1a][0xffffffd2][0xffffff88][0xffffff85][0xfffffffd][0xfffffff2][0xffffff91]N[0xfffffff6]`[0xffffffdf]2[0xffffffcf][0xffffffae]E[0xffffff97][0xffffffc5][0xffffffa2][0xffffff9d][0xffffffef]'[0xffffff9d]mun.[0xffffffd3]f^[0xffffffc7][0xffffff82][0xffffffda][0xffffff82]9[0xfffffff5][0xffffffa9]`[0x5][0xffffffbc]4[0xffffffa1][0x1d]<M[0xffffffb5]A[0xffffffa7]3[[0xffffffc0][0x7f][0x0][0xffffffc1][0xffffffd0]$[0xffffff85][0x1d][\r][0x0][0x0]"
16:16:04.218 [main] DEBUG org.apache.hc.client5.http.impl.classic.InternalHttpClient - ep-00000000: releasing valid endpoint
16:16:04.218 [main] DEBUG org.apache.hc.client5.http.impl.io.PoolingHttpClientConnectionManager - ep-00000000: releasing endpoint
16:16:04.219 [main] DEBUG org.apache.hc.client5.http.impl.io.PoolingHttpClientConnectionManager - ep-00000000: connection http-outgoing-0 can be kept alive for 3 MINUTES
16:16:04.221 [main] DEBUG org.apache.hc.client5.http.impl.io.PoolingHttpClientConnectionManager - ep-00000000: connection released [route: {s}->https://raw.githubusercontent.com:443][total available: 1; route allocated: 1 of 5; total allocated: 1 of 25]
16:16:04.221 [main] DEBUG io.github.bonigarcia.wdm.versions.VersionDetector - Detecting chrome version using online commands.properties
16:16:04.230 [main] DEBUG io.github.bonigarcia.wdm.versions.Shell - Running command on the shell: [cmd.exe, /C, wmic, datafile, where, name="%PROGRAMFILES:\=\\%\\Google\\Chrome\\Application\\chrome.exe", get, Version, /value]
16:16:05.580 [main] DEBUG io.github.bonigarcia.wdm.versions.Shell - Result: Version=101.0.4951.67
16:16:05.589 [main] DEBUG io.github.bonigarcia.wdm.cache.ResolutionCache - Resolution chrome101=101.0.4951.41 in cache (valid until 16:24:52 17/05/2022 ICT)
16:16:05.594 [main] INFO io.github.bonigarcia.wdm.WebDriverManager - Using chromedriver 101.0.4951.41 (resolved driver for Chrome 101)
16:16:05.607 [main] DEBUG io.github.bonigarcia.wdm.cache.ResolutionCache - Storing resolution chrome=101 in cache (valid until 17:16:05 17/05/2022 ICT)
16:16:05.640 [main] DEBUG io.github.bonigarcia.wdm.WebDriverManager - Driver chromedriver 101.0.4951.41 found in cache
16:16:05.642 [main] INFO io.github.bonigarcia.wdm.WebDriverManager - Exporting webdriver.chrome.driver as C:\Users\Admin\.cache\selenium\chromedriver\win32\101.0.4951.41\chromedriver.exe
16:16:06.002 [main] DEBUG net.thucydides.core.reflection.ClassFinder - Could not load class .starter.CucumberTestSuite
16:16:06.003 [main] DEBUG net.thucydides.core.reflection.ClassFinder - Could not load class .starter.pages.DetailPage
16:16:06.003 [main] DEBUG net.thucydides.core.reflection.ClassFinder - Could not load class .starter.pages.LoginPage
16:16:06.003 [main] DEBUG net.thucydides.core.reflection.ClassFinder - Could not load class .starter.pages.ProductPage
16:16:06.004 [main] DEBUG net.thucydides.core.reflection.ClassFinder - Could not load class .starter.pages.RegisterPage
16:16:06.004 [main] DEBUG net.thucydides.core.reflection.ClassFinder - Could not load class .starter.pages.TransactionPage
16:16:06.004 [main] DEBUG net.thucydides.core.reflection.ClassFinder - Could not load class .starter.stepdefenitions.DetailSteps
16:16:06.004 [main] DEBUG net.thucydides.core.reflection.ClassFinder - Could not load class .starter.stepdefenitions.LoginSteps
16:16:06.004 [main] DEBUG net.thucydides.core.reflection.ClassFinder - Could not load class .starter.stepdefenitions.ProductSteps
16:16:06.004 [main] DEBUG net.thucydides.core.reflection.ClassFinder - Could not load class .starter.stepdefenitions.RegisterSteps
16:16:06.005 [main] DEBUG net.thucydides.core.reflection.ClassFinder - Could not load class .starter.stepdefenitions.TransactionSteps
16:16:06.260 [main] DEBUG net.serenitybdd.core.webdriver.driverproviders.ProvideNewDriver - Instantiating driver
16:16:06.260 [main] DEBUG net.serenitybdd.core.webdriver.driverproviders.ProvideNewDriver - Driver capabilities: Capabilities {acceptInsecureCerts: false, base.url: https://qa.alta.id/, browserName: chrome, chrome.driver: src/test/resources/webdrive..., driver: chrome, goog:chromeOptions: {args: [], extensions: []}}
16:16:06.461 [main] DEBUG io.netty.util.internal.logging.InternalLoggerFactory - Using SLF4J as the default logging framework
16:16:06.476 [main] DEBUG io.netty.util.ResourceLeakDetector - -Dio.netty.leakDetection.level: simple
16:16:06.477 [main] DEBUG io.netty.util.ResourceLeakDetector - -Dio.netty.leakDetection.targetRecords: 4
16:16:06.490 [main] DEBUG io.netty.util.ResourceLeakDetectorFactory - Loaded default ResourceLeakDetector: io.netty.util.ResourceLeakDetector@741741d0
16:16:06.550 [main] DEBUG io.netty.util.internal.PlatformDependent0 - -Dio.netty.noUnsafe: false
16:16:06.550 [main] DEBUG io.netty.util.internal.PlatformDependent0 - Java version: 8
16:16:06.553 [main] DEBUG io.netty.util.internal.PlatformDependent0 - sun.misc.Unsafe.theUnsafe: available
16:16:06.554 [main] DEBUG io.netty.util.internal.PlatformDependent0 - sun.misc.Unsafe.copyMemory: available
16:16:06.556 [main] DEBUG io.netty.util.internal.PlatformDependent0 - java.nio.Buffer.address: available
16:16:06.558 [main] DEBUG io.netty.util.internal.PlatformDependent0 - direct buffer constructor: available
16:16:06.561 [main] DEBUG io.netty.util.internal.PlatformDependent0 - java.nio.Bits.unaligned: available, true
16:16:06.561 [main] DEBUG io.netty.util.internal.PlatformDependent0 - jdk.internal.misc.Unsafe.allocateUninitializedArray(int): unavailable prior to Java9
16:16:06.561 [main] DEBUG io.netty.util.internal.PlatformDependent0 - java.nio.DirectByteBuffer.<init>(long, int): available
16:16:06.561 [main] DEBUG io.netty.util.internal.PlatformDependent - sun.misc.Unsafe: available
16:16:06.563 [main] DEBUG io.netty.util.internal.PlatformDependent - -Dio.netty.tmpdir: C:\Users\Admin\AppData\Local\Temp (java.io.tmpdir)
16:16:06.563 [main] DEBUG io.netty.util.internal.PlatformDependent - -Dio.netty.bitMode: 64 (sun.arch.data.model)
16:16:06.563 [main] DEBUG io.netty.util.internal.PlatformDependent - Platform: Windows
16:16:06.567 [main] DEBUG io.netty.util.internal.PlatformDependent - -Dio.netty.maxDirectMemory: 928514048 bytes
16:16:06.567 [main] DEBUG io.netty.util.internal.PlatformDependent - -Dio.netty.uninitializedArrayAllocationThreshold: -1
16:16:06.569 [main] DEBUG io.netty.util.internal.CleanerJava6 - java.nio.ByteBuffer.cleaner(): available
16:16:06.569 [main] DEBUG io.netty.util.internal.PlatformDependent - -Dio.netty.noPreferDirect: false
16:16:06.598 [main] DEBUG io.netty.util.internal.PlatformDependent - org.jctools-core.MpscChunkedArrayQueue: available
16:16:06.677 [main] DEBUG io.netty.util.internal.InternalThreadLocalMap - -Dio.netty.threadLocalMap.stringBuilder.initialSize: 1024
16:16:06.677 [main] DEBUG io.netty.util.internal.InternalThreadLocalMap - -Dio.netty.threadLocalMap.stringBuilder.maxSize: 4096
16:16:06.736 [main] DEBUG io.netty.handler.ssl.JdkSslContext - Default protocols (JDK): [TLSv1.2] 
16:16:06.737 [main] DEBUG io.netty.handler.ssl.JdkSslContext - Default cipher suites (JDK): [TLS_ECDHE_ECDSA_WITH_AES_256_GCM_SHA384, TLS_ECDHE_ECDSA_WITH_AES_128_GCM_SHA256, TLS_ECDHE_RSA_WITH_AES_128_GCM_SHA256, TLS_ECDHE_RSA_WITH_AES_256_GCM_SHA384, TLS_ECDHE_RSA_WITH_AES_128_CBC_SHA, TLS_ECDHE_RSA_WITH_AES_256_CBC_SHA, TLS_RSA_WITH_AES_128_GCM_SHA256, TLS_RSA_WITH_AES_128_CBC_SHA, TLS_RSA_WITH_AES_256_CBC_SHA, TLS_AES_128_GCM_SHA256, TLS_AES_256_GCM_SHA384]
16:16:06.824 [main] DEBUG io.netty.channel.MultithreadEventLoopGroup - -Dio.netty.eventLoopThreads: 8
16:16:06.853 [main] DEBUG io.netty.channel.nio.NioEventLoop - -Dio.netty.noKeySetOptimization: false
16:16:06.853 [main] DEBUG io.netty.channel.nio.NioEventLoop - -Dio.netty.selectorAutoRebuildThreshold: 512
16:16:06.962 [main] DEBUG io.netty.buffer.PooledByteBufAllocator - -Dio.netty.allocator.numHeapArenas: 8
16:16:06.962 [main] DEBUG io.netty.buffer.PooledByteBufAllocator - -Dio.netty.allocator.numDirectArenas: 8
16:16:06.962 [main] DEBUG io.netty.buffer.PooledByteBufAllocator - -Dio.netty.allocator.pageSize: 8192
16:16:06.963 [main] DEBUG io.netty.buffer.PooledByteBufAllocator - -Dio.netty.allocator.maxOrder: 11
16:16:06.963 [main] DEBUG io.netty.buffer.PooledByteBufAllocator - -Dio.netty.allocator.chunkSize: 16777216
16:16:06.963 [main] DEBUG io.netty.buffer.PooledByteBufAllocator - -Dio.netty.allocator.smallCacheSize: 256
16:16:06.963 [main] DEBUG io.netty.buffer.PooledByteBufAllocator - -Dio.netty.allocator.normalCacheSize: 64
16:16:06.963 [main] DEBUG io.netty.buffer.PooledByteBufAllocator - -Dio.netty.allocator.maxCachedBufferCapacity: 32768
16:16:06.963 [main] DEBUG io.netty.buffer.PooledByteBufAllocator - -Dio.netty.allocator.cacheTrimInterval: 8192
16:16:06.963 [main] DEBUG io.netty.buffer.PooledByteBufAllocator - -Dio.netty.allocator.cacheTrimIntervalMillis: 0
16:16:06.963 [main] DEBUG io.netty.buffer.PooledByteBufAllocator - -Dio.netty.allocator.useCacheForAllThreads: true
16:16:06.963 [main] DEBUG io.netty.buffer.PooledByteBufAllocator - -Dio.netty.allocator.maxCachedByteBuffersPerChunk: 1023
16:16:06.999 [main] DEBUG io.netty.buffer.ByteBufUtil - -Dio.netty.allocator.type: pooled
16:16:06.999 [main] DEBUG io.netty.buffer.ByteBufUtil - -Dio.netty.threadLocalDirectBufferSize: 0
16:16:06.999 [main] DEBUG io.netty.buffer.ByteBufUtil - -Dio.netty.maxThreadLocalCharBufferSize: 16384
16:16:09.593 [Forwarding newSession on session null to remote] DEBUG io.netty.channel.DefaultChannelId - -Dio.netty.processId: 13524 (auto-detected)
16:16:09.600 [Forwarding newSession on session null to remote] DEBUG io.netty.util.NetUtil - -Djava.net.preferIPv4Stack: false
16:16:09.601 [Forwarding newSession on session null to remote] DEBUG io.netty.util.NetUtil - -Djava.net.preferIPv6Addresses: false
16:16:10.255 [Forwarding newSession on session null to remote] DEBUG io.netty.util.NetUtilInitializations - Loopback interface: lo (Software Loopback Interface 1, 127.0.0.1)
16:16:10.258 [Forwarding newSession on session null to remote] DEBUG io.netty.util.NetUtil - Failed to get SOMAXCONN from sysctl and file \proc\sys\net\core\somaxconn. Default: 200
16:16:10.701 [Forwarding newSession on session null to remote] DEBUG io.netty.channel.DefaultChannelId - -Dio.netty.machineId: 10:0b:a9:ff:fe:13:bd:20 (auto-detected)
16:16:10.936 [AsyncHttpClient-1-2] DEBUG io.netty.buffer.AbstractByteBuf - -Dio.netty.buffer.checkAccessible: true
16:16:10.936 [AsyncHttpClient-1-2] DEBUG io.netty.buffer.AbstractByteBuf - -Dio.netty.buffer.checkBounds: true
16:16:10.936 [AsyncHttpClient-1-2] DEBUG io.netty.util.ResourceLeakDetectorFactory - Loaded default ResourceLeakDetector: io.netty.util.ResourceLeakDetector@fe2e793
16:16:10.991 [AsyncHttpClient-1-2] DEBUG org.asynchttpclient.netty.channel.NettyConnectListener - Using new Channel '[id: 0xfc5fe13a, L:/127.0.0.1:55197 - R:localhost/127.0.0.1:53318]' for 'POST' to '/session'
16:16:11.071 [AsyncHttpClient-1-2] DEBUG io.netty.util.Recycler - -Dio.netty.recycler.maxCapacityPerThread: 4096
16:16:11.071 [AsyncHttpClient-1-2] DEBUG io.netty.util.Recycler - -Dio.netty.recycler.ratio: 8
16:16:11.071 [AsyncHttpClient-1-2] DEBUG io.netty.util.Recycler - -Dio.netty.recycler.chunkSize: 32
16:16:11.071 [AsyncHttpClient-1-2] DEBUG io.netty.util.Recycler - -Dio.netty.recycler.blocking: false
16:16:15.811 [AsyncHttpClient-1-2] DEBUG io.netty.handler.codec.compression.Brotli - brotli4j not in the classpath; Brotli support will be unavailable.
16:16:15.811 [AsyncHttpClient-1-2] DEBUG org.asynchttpclient.netty.handler.HttpHandler - 

Request DefaultHttpRequest(decodeResult: success, version: HTTP/1.1)
POST /session HTTP/1.1
User-Agent: selenium/4.1.2 (java windows)
Content-Length: 605
Content-Type: application/json; charset=utf-8
host: localhost:53318
accept: */*

Response DefaultHttpResponse(decodeResult: success, version: HTTP/1.1)
HTTP/1.1 200 OK
Content-Type: application/json; charset=utf-8
cache-control: no-cache
content-length: 789

16:16:15.838 [AsyncHttpClient-1-2] DEBUG org.asynchttpclient.netty.channel.ChannelManager - Adding key: http://localhost:53318 for channel [id: 0xfc5fe13a, L:/127.0.0.1:55197 - R:localhost/127.0.0.1:53318]
16:16:16.240 [AsyncHttpClient-1-3] DEBUG org.asynchttpclient.netty.channel.NettyConnectListener - Using new Channel '[id: 0xcb9b2659, L:/127.0.0.1:55211 - R:localhost/127.0.0.1:55203]' for 'GET' to '/json/version'
16:16:16.246 [AsyncHttpClient-1-3] DEBUG org.asynchttpclient.netty.handler.HttpHandler - 

Request DefaultFullHttpRequest(decodeResult: success, version: HTTP/1.1, content: EmptyByteBufBE)
GET /json/version HTTP/1.1
User-Agent: selenium/4.1.2 (java windows)
host: localhost:55203
accept: */*

Response DefaultHttpResponse(decodeResult: success, version: HTTP/1.1)
HTTP/1.1 200 OK
Content-Type: application/json; charset=UTF-8
content-length: 427

16:16:16.247 [AsyncHttpClient-1-3] DEBUG org.asynchttpclient.netty.channel.ChannelManager - Adding key: http://localhost:55203 for channel [id: 0xcb9b2659, L:/127.0.0.1:55211 - R:localhost/127.0.0.1:55203]
16:16:16.273 [main] DEBUG io.netty.util.internal.ThreadLocalRandom - -Dio.netty.initialSeedUniquifier: 0x783bafc208abb1cd
16:16:16.292 [AsyncHttpClient-1-4] DEBUG org.asynchttpclient.netty.channel.NettyConnectListener - Using new Channel '[id: 0xa64724d2, L:/127.0.0.1:55212 - R:localhost/127.0.0.1:55203]' for 'GET' to '/devtools/browser/6adfba96-e6ac-4678-b53d-ab655c84b63d'
16:16:16.295 [AsyncHttpClient-1-4] DEBUG org.asynchttpclient.netty.handler.WebSocketHandler - 

Request DefaultFullHttpRequest(decodeResult: success, version: HTTP/1.1, content: EmptyByteBufBE)
GET /devtools/browser/6adfba96-e6ac-4678-b53d-ab655c84b63d HTTP/1.1
upgrade: websocket
connection: upgrade
sec-websocket-key: 09MHC/f+3aCvyqRuwjru4A==
sec-websocket-version: 13
origin: http://localhost:55203
host: localhost:55203
accept: */*
user-agent: AHC/2.1

Response DefaultHttpResponse(decodeResult: success, version: HTTP/1.1)
HTTP/1.1 101 WebSocket Protocol Handshake
Upgrade: WebSocket
Connection: Upgrade
Sec-WebSocket-Accept: 4fARfV333XxYNU3PDDqzTU0OKAE=

16:16:16.450 [Forwarding setCurrentWindowSize on session ae504992da3404892a1a6b86ac529b26 to remote] DEBUG org.asynchttpclient.netty.request.NettyRequestSender - Using pooled Channel '[id: 0xfc5fe13a, L:/127.0.0.1:55197 - R:localhost/127.0.0.1:53318]' for 'POST' to 'http://localhost:53318/session/ae504992da3404892a1a6b86ac529b26/window/rect'
16:16:16.451 [Forwarding setCurrentWindowSize on session ae504992da3404892a1a6b86ac529b26 to remote] DEBUG org.asynchttpclient.netty.request.NettyRequestSender - Using open Channel [id: 0xfc5fe13a, L:/127.0.0.1:55197 - R:localhost/127.0.0.1:53318] for POST '/session/ae504992da3404892a1a6b86ac529b26/window/rect'
16:16:16.613 [AsyncHttpClient-1-1] DEBUG org.asynchttpclient.netty.channel.DefaultChannelPool - Entry count for : http://localhost:55203 : 1
16:16:16.614 [AsyncHttpClient-1-2] DEBUG org.asynchttpclient.netty.handler.HttpHandler - 

Request DefaultHttpRequest(decodeResult: success, version: HTTP/1.1)
POST /session/ae504992da3404892a1a6b86ac529b26/window/rect HTTP/1.1
User-Agent: selenium/4.1.2 (java windows)
Content-Length: 37
Content-Type: application/json; charset=utf-8
host: localhost:53318
accept: */*

Response DefaultHttpResponse(decodeResult: success, version: HTTP/1.1)
HTTP/1.1 200 OK
Content-Type: application/json; charset=utf-8
cache-control: no-cache
content-length: 51

16:16:16.615 [AsyncHttpClient-1-2] DEBUG org.asynchttpclient.netty.channel.ChannelManager - Adding key: http://localhost:53318 for channel [id: 0xfc5fe13a, L:/127.0.0.1:55197 - R:localhost/127.0.0.1:53318]
16:16:16.620 [Forwarding setWindowPosition on session ae504992da3404892a1a6b86ac529b26 to remote] DEBUG org.asynchttpclient.netty.request.NettyRequestSender - Using pooled Channel '[id: 0xfc5fe13a, L:/127.0.0.1:55197 - R:localhost/127.0.0.1:53318]' for 'POST' to 'http://localhost:53318/session/ae504992da3404892a1a6b86ac529b26/window/rect'
16:16:16.620 [Forwarding setWindowPosition on session ae504992da3404892a1a6b86ac529b26 to remote] DEBUG org.asynchttpclient.netty.request.NettyRequestSender - Using open Channel [id: 0xfc5fe13a, L:/127.0.0.1:55197 - R:localhost/127.0.0.1:53318] for POST '/session/ae504992da3404892a1a6b86ac529b26/window/rect'
16:16:16.739 [AsyncHttpClient-1-2] DEBUG org.asynchttpclient.netty.handler.HttpHandler - 

Request DefaultHttpRequest(decodeResult: success, version: HTTP/1.1)
POST /session/ae504992da3404892a1a6b86ac529b26/window/rect HTTP/1.1
User-Agent: selenium/4.1.2 (java windows)
Content-Length: 22
Content-Type: application/json; charset=utf-8
host: localhost:53318
accept: */*

Response DefaultHttpResponse(decodeResult: success, version: HTTP/1.1)
HTTP/1.1 200 OK
Content-Type: application/json; charset=utf-8
cache-control: no-cache
content-length: 49

16:16:16.740 [AsyncHttpClient-1-2] DEBUG org.asynchttpclient.netty.channel.ChannelManager - Adding key: http://localhost:53318 for channel [id: 0xfc5fe13a, L:/127.0.0.1:55197 - R:localhost/127.0.0.1:53318]
16:16:17.241 [main] DEBUG net.thucydides.core.reflection.ClassFinder - Could not load class .starter.CucumberTestSuite
16:16:17.241 [main] DEBUG net.thucydides.core.reflection.ClassFinder - Could not load class .starter.pages.DetailPage
16:16:17.241 [main] DEBUG net.thucydides.core.reflection.ClassFinder - Could not load class .starter.pages.LoginPage
16:16:17.242 [main] DEBUG net.thucydides.core.reflection.ClassFinder - Could not load class .starter.pages.ProductPage
16:16:17.242 [main] DEBUG net.thucydides.core.reflection.ClassFinder - Could not load class .starter.pages.RegisterPage
16:16:17.242 [main] DEBUG net.thucydides.core.reflection.ClassFinder - Could not load class .starter.pages.TransactionPage
16:16:17.242 [main] DEBUG net.thucydides.core.reflection.ClassFinder - Could not load class .starter.stepdefenitions.DetailSteps
16:16:17.242 [main] DEBUG net.thucydides.core.reflection.ClassFinder - Could not load class .starter.stepdefenitions.LoginSteps
16:16:17.242 [main] DEBUG net.thucydides.core.reflection.ClassFinder - Could not load class .starter.stepdefenitions.ProductSteps
16:16:17.242 [main] DEBUG net.thucydides.core.reflection.ClassFinder - Could not load class .starter.stepdefenitions.RegisterSteps
16:16:17.243 [main] DEBUG net.thucydides.core.reflection.ClassFinder - Could not load class .starter.stepdefenitions.TransactionSteps
16:16:17.246 [Forwarding get on session ae504992da3404892a1a6b86ac529b26 to remote] DEBUG org.asynchttpclient.netty.request.NettyRequestSender - Using pooled Channel '[id: 0xfc5fe13a, L:/127.0.0.1:55197 - R:localhost/127.0.0.1:53318]' for 'POST' to 'http://localhost:53318/session/ae504992da3404892a1a6b86ac529b26/url'
16:16:17.246 [Forwarding get on session ae504992da3404892a1a6b86ac529b26 to remote] DEBUG org.asynchttpclient.netty.request.NettyRequestSender - Using open Channel [id: 0xfc5fe13a, L:/127.0.0.1:55197 - R:localhost/127.0.0.1:53318] for POST '/session/ae504992da3404892a1a6b86ac529b26/url'
16:16:17.722 [AsyncHttpClient-1-1] DEBUG org.asynchttpclient.netty.channel.DefaultChannelPool - Entry count for : http://localhost:55203 : 1
16:16:18.815 [AsyncHttpClient-1-1] DEBUG org.asynchttpclient.netty.channel.DefaultChannelPool - Entry count for : http://localhost:55203 : 1
16:16:19.916 [AsyncHttpClient-1-1] DEBUG org.asynchttpclient.netty.channel.DefaultChannelPool - Entry count for : http://localhost:55203 : 1
16:16:21.014 [AsyncHttpClient-1-1] DEBUG org.asynchttpclient.netty.channel.DefaultChannelPool - Entry count for : http://localhost:55203 : 1
16:16:22.119 [AsyncHttpClient-1-1] DEBUG org.asynchttpclient.netty.channel.DefaultChannelPool - Entry count for : http://localhost:55203 : 1
16:16:23.212 [AsyncHttpClient-1-1] DEBUG org.asynchttpclient.netty.channel.DefaultChannelPool - Entry count for : http://localhost:55203 : 1
16:16:24.326 [AsyncHttpClient-1-1] DEBUG org.asynchttpclient.netty.channel.DefaultChannelPool - Entry count for : http://localhost:55203 : 1
16:16:25.433 [AsyncHttpClient-1-1] DEBUG org.asynchttpclient.netty.channel.DefaultChannelPool - Entry count for : http://localhost:55203 : 1
16:16:26.535 [AsyncHttpClient-1-1] DEBUG org.asynchttpclient.netty.channel.DefaultChannelPool - Entry count for : http://localhost:55203 : 1
16:16:27.619 [AsyncHttpClient-1-1] DEBUG org.asynchttpclient.netty.channel.DefaultChannelPool - Entry count for : http://localhost:55203 : 1
16:16:28.713 [AsyncHttpClient-1-1] DEBUG org.asynchttpclient.netty.channel.DefaultChannelPool - Entry count for : http://localhost:55203 : 1
16:16:29.851 [AsyncHttpClient-1-1] DEBUG org.asynchttpclient.netty.channel.DefaultChannelPool - Entry count for : http://localhost:55203 : 1
16:16:30.954 [AsyncHttpClient-1-1] DEBUG org.asynchttpclient.netty.channel.DefaultChannelPool - Entry count for : http://localhost:55203 : 1
16:16:32.111 [AsyncHttpClient-1-1] DEBUG org.asynchttpclient.netty.channel.DefaultChannelPool - Entry count for : http://localhost:55203 : 1
16:16:32.312 [AsyncHttpClient-1-2] DEBUG org.asynchttpclient.netty.handler.HttpHandler - 

Request DefaultHttpRequest(decodeResult: success, version: HTTP/1.1)
POST /session/ae504992da3404892a1a6b86ac529b26/url HTTP/1.1
User-Agent: selenium/4.1.2 (java windows)
Content-Length: 49
Content-Type: application/json; charset=utf-8
host: localhost:53318
accept: */*

Response DefaultHttpResponse(decodeResult: success, version: HTTP/1.1)
HTTP/1.1 200 OK
Content-Type: application/json; charset=utf-8
cache-control: no-cache
content-length: 14

16:16:32.313 [AsyncHttpClient-1-2] DEBUG org.asynchttpclient.netty.channel.ChannelManager - Adding key: http://localhost:53318 for channel [id: 0xfc5fe13a, L:/127.0.0.1:55197 - R:localhost/127.0.0.1:53318]
16:16:32.322 [Forwarding setTimeout on session ae504992da3404892a1a6b86ac529b26 to remote] DEBUG org.asynchttpclient.netty.request.NettyRequestSender - Using pooled Channel '[id: 0xfc5fe13a, L:/127.0.0.1:55197 - R:localhost/127.0.0.1:53318]' for 'POST' to 'http://localhost:53318/session/ae504992da3404892a1a6b86ac529b26/timeouts'
16:16:32.323 [Forwarding setTimeout on session ae504992da3404892a1a6b86ac529b26 to remote] DEBUG org.asynchttpclient.netty.request.NettyRequestSender - Using open Channel [id: 0xfc5fe13a, L:/127.0.0.1:55197 - R:localhost/127.0.0.1:53318] for POST '/session/ae504992da3404892a1a6b86ac529b26/timeouts'
16:16:32.373 [AsyncHttpClient-1-2] DEBUG org.asynchttpclient.netty.handler.HttpHandler - 

Request DefaultHttpRequest(decodeResult: success, version: HTTP/1.1)
POST /session/ae504992da3404892a1a6b86ac529b26/timeouts HTTP/1.1
User-Agent: selenium/4.1.2 (java windows)
Content-Length: 22
Content-Type: application/json; charset=utf-8
host: localhost:53318
accept: */*

Response DefaultHttpResponse(decodeResult: success, version: HTTP/1.1)
HTTP/1.1 200 OK
Content-Type: application/json; charset=utf-8
cache-control: no-cache
content-length: 14

16:16:32.377 [AsyncHttpClient-1-2] DEBUG org.asynchttpclient.netty.channel.ChannelManager - Adding key: http://localhost:53318 for channel [id: 0xfc5fe13a, L:/127.0.0.1:55197 - R:localhost/127.0.0.1:53318]
16:16:32.412 [Forwarding getCurrentUrl on session ae504992da3404892a1a6b86ac529b26 to remote] DEBUG org.asynchttpclient.netty.request.NettyRequestSender - Using pooled Channel '[id: 0xfc5fe13a, L:/127.0.0.1:55197 - R:localhost/127.0.0.1:53318]' for 'GET' to 'http://localhost:53318/session/ae504992da3404892a1a6b86ac529b26/url'
16:16:32.414 [Forwarding getCurrentUrl on session ae504992da3404892a1a6b86ac529b26 to remote] DEBUG org.asynchttpclient.netty.request.NettyRequestSender - Using open Channel [id: 0xfc5fe13a, L:/127.0.0.1:55197 - R:localhost/127.0.0.1:53318] for GET '/session/ae504992da3404892a1a6b86ac529b26/url'
16:16:32.464 [AsyncHttpClient-1-2] DEBUG org.asynchttpclient.netty.handler.HttpHandler - 

Request DefaultFullHttpRequest(decodeResult: success, version: HTTP/1.1, content: EmptyByteBufBE)
GET /session/ae504992da3404892a1a6b86ac529b26/url HTTP/1.1
User-Agent: selenium/4.1.2 (java windows)
Cache-Control: no-cache
Content-Type: application/json; charset=utf-8
host: localhost:53318
accept: */*

Response DefaultHttpResponse(decodeResult: success, version: HTTP/1.1)
HTTP/1.1 200 OK
Content-Type: application/json; charset=utf-8
cache-control: no-cache
content-length: 31

16:16:32.465 [AsyncHttpClient-1-2] DEBUG org.asynchttpclient.netty.channel.ChannelManager - Adding key: http://localhost:53318 for channel [id: 0xfc5fe13a, L:/127.0.0.1:55197 - R:localhost/127.0.0.1:53318]
16:16:32.499 [Forwarding getCurrentUrl on session ae504992da3404892a1a6b86ac529b26 to remote] DEBUG org.asynchttpclient.netty.request.NettyRequestSender - Using pooled Channel '[id: 0xfc5fe13a, L:/127.0.0.1:55197 - R:localhost/127.0.0.1:53318]' for 'GET' to 'http://localhost:53318/session/ae504992da3404892a1a6b86ac529b26/url'
16:16:32.499 [Forwarding getCurrentUrl on session ae504992da3404892a1a6b86ac529b26 to remote] DEBUG org.asynchttpclient.netty.request.NettyRequestSender - Using open Channel [id: 0xfc5fe13a, L:/127.0.0.1:55197 - R:localhost/127.0.0.1:53318] for GET '/session/ae504992da3404892a1a6b86ac529b26/url'
16:16:32.516 [AsyncHttpClient-1-2] DEBUG org.asynchttpclient.netty.handler.HttpHandler - 

Request DefaultFullHttpRequest(decodeResult: success, version: HTTP/1.1, content: EmptyByteBufBE)
GET /session/ae504992da3404892a1a6b86ac529b26/url HTTP/1.1
User-Agent: selenium/4.1.2 (java windows)
Cache-Control: no-cache
Content-Type: application/json; charset=utf-8
host: localhost:53318
accept: */*

Response DefaultHttpResponse(decodeResult: success, version: HTTP/1.1)
HTTP/1.1 200 OK
Content-Type: application/json; charset=utf-8
cache-control: no-cache
content-length: 31

16:16:32.517 [AsyncHttpClient-1-2] DEBUG org.asynchttpclient.netty.channel.ChannelManager - Adding key: http://localhost:53318 for channel [id: 0xfc5fe13a, L:/127.0.0.1:55197 - R:localhost/127.0.0.1:53318]
16:16:32.605 [main] DEBUG net.serenitybdd.core.photography.Darkroom - Opening darkroom
16:16:32.607 [Darkroom Processing Line] DEBUG net.serenitybdd.core.photography.DarkroomProcessingLine - Darkroom processing line starting up
16:16:32.614 [Forwarding screenshot on session ae504992da3404892a1a6b86ac529b26 to remote] DEBUG org.asynchttpclient.netty.request.NettyRequestSender - Using pooled Channel '[id: 0xfc5fe13a, L:/127.0.0.1:55197 - R:localhost/127.0.0.1:53318]' for 'GET' to 'http://localhost:53318/session/ae504992da3404892a1a6b86ac529b26/screenshot'
16:16:32.615 [Forwarding screenshot on session ae504992da3404892a1a6b86ac529b26 to remote] DEBUG org.asynchttpclient.netty.request.NettyRequestSender - Using open Channel [id: 0xfc5fe13a, L:/127.0.0.1:55197 - R:localhost/127.0.0.1:53318] for GET '/session/ae504992da3404892a1a6b86ac529b26/screenshot'
16:16:33.321 [AsyncHttpClient-1-1] DEBUG org.asynchttpclient.netty.channel.DefaultChannelPool - Entry count for : http://localhost:55203 : 1
16:16:34.525 [AsyncHttpClient-1-1] DEBUG org.asynchttpclient.netty.channel.DefaultChannelPool - Entry count for : http://localhost:55203 : 1
16:16:35.615 [AsyncHttpClient-1-1] DEBUG org.asynchttpclient.netty.channel.DefaultChannelPool - Entry count for : http://localhost:55203 : 1
16:16:36.772 [AsyncHttpClient-1-1] DEBUG org.asynchttpclient.netty.channel.DefaultChannelPool - Entry count for : http://localhost:55203 : 1
16:16:37.813 [AsyncHttpClient-1-1] DEBUG org.asynchttpclient.netty.channel.DefaultChannelPool - Entry count for : http://localhost:55203 : 1
16:16:38.928 [AsyncHttpClient-1-1] DEBUG org.asynchttpclient.netty.channel.DefaultChannelPool - Entry count for : http://localhost:55203 : 1
16:16:40.018 [AsyncHttpClient-1-1] DEBUG org.asynchttpclient.netty.channel.DefaultChannelPool - Entry count for : http://localhost:55203 : 1
16:16:41.190 [AsyncHttpClient-1-1] DEBUG org.asynchttpclient.netty.channel.DefaultChannelPool - Entry count for : http://localhost:55203 : 1
16:16:42.221 [AsyncHttpClient-1-1] DEBUG org.asynchttpclient.netty.channel.DefaultChannelPool - Entry count for : http://localhost:55203 : 1
16:16:43.328 [AsyncHttpClient-1-1] DEBUG org.asynchttpclient.netty.channel.DefaultChannelPool - Entry count for : http://localhost:55203 : 1
16:16:44.471 [AsyncHttpClient-1-1] DEBUG org.asynchttpclient.netty.channel.DefaultChannelPool - Entry count for : http://localhost:55203 : 1
16:16:45.608 [AsyncHttpClient-1-1] DEBUG org.asynchttpclient.netty.channel.DefaultChannelPool - Entry count for : http://localhost:55203 : 1
16:16:46.740 [AsyncHttpClient-1-1] DEBUG org.asynchttpclient.netty.channel.DefaultChannelPool - Entry count for : http://localhost:55203 : 1
16:16:48.031 [AsyncHttpClient-1-1] DEBUG org.asynchttpclient.netty.channel.DefaultChannelPool - Entry count for : http://localhost:55203 : 1
16:16:49.137 [AsyncHttpClient-1-1] DEBUG org.asynchttpclient.netty.channel.DefaultChannelPool - Entry count for : http://localhost:55203 : 1
16:16:49.174 [AsyncHttpClient-1-2] DEBUG org.asynchttpclient.netty.handler.HttpHandler - 

Request DefaultFullHttpRequest(decodeResult: success, version: HTTP/1.1, content: EmptyByteBufBE)
GET /session/ae504992da3404892a1a6b86ac529b26/screenshot HTTP/1.1
User-Agent: selenium/4.1.2 (java windows)
Cache-Control: no-cache
Content-Type: application/json; charset=utf-8
host: localhost:53318
accept: */*

Response DefaultHttpResponse(decodeResult: success, version: HTTP/1.1)
HTTP/1.1 200 OK
Content-Type: application/json; charset=utf-8
cache-control: no-cache
content-length: 29324

16:16:49.184 [AsyncHttpClient-1-2] DEBUG org.asynchttpclient.netty.channel.ChannelManager - Adding key: http://localhost:53318 for channel [id: 0xfc5fe13a, L:/127.0.0.1:55197 - R:localhost/127.0.0.1:53318]
16:16:49.823 [main] DEBUG net.serenitybdd.core.photography.Darkroom - Send negative for processing for target\site\serenity\2d890a193c29ba828e9a46e8bd33856dcdc6861be66d2205d964c50647169d98.png
16:16:49.826 [Darkroom Processing Line] DEBUG net.serenitybdd.core.photography.DarkroomProcessingLine - Processing screenshot image in /var/screenshots/screenshot-7488876322995459206
16:16:49.826 [Darkroom Processing Line] DEBUG net.serenitybdd.core.photography.DarkroomProcessingLine - Saving screenshot to target\site\serenity\2d890a193c29ba828e9a46e8bd33856dcdc6861be66d2205d964c50647169d98.png
16:16:49.899 [main] DEBUG net.thucydides.core.steps.StepInterceptor - STEP DONE: openPage
16:16:49.936 [Forwarding screenshot on session ae504992da3404892a1a6b86ac529b26 to remote] DEBUG org.asynchttpclient.netty.request.NettyRequestSender - Using pooled Channel '[id: 0xfc5fe13a, L:/127.0.0.1:55197 - R:localhost/127.0.0.1:53318]' for 'GET' to 'http://localhost:53318/session/ae504992da3404892a1a6b86ac529b26/screenshot'
16:16:49.936 [Forwarding screenshot on session ae504992da3404892a1a6b86ac529b26 to remote] DEBUG org.asynchttpclient.netty.request.NettyRequestSender - Using open Channel [id: 0xfc5fe13a, L:/127.0.0.1:55197 - R:localhost/127.0.0.1:53318] for GET '/session/ae504992da3404892a1a6b86ac529b26/screenshot'
16:16:50.224 [AsyncHttpClient-1-2] DEBUG org.asynchttpclient.netty.handler.HttpHandler - 

Request DefaultFullHttpRequest(decodeResult: success, version: HTTP/1.1, content: EmptyByteBufBE)
GET /session/ae504992da3404892a1a6b86ac529b26/screenshot HTTP/1.1
User-Agent: selenium/4.1.2 (java windows)
Cache-Control: no-cache
Content-Type: application/json; charset=utf-8
host: localhost:53318
accept: */*

Response DefaultHttpResponse(decodeResult: success, version: HTTP/1.1)
HTTP/1.1 200 OK
Content-Type: application/json; charset=utf-8
cache-control: no-cache
content-length: 88468

16:16:50.226 [AsyncHttpClient-1-2] DEBUG org.asynchttpclient.netty.channel.ChannelManager - Adding key: http://localhost:53318 for channel [id: 0xfc5fe13a, L:/127.0.0.1:55197 - R:localhost/127.0.0.1:53318]
16:16:50.241 [AsyncHttpClient-1-1] DEBUG org.asynchttpclient.netty.channel.DefaultChannelPool - Entry count for : http://localhost:53318 : 1
16:16:50.242 [AsyncHttpClient-1-1] DEBUG org.asynchttpclient.netty.channel.DefaultChannelPool - Entry count for : http://localhost:55203 : 1
16:16:50.343 [main] DEBUG net.serenitybdd.core.photography.Darkroom - Send negative for processing for target\site\serenity\6921355acba33151d62663ac5b287602752a29ae137c59d360bbf5ac6c7e2c87.png
16:16:50.345 [Darkroom Processing Line] DEBUG net.serenitybdd.core.photography.DarkroomProcessingLine - Processing screenshot image in /var/screenshots/screenshot-7860450405200921611
16:16:50.346 [Darkroom Processing Line] DEBUG net.serenitybdd.core.photography.DarkroomProcessingLine - Saving screenshot to target\site\serenity\6921355acba33151d62663ac5b287602752a29ae137c59d360bbf5ac6c7e2c87.png
16:16:50.354 [main] DEBUG net.thucydides.core.steps.StepInterceptor - STARTING STEP: RegisterSteps.onRegisterPage - clickLoginIcon
16:16:50.449 [Forwarding findElement on session ae504992da3404892a1a6b86ac529b26 to remote] DEBUG org.asynchttpclient.netty.request.NettyRequestSender - Using pooled Channel '[id: 0xfc5fe13a, L:/127.0.0.1:55197 - R:localhost/127.0.0.1:53318]' for 'POST' to 'http://localhost:53318/session/ae504992da3404892a1a6b86ac529b26/element'
16:16:50.457 [Forwarding findElement on session ae504992da3404892a1a6b86ac529b26 to remote] DEBUG org.asynchttpclient.netty.request.NettyRequestSender - Using open Channel [id: 0xfc5fe13a, L:/127.0.0.1:55197 - R:localhost/127.0.0.1:53318] for POST '/session/ae504992da3404892a1a6b86ac529b26/element'
16:16:50.877 [AsyncHttpClient-1-2] DEBUG org.asynchttpclient.netty.handler.HttpHandler - 

Request DefaultHttpRequest(decodeResult: success, version: HTTP/1.1)
POST /session/ae504992da3404892a1a6b86ac529b26/element HTTP/1.1
User-Agent: selenium/4.1.2 (java windows)
Content-Length: 129
Content-Type: application/json; charset=utf-8
host: localhost:53318
accept: */*

Response DefaultHttpResponse(decodeResult: success, version: HTTP/1.1)
HTTP/1.1 200 OK
Content-Type: application/json; charset=utf-8
cache-control: no-cache
content-length: 88

16:16:50.878 [AsyncHttpClient-1-2] DEBUG org.asynchttpclient.netty.channel.ChannelManager - Adding key: http://localhost:53318 for channel [id: 0xfc5fe13a, L:/127.0.0.1:55197 - R:localhost/127.0.0.1:53318]
16:16:50.894 [Forwarding getElementTagName on session ae504992da3404892a1a6b86ac529b26 to remote] DEBUG org.asynchttpclient.netty.request.NettyRequestSender - Using pooled Channel '[id: 0xfc5fe13a, L:/127.0.0.1:55197 - R:localhost/127.0.0.1:53318]' for 'GET' to 'http://localhost:53318/session/ae504992da3404892a1a6b86ac529b26/element/0411cad1-76c6-41ca-b49e-e9e9e0ba0aae/name'
16:16:50.894 [Forwarding getElementTagName on session ae504992da3404892a1a6b86ac529b26 to remote] DEBUG org.asynchttpclient.netty.request.NettyRequestSender - Using open Channel [id: 0xfc5fe13a, L:/127.0.0.1:55197 - R:localhost/127.0.0.1:53318] for GET '/session/ae504992da3404892a1a6b86ac529b26/element/0411cad1-76c6-41ca-b49e-e9e9e0ba0aae/name'
16:16:50.903 [AsyncHttpClient-1-2] DEBUG org.asynchttpclient.netty.handler.HttpHandler - 

Request DefaultFullHttpRequest(decodeResult: success, version: HTTP/1.1, content: EmptyByteBufBE)
GET /session/ae504992da3404892a1a6b86ac529b26/element/0411cad1-76c6-41ca-b49e-e9e9e0ba0aae/name HTTP/1.1
User-Agent: selenium/4.1.2 (java windows)
Cache-Control: no-cache
Content-Type: application/json; charset=utf-8
host: localhost:53318
accept: */*

Response DefaultHttpResponse(decodeResult: success, version: HTTP/1.1)
HTTP/1.1 200 OK
Content-Type: application/json; charset=utf-8
cache-control: no-cache
content-length: 18

16:16:50.903 [AsyncHttpClient-1-2] DEBUG org.asynchttpclient.netty.channel.ChannelManager - Adding key: http://localhost:53318 for channel [id: 0xfc5fe13a, L:/127.0.0.1:55197 - R:localhost/127.0.0.1:53318]
16:16:50.907 [Forwarding getElementTagName on session ae504992da3404892a1a6b86ac529b26 to remote] DEBUG org.asynchttpclient.netty.request.NettyRequestSender - Using pooled Channel '[id: 0xfc5fe13a, L:/127.0.0.1:55197 - R:localhost/127.0.0.1:53318]' for 'GET' to 'http://localhost:53318/session/ae504992da3404892a1a6b86ac529b26/element/0411cad1-76c6-41ca-b49e-e9e9e0ba0aae/name'
16:16:50.907 [Forwarding getElementTagName on session ae504992da3404892a1a6b86ac529b26 to remote] DEBUG org.asynchttpclient.netty.request.NettyRequestSender - Using open Channel [id: 0xfc5fe13a, L:/127.0.0.1:55197 - R:localhost/127.0.0.1:53318] for GET '/session/ae504992da3404892a1a6b86ac529b26/element/0411cad1-76c6-41ca-b49e-e9e9e0ba0aae/name'
16:16:50.914 [AsyncHttpClient-1-2] DEBUG org.asynchttpclient.netty.handler.HttpHandler - 

Request DefaultFullHttpRequest(decodeResult: success, version: HTTP/1.1, content: EmptyByteBufBE)
GET /session/ae504992da3404892a1a6b86ac529b26/element/0411cad1-76c6-41ca-b49e-e9e9e0ba0aae/name HTTP/1.1
User-Agent: selenium/4.1.2 (java windows)
Cache-Control: no-cache
Content-Type: application/json; charset=utf-8
host: localhost:53318
accept: */*

Response DefaultHttpResponse(decodeResult: success, version: HTTP/1.1)
HTTP/1.1 200 OK
Content-Type: application/json; charset=utf-8
cache-control: no-cache
content-length: 18

16:16:50.915 [AsyncHttpClient-1-2] DEBUG org.asynchttpclient.netty.channel.ChannelManager - Adding key: http://localhost:53318 for channel [id: 0xfc5fe13a, L:/127.0.0.1:55197 - R:localhost/127.0.0.1:53318]
16:16:50.928 [Forwarding isElementEnabled on session ae504992da3404892a1a6b86ac529b26 to remote] DEBUG org.asynchttpclient.netty.request.NettyRequestSender - Using pooled Channel '[id: 0xfc5fe13a, L:/127.0.0.1:55197 - R:localhost/127.0.0.1:53318]' for 'GET' to 'http://localhost:53318/session/ae504992da3404892a1a6b86ac529b26/element/0411cad1-76c6-41ca-b49e-e9e9e0ba0aae/enabled'
16:16:50.928 [Forwarding isElementEnabled on session ae504992da3404892a1a6b86ac529b26 to remote] DEBUG org.asynchttpclient.netty.request.NettyRequestSender - Using open Channel [id: 0xfc5fe13a, L:/127.0.0.1:55197 - R:localhost/127.0.0.1:53318] for GET '/session/ae504992da3404892a1a6b86ac529b26/element/0411cad1-76c6-41ca-b49e-e9e9e0ba0aae/enabled'
16:16:50.963 [AsyncHttpClient-1-2] DEBUG org.asynchttpclient.netty.handler.HttpHandler - 

Request DefaultFullHttpRequest(decodeResult: success, version: HTTP/1.1, content: EmptyByteBufBE)
GET /session/ae504992da3404892a1a6b86ac529b26/element/0411cad1-76c6-41ca-b49e-e9e9e0ba0aae/enabled HTTP/1.1
User-Agent: selenium/4.1.2 (java windows)
Cache-Control: no-cache
Content-Type: application/json; charset=utf-8
host: localhost:53318
accept: */*

Response DefaultHttpResponse(decodeResult: success, version: HTTP/1.1)
HTTP/1.1 200 OK
Content-Type: application/json; charset=utf-8
cache-control: no-cache
content-length: 14

16:16:50.964 [AsyncHttpClient-1-2] DEBUG org.asynchttpclient.netty.channel.ChannelManager - Adding key: http://localhost:53318 for channel [id: 0xfc5fe13a, L:/127.0.0.1:55197 - R:localhost/127.0.0.1:53318]
16:16:50.967 [Forwarding isElementEnabled on session ae504992da3404892a1a6b86ac529b26 to remote] DEBUG org.asynchttpclient.netty.request.NettyRequestSender - Using pooled Channel '[id: 0xfc5fe13a, L:/127.0.0.1:55197 - R:localhost/127.0.0.1:53318]' for 'GET' to 'http://localhost:53318/session/ae504992da3404892a1a6b86ac529b26/element/0411cad1-76c6-41ca-b49e-e9e9e0ba0aae/enabled'
16:16:50.968 [Forwarding isElementEnabled on session ae504992da3404892a1a6b86ac529b26 to remote] DEBUG org.asynchttpclient.netty.request.NettyRequestSender - Using open Channel [id: 0xfc5fe13a, L:/127.0.0.1:55197 - R:localhost/127.0.0.1:53318] for GET '/session/ae504992da3404892a1a6b86ac529b26/element/0411cad1-76c6-41ca-b49e-e9e9e0ba0aae/enabled'
16:16:50.981 [AsyncHttpClient-1-2] DEBUG org.asynchttpclient.netty.handler.HttpHandler - 

Request DefaultFullHttpRequest(decodeResult: success, version: HTTP/1.1, content: EmptyByteBufBE)
GET /session/ae504992da3404892a1a6b86ac529b26/element/0411cad1-76c6-41ca-b49e-e9e9e0ba0aae/enabled HTTP/1.1
User-Agent: selenium/4.1.2 (java windows)
Cache-Control: no-cache
Content-Type: application/json; charset=utf-8
host: localhost:53318
accept: */*

Response DefaultHttpResponse(decodeResult: success, version: HTTP/1.1)
HTTP/1.1 200 OK
Content-Type: application/json; charset=utf-8
cache-control: no-cache
content-length: 14

16:16:50.981 [AsyncHttpClient-1-2] DEBUG org.asynchttpclient.netty.channel.ChannelManager - Adding key: http://localhost:53318 for channel [id: 0xfc5fe13a, L:/127.0.0.1:55197 - R:localhost/127.0.0.1:53318]
16:16:50.997 [Forwarding findElement on session ae504992da3404892a1a6b86ac529b26 to remote] DEBUG org.asynchttpclient.netty.request.NettyRequestSender - Using pooled Channel '[id: 0xfc5fe13a, L:/127.0.0.1:55197 - R:localhost/127.0.0.1:53318]' for 'POST' to 'http://localhost:53318/session/ae504992da3404892a1a6b86ac529b26/element'
16:16:50.997 [Forwarding findElement on session ae504992da3404892a1a6b86ac529b26 to remote] DEBUG org.asynchttpclient.netty.request.NettyRequestSender - Using open Channel [id: 0xfc5fe13a, L:/127.0.0.1:55197 - R:localhost/127.0.0.1:53318] for POST '/session/ae504992da3404892a1a6b86ac529b26/element'
16:16:51.019 [AsyncHttpClient-1-2] DEBUG org.asynchttpclient.netty.handler.HttpHandler - 

Request DefaultHttpRequest(decodeResult: success, version: HTTP/1.1)
POST /session/ae504992da3404892a1a6b86ac529b26/element HTTP/1.1
User-Agent: selenium/4.1.2 (java windows)
Content-Length: 129
Content-Type: application/json; charset=utf-8
host: localhost:53318
accept: */*

Response DefaultHttpResponse(decodeResult: success, version: HTTP/1.1)
HTTP/1.1 200 OK
Content-Type: application/json; charset=utf-8
cache-control: no-cache
content-length: 88

16:16:51.019 [AsyncHttpClient-1-2] DEBUG org.asynchttpclient.netty.channel.ChannelManager - Adding key: http://localhost:53318 for channel [id: 0xfc5fe13a, L:/127.0.0.1:55197 - R:localhost/127.0.0.1:53318]
16:16:51.023 [Forwarding clickElement on session ae504992da3404892a1a6b86ac529b26 to remote] DEBUG org.asynchttpclient.netty.request.NettyRequestSender - Using pooled Channel '[id: 0xfc5fe13a, L:/127.0.0.1:55197 - R:localhost/127.0.0.1:53318]' for 'POST' to 'http://localhost:53318/session/ae504992da3404892a1a6b86ac529b26/element/0411cad1-76c6-41ca-b49e-e9e9e0ba0aae/click'
16:16:51.023 [Forwarding clickElement on session ae504992da3404892a1a6b86ac529b26 to remote] DEBUG org.asynchttpclient.netty.request.NettyRequestSender - Using open Channel [id: 0xfc5fe13a, L:/127.0.0.1:55197 - R:localhost/127.0.0.1:53318] for POST '/session/ae504992da3404892a1a6b86ac529b26/element/0411cad1-76c6-41ca-b49e-e9e9e0ba0aae/click'
16:16:51.331 [AsyncHttpClient-1-2] DEBUG org.asynchttpclient.netty.handler.HttpHandler - 

Request DefaultHttpRequest(decodeResult: success, version: HTTP/1.1)
POST /session/ae504992da3404892a1a6b86ac529b26/element/0411cad1-76c6-41ca-b49e-e9e9e0ba0aae/click HTTP/1.1
User-Agent: selenium/4.1.2 (java windows)
Content-Length: 50
Content-Type: application/json; charset=utf-8
host: localhost:53318
accept: */*

Response DefaultHttpResponse(decodeResult: success, version: HTTP/1.1)
HTTP/1.1 200 OK
Content-Type: application/json; charset=utf-8
cache-control: no-cache
content-length: 14

16:16:51.332 [AsyncHttpClient-1-2] DEBUG org.asynchttpclient.netty.channel.ChannelManager - Adding key: http://localhost:53318 for channel [id: 0xfc5fe13a, L:/127.0.0.1:55197 - R:localhost/127.0.0.1:53318]
16:16:51.347 [AsyncHttpClient-1-1] DEBUG org.asynchttpclient.netty.channel.DefaultChannelPool - Entry count for : http://localhost:53318 : 1
16:16:51.348 [AsyncHttpClient-1-1] DEBUG org.asynchttpclient.netty.channel.DefaultChannelPool - Entry count for : http://localhost:55203 : 1
16:16:51.413 [Forwarding screenshot on session ae504992da3404892a1a6b86ac529b26 to remote] DEBUG org.asynchttpclient.netty.request.NettyRequestSender - Using pooled Channel '[id: 0xfc5fe13a, L:/127.0.0.1:55197 - R:localhost/127.0.0.1:53318]' for 'GET' to 'http://localhost:53318/session/ae504992da3404892a1a6b86ac529b26/screenshot'
16:16:51.413 [Forwarding screenshot on session ae504992da3404892a1a6b86ac529b26 to remote] DEBUG org.asynchttpclient.netty.request.NettyRequestSender - Using open Channel [id: 0xfc5fe13a, L:/127.0.0.1:55197 - R:localhost/127.0.0.1:53318] for GET '/session/ae504992da3404892a1a6b86ac529b26/screenshot'
16:16:52.003 [AsyncHttpClient-1-2] DEBUG org.asynchttpclient.netty.handler.HttpHandler - 

Request DefaultFullHttpRequest(decodeResult: success, version: HTTP/1.1, content: EmptyByteBufBE)
GET /session/ae504992da3404892a1a6b86ac529b26/screenshot HTTP/1.1
User-Agent: selenium/4.1.2 (java windows)
Cache-Control: no-cache
Content-Type: application/json; charset=utf-8
host: localhost:53318
accept: */*

Response DefaultHttpResponse(decodeResult: success, version: HTTP/1.1)
HTTP/1.1 200 OK
Content-Type: application/json; charset=utf-8
cache-control: no-cache
content-length: 26636

16:16:52.005 [AsyncHttpClient-1-2] DEBUG org.asynchttpclient.netty.channel.ChannelManager - Adding key: http://localhost:53318 for channel [id: 0xfc5fe13a, L:/127.0.0.1:55197 - R:localhost/127.0.0.1:53318]
16:16:52.096 [main] DEBUG net.serenitybdd.core.photography.Darkroom - Send negative for processing for target\site\serenity\a858c04a38cd62c7c679ca86fc9e39cc64df5cb0a3dfa8fa06e7e3b6b2aa1244.png
16:16:52.097 [Darkroom Processing Line] DEBUG net.serenitybdd.core.photography.DarkroomProcessingLine - Processing screenshot image in /var/screenshots/screenshot-1658109134260899661
16:16:52.097 [Darkroom Processing Line] DEBUG net.serenitybdd.core.photography.DarkroomProcessingLine - Saving screenshot to target\site\serenity\a858c04a38cd62c7c679ca86fc9e39cc64df5cb0a3dfa8fa06e7e3b6b2aa1244.png
16:16:52.099 [main] DEBUG net.thucydides.core.steps.StepInterceptor - STEP DONE: clickLoginIcon
16:16:52.136 [main] DEBUG net.thucydides.core.steps.StepInterceptor - STARTING STEP: RegisterSteps.onRegisterPage - clickRegisterIcon
16:16:52.210 [Forwarding findElement on session ae504992da3404892a1a6b86ac529b26 to remote] DEBUG org.asynchttpclient.netty.request.NettyRequestSender - Using pooled Channel '[id: 0xfc5fe13a, L:/127.0.0.1:55197 - R:localhost/127.0.0.1:53318]' for 'POST' to 'http://localhost:53318/session/ae504992da3404892a1a6b86ac529b26/element'
16:16:52.210 [Forwarding findElement on session ae504992da3404892a1a6b86ac529b26 to remote] DEBUG org.asynchttpclient.netty.request.NettyRequestSender - Using open Channel [id: 0xfc5fe13a, L:/127.0.0.1:55197 - R:localhost/127.0.0.1:53318] for POST '/session/ae504992da3404892a1a6b86ac529b26/element'
16:16:52.273 [AsyncHttpClient-1-2] DEBUG org.asynchttpclient.netty.handler.HttpHandler - 

Request DefaultHttpRequest(decodeResult: success, version: HTTP/1.1)
POST /session/ae504992da3404892a1a6b86ac529b26/element HTTP/1.1
User-Agent: selenium/4.1.2 (java windows)
Content-Length: 50
Content-Type: application/json; charset=utf-8
host: localhost:53318
accept: */*

Response DefaultHttpResponse(decodeResult: success, version: HTTP/1.1)
HTTP/1.1 200 OK
Content-Type: application/json; charset=utf-8
cache-control: no-cache
content-length: 88

16:16:52.274 [AsyncHttpClient-1-2] DEBUG org.asynchttpclient.netty.channel.ChannelManager - Adding key: http://localhost:53318 for channel [id: 0xfc5fe13a, L:/127.0.0.1:55197 - R:localhost/127.0.0.1:53318]
16:16:52.287 [Forwarding getElementTagName on session ae504992da3404892a1a6b86ac529b26 to remote] DEBUG org.asynchttpclient.netty.request.NettyRequestSender - Using pooled Channel '[id: 0xfc5fe13a, L:/127.0.0.1:55197 - R:localhost/127.0.0.1:53318]' for 'GET' to 'http://localhost:53318/session/ae504992da3404892a1a6b86ac529b26/element/c6007543-79b6-4f38-9030-50020e50fc9c/name'
16:16:52.287 [Forwarding getElementTagName on session ae504992da3404892a1a6b86ac529b26 to remote] DEBUG org.asynchttpclient.netty.request.NettyRequestSender - Using open Channel [id: 0xfc5fe13a, L:/127.0.0.1:55197 - R:localhost/127.0.0.1:53318] for GET '/session/ae504992da3404892a1a6b86ac529b26/element/c6007543-79b6-4f38-9030-50020e50fc9c/name'
16:16:52.319 [AsyncHttpClient-1-2] DEBUG org.asynchttpclient.netty.handler.HttpHandler - 

Request DefaultFullHttpRequest(decodeResult: success, version: HTTP/1.1, content: EmptyByteBufBE)
GET /session/ae504992da3404892a1a6b86ac529b26/element/c6007543-79b6-4f38-9030-50020e50fc9c/name HTTP/1.1
User-Agent: selenium/4.1.2 (java windows)
Cache-Control: no-cache
Content-Type: application/json; charset=utf-8
host: localhost:53318
accept: */*

Response DefaultHttpResponse(decodeResult: success, version: HTTP/1.1)
HTTP/1.1 200 OK
Content-Type: application/json; charset=utf-8
cache-control: no-cache
content-length: 13

16:16:52.320 [AsyncHttpClient-1-2] DEBUG org.asynchttpclient.netty.channel.ChannelManager - Adding key: http://localhost:53318 for channel [id: 0xfc5fe13a, L:/127.0.0.1:55197 - R:localhost/127.0.0.1:53318]
16:16:52.325 [Forwarding getElementTagName on session ae504992da3404892a1a6b86ac529b26 to remote] DEBUG org.asynchttpclient.netty.request.NettyRequestSender - Using pooled Channel '[id: 0xfc5fe13a, L:/127.0.0.1:55197 - R:localhost/127.0.0.1:53318]' for 'GET' to 'http://localhost:53318/session/ae504992da3404892a1a6b86ac529b26/element/c6007543-79b6-4f38-9030-50020e50fc9c/name'
16:16:52.326 [Forwarding getElementTagName on session ae504992da3404892a1a6b86ac529b26 to remote] DEBUG org.asynchttpclient.netty.request.NettyRequestSender - Using open Channel [id: 0xfc5fe13a, L:/127.0.0.1:55197 - R:localhost/127.0.0.1:53318] for GET '/session/ae504992da3404892a1a6b86ac529b26/element/c6007543-79b6-4f38-9030-50020e50fc9c/name'
16:16:52.333 [AsyncHttpClient-1-2] DEBUG org.asynchttpclient.netty.handler.HttpHandler - 

Request DefaultFullHttpRequest(decodeResult: success, version: HTTP/1.1, content: EmptyByteBufBE)
GET /session/ae504992da3404892a1a6b86ac529b26/element/c6007543-79b6-4f38-9030-50020e50fc9c/name HTTP/1.1
User-Agent: selenium/4.1.2 (java windows)
Cache-Control: no-cache
Content-Type: application/json; charset=utf-8
host: localhost:53318
accept: */*

Response DefaultHttpResponse(decodeResult: success, version: HTTP/1.1)
HTTP/1.1 200 OK
Content-Type: application/json; charset=utf-8
cache-control: no-cache
content-length: 13

16:16:52.334 [AsyncHttpClient-1-2] DEBUG org.asynchttpclient.netty.channel.ChannelManager - Adding key: http://localhost:53318 for channel [id: 0xfc5fe13a, L:/127.0.0.1:55197 - R:localhost/127.0.0.1:53318]
16:16:52.341 [Forwarding findElement on session ae504992da3404892a1a6b86ac529b26 to remote] DEBUG org.asynchttpclient.netty.request.NettyRequestSender - Using pooled Channel '[id: 0xfc5fe13a, L:/127.0.0.1:55197 - R:localhost/127.0.0.1:53318]' for 'POST' to 'http://localhost:53318/session/ae504992da3404892a1a6b86ac529b26/element'
16:16:52.341 [Forwarding findElement on session ae504992da3404892a1a6b86ac529b26 to remote] DEBUG org.asynchttpclient.netty.request.NettyRequestSender - Using open Channel [id: 0xfc5fe13a, L:/127.0.0.1:55197 - R:localhost/127.0.0.1:53318] for POST '/session/ae504992da3404892a1a6b86ac529b26/element'
16:16:52.355 [AsyncHttpClient-1-2] DEBUG org.asynchttpclient.netty.handler.HttpHandler - 

Request DefaultHttpRequest(decodeResult: success, version: HTTP/1.1)
POST /session/ae504992da3404892a1a6b86ac529b26/element HTTP/1.1
User-Agent: selenium/4.1.2 (java windows)
Content-Length: 50
Content-Type: application/json; charset=utf-8
host: localhost:53318
accept: */*

Response DefaultHttpResponse(decodeResult: success, version: HTTP/1.1)
HTTP/1.1 200 OK
Content-Type: application/json; charset=utf-8
cache-control: no-cache
content-length: 88

16:16:52.355 [AsyncHttpClient-1-2] DEBUG org.asynchttpclient.netty.channel.ChannelManager - Adding key: http://localhost:53318 for channel [id: 0xfc5fe13a, L:/127.0.0.1:55197 - R:localhost/127.0.0.1:53318]
16:16:52.360 [Forwarding clickElement on session ae504992da3404892a1a6b86ac529b26 to remote] DEBUG org.asynchttpclient.netty.request.NettyRequestSender - Using pooled Channel '[id: 0xfc5fe13a, L:/127.0.0.1:55197 - R:localhost/127.0.0.1:53318]' for 'POST' to 'http://localhost:53318/session/ae504992da3404892a1a6b86ac529b26/element/c6007543-79b6-4f38-9030-50020e50fc9c/click'
16:16:52.360 [Forwarding clickElement on session ae504992da3404892a1a6b86ac529b26 to remote] DEBUG org.asynchttpclient.netty.request.NettyRequestSender - Using open Channel [id: 0xfc5fe13a, L:/127.0.0.1:55197 - R:localhost/127.0.0.1:53318] for POST '/session/ae504992da3404892a1a6b86ac529b26/element/c6007543-79b6-4f38-9030-50020e50fc9c/click'
16:16:52.424 [AsyncHttpClient-1-1] DEBUG org.asynchttpclient.netty.channel.DefaultChannelPool - Entry count for : http://localhost:55203 : 1
16:16:52.472 [AsyncHttpClient-1-2] DEBUG org.asynchttpclient.netty.handler.HttpHandler - 

Request DefaultHttpRequest(decodeResult: success, version: HTTP/1.1)
POST /session/ae504992da3404892a1a6b86ac529b26/element/c6007543-79b6-4f38-9030-50020e50fc9c/click HTTP/1.1
User-Agent: selenium/4.1.2 (java windows)
Content-Length: 50
Content-Type: application/json; charset=utf-8
host: localhost:53318
accept: */*

Response DefaultHttpResponse(decodeResult: success, version: HTTP/1.1)
HTTP/1.1 200 OK
Content-Type: application/json; charset=utf-8
cache-control: no-cache
content-length: 14

16:16:52.472 [AsyncHttpClient-1-2] DEBUG org.asynchttpclient.netty.channel.ChannelManager - Adding key: http://localhost:53318 for channel [id: 0xfc5fe13a, L:/127.0.0.1:55197 - R:localhost/127.0.0.1:53318]
16:16:52.562 [Forwarding screenshot on session ae504992da3404892a1a6b86ac529b26 to remote] DEBUG org.asynchttpclient.netty.request.NettyRequestSender - Using pooled Channel '[id: 0xfc5fe13a, L:/127.0.0.1:55197 - R:localhost/127.0.0.1:53318]' for 'GET' to 'http://localhost:53318/session/ae504992da3404892a1a6b86ac529b26/screenshot'
16:16:52.563 [Forwarding screenshot on session ae504992da3404892a1a6b86ac529b26 to remote] DEBUG org.asynchttpclient.netty.request.NettyRequestSender - Using open Channel [id: 0xfc5fe13a, L:/127.0.0.1:55197 - R:localhost/127.0.0.1:53318] for GET '/session/ae504992da3404892a1a6b86ac529b26/screenshot'
16:16:52.912 [AsyncHttpClient-1-2] DEBUG org.asynchttpclient.netty.handler.HttpHandler - 

Request DefaultFullHttpRequest(decodeResult: success, version: HTTP/1.1, content: EmptyByteBufBE)
GET /session/ae504992da3404892a1a6b86ac529b26/screenshot HTTP/1.1
User-Agent: selenium/4.1.2 (java windows)
Cache-Control: no-cache
Content-Type: application/json; charset=utf-8
host: localhost:53318
accept: */*

Response DefaultHttpResponse(decodeResult: success, version: HTTP/1.1)
HTTP/1.1 200 OK
Content-Type: application/json; charset=utf-8
cache-control: no-cache
content-length: 30092

16:16:52.913 [AsyncHttpClient-1-2] DEBUG org.asynchttpclient.netty.channel.ChannelManager - Adding key: http://localhost:53318 for channel [id: 0xfc5fe13a, L:/127.0.0.1:55197 - R:localhost/127.0.0.1:53318]
16:16:52.918 [main] DEBUG net.serenitybdd.core.photography.Darkroom - Send negative for processing for target\site\serenity\548d6869ed7a7408828351cc68028ac0b752b8a56c31d32b5f89806eace27109.png
16:16:52.918 [main] DEBUG net.thucydides.core.steps.StepInterceptor - STEP DONE: clickRegisterIcon
16:16:52.918 [Darkroom Processing Line] DEBUG net.serenitybdd.core.photography.DarkroomProcessingLine - Processing screenshot image in /var/screenshots/screenshot-7053283411396512948
[...]
  &amp#27;[32mAnd &amp#27;[0m&amp#27;[32muser click register button&amp#27;[0m                                         &amp#27;[90m# starter.stepdefenitions.RegisterSteps.userClickRegisterButton()&amp#27;[0m
16:16:56.867 [AsyncHttpClient-1-1] DEBUG org.asynchttpclient.netty.channel.DefaultChannelPool - Entry count for : http://localhost:53318 : 1
16:16:56.868 [AsyncHttpClient-1-1] DEBUG org.asynchttpclient.netty.channel.DefaultChannelPool - Entry count for : http://localhost:55203 : 1
16:16:56.948 [Forwarding screenshot on session ae504992da3404892a1a6b86ac529b26 to remote] DEBUG org.asynchttpclient.netty.request.NettyRequestSender - Using pooled Channel '[id: 0xfc5fe13a, L:/127.0.0.1:55197 - R:localhost/127.0.0.1:53318]' for 'GET' to 'http://localhost:53318/session/ae504992da3404892a1a6b86ac529b26/screenshot'
16:16:56.949 [Forwarding screenshot on session ae504992da3404892a1a6b86ac529b26 to remote] DEBUG org.asynchttpclient.netty.request.NettyRequestSender - Using open Channel [id: 0xfc5fe13a, L:/127.0.0.1:55197 - R:localhost/127.0.0.1:53318] for GET '/session/ae504992da3404892a1a6b86ac529b26/screenshot'
16:16:57.285 [AsyncHttpClient-1-2] DEBUG org.asynchttpclient.netty.handler.HttpHandler - 

Request DefaultFullHttpRequest(decodeResult: success, version: HTTP/1.1, content: EmptyByteBufBE)
GET /session/ae504992da3404892a1a6b86ac529b26/screenshot HTTP/1.1
User-Agent: selenium/4.1.2 (java windows)
Cache-Control: no-cache
Content-Type: application/json; charset=utf-8
host: localhost:53318
accept: */*

Response DefaultHttpResponse(decodeResult: success, version: HTTP/1.1)
HTTP/1.1 200 OK
Content-Type: application/json; charset=utf-8
cache-control: no-cache
content-length: 36956

16:16:57.309 [AsyncHttpClient-1-2] DEBUG org.asynchttpclient.netty.channel.ChannelManager - Adding key: http://localhost:53318 for channel [id: 0xfc5fe13a, L:/127.0.0.1:55197 - R:localhost/127.0.0.1:53318]
16:16:57.357 [main] DEBUG net.serenitybdd.core.photography.Darkroom - Send negative for processing for target\site\serenity\eb1ebe6ff8eda38d620959513536335d08e9355e394ef711238400c512c9d7e2.png
16:16:57.358 [Darkroom Processing Line] DEBUG net.serenitybdd.core.photography.DarkroomProcessingLine - Processing screenshot image in /var/screenshots/screenshot-8922507506651556083
16:16:57.358 [Darkroom Processing Line] DEBUG net.serenitybdd.core.photography.DarkroomProcessingLine - Saving screenshot to target\site\serenity\eb1ebe6ff8eda38d620959513536335d08e9355e394ef711238400c512c9d7e2.png
16:16:57.422 [Forwarding screenshot on session ae504992da3404892a1a6b86ac529b26 to remote] DEBUG org.asynchttpclient.netty.request.NettyRequestSender - Using pooled Channel '[id: 0xfc5fe13a, L:/127.0.0.1:55197 - R:localhost/127.0.0.1:53318]' for 'GET' to 'http://localhost:53318/session/ae504992da3404892a1a6b86ac529b26/screenshot'
16:16:57.422 [Forwarding screenshot on session ae504992da3404892a1a6b86ac529b26 to remote] DEBUG org.asynchttpclient.netty.request.NettyRequestSender - Using open Channel [id: 0xfc5fe13a, L:/127.0.0.1:55197 - R:localhost/127.0.0.1:53318] for GET '/session/ae504992da3404892a1a6b86ac529b26/screenshot'
16:16:57.649 [AsyncHttpClient-1-2] DEBUG org.asynchttpclient.netty.handler.HttpHandler - 

Request DefaultFullHttpRequest(decodeResult: success, version: HTTP/1.1, content: EmptyByteBufBE)
GET /session/ae504992da3404892a1a6b86ac529b26/screenshot HTTP/1.1
User-Agent: selenium/4.1.2 (java windows)
Cache-Control: no-cache
Content-Type: application/json; charset=utf-8
host: localhost:53318
accept: */*

Response DefaultHttpResponse(decodeResult: success, version: HTTP/1.1)
HTTP/1.1 200 OK
Content-Type: application/json; charset=utf-8
cache-control: no-cache
content-length: 36940

16:16:57.650 [AsyncHttpClient-1-2] DEBUG org.asynchttpclient.netty.channel.ChannelManager - Adding key: http://localhost:53318 for channel [id: 0xfc5fe13a, L:/127.0.0.1:55197 - R:localhost/127.0.0.1:53318]
16:16:57.660 [main] DEBUG net.serenitybdd.core.photography.Darkroom - Send negative for processing for target\site\serenity\3fc98c1d93de4723a62c0d7b9f2d9821853c5532823083f66861bcd6ead83493.png
16:16:57.661 [Darkroom Processing Line] DEBUG net.serenitybdd.core.photography.DarkroomProcessingLine - Processing screenshot image in /var/screenshots/screenshot-94643872043038527
16:16:57.661 [main] DEBUG net.thucydides.core.steps.StepInterceptor - STARTING STEP: RegisterSteps.userFailToCreateAccountAndGetErrorMessage - getErrorNoPassword
16:16:57.661 [Darkroom Processing Line] DEBUG net.serenitybdd.core.photography.DarkroomProcessingLine - Saving screenshot to target\site\serenity\3fc98c1d93de4723a62c0d7b9f2d9821853c5532823083f66861bcd6ead83493.png
16:16:57.670 [Forwarding findElement on session ae504992da3404892a1a6b86ac529b26 to remote] DEBUG org.asynchttpclient.netty.request.NettyRequestSender - Using pooled Channel '[id: 0xfc5fe13a, L:/127.0.0.1:55197 - R:localhost/127.0.0.1:53318]' for 'POST' to 'http://localhost:53318/session/ae504992da3404892a1a6b86ac529b26/element'
16:16:57.671 [Forwarding findElement on session ae504992da3404892a1a6b86ac529b26 to remote] DEBUG org.asynchttpclient.netty.request.NettyRequestSender - Using open Channel [id: 0xfc5fe13a, L:/127.0.0.1:55197 - R:localhost/127.0.0.1:53318] for POST '/session/ae504992da3404892a1a6b86ac529b26/element'
16:16:57.696 [AsyncHttpClient-1-2] DEBUG org.asynchttpclient.netty.handler.HttpHandler - 

Request DefaultHttpRequest(decodeResult: success, version: HTTP/1.1)
POST /session/ae504992da3404892a1a6b86ac529b26/element HTTP/1.1
User-Agent: selenium/4.1.2 (java windows)
Content-Length: 53
Content-Type: application/json; charset=utf-8
host: localhost:53318
accept: */*

Response DefaultHttpResponse(decodeResult: success, version: HTTP/1.1)
HTTP/1.1 400 Bad Request
Content-Type: application/json; charset=utf-8
cache-control: no-cache
content-length: 957

16:16:57.696 [AsyncHttpClient-1-2] DEBUG org.asynchttpclient.netty.channel.ChannelManager - Adding key: http://localhost:53318 for channel [id: 0xfc5fe13a, L:/127.0.0.1:55197 - R:localhost/127.0.0.1:53318]
16:16:57.725 [Forwarding findElement on session ae504992da3404892a1a6b86ac529b26 to remote] DEBUG org.asynchttpclient.netty.request.NettyRequestSender - Using pooled Channel '[id: 0xfc5fe13a, L:/127.0.0.1:55197 - R:localhost/127.0.0.1:53318]' for 'POST' to 'http://localhost:53318/session/ae504992da3404892a1a6b86ac529b26/element'
16:16:57.725 [Forwarding findElement on session ae504992da3404892a1a6b86ac529b26 to remote] DEBUG org.asynchttpclient.netty.request.NettyRequestSender - Using open Channel [id: 0xfc5fe13a, L:/127.0.0.1:55197 - R:localhost/127.0.0.1:53318] for POST '/session/ae504992da3404892a1a6b86ac529b26/element'
16:16:57.761 [AsyncHttpClient-1-2] DEBUG org.asynchttpclient.netty.handler.HttpHandler - 

Request DefaultHttpRequest(decodeResult: success, version: HTTP/1.1)
POST /session/ae504992da3404892a1a6b86ac529b26/element HTTP/1.1
User-Agent: selenium/4.1.2 (java windows)
Content-Length: 63
Content-Type: application/json; charset=utf-8
host: localhost:53318
accept: */*

Response DefaultHttpResponse(decodeResult: success, version: HTTP/1.1)
HTTP/1.1 200 OK
Content-Type: application/json; charset=utf-8
cache-control: no-cache
content-length: 88

16:16:57.762 [AsyncHttpClient-1-2] DEBUG org.asynchttpclient.netty.channel.ChannelManager - Adding key: http://localhost:53318 for channel [id: 0xfc5fe13a, L:/127.0.0.1:55197 - R:localhost/127.0.0.1:53318]
16:16:57.829 [Forwarding isElementDisplayed on session ae504992da3404892a1a6b86ac529b26 to remote] DEBUG org.asynchttpclient.netty.request.NettyRequestSender - Using pooled Channel '[id: 0xfc5fe13a, L:/127.0.0.1:55197 - R:localhost/127.0.0.1:53318]' for 'POST' to 'http://localhost:53318/session/ae504992da3404892a1a6b86ac529b26/execute/sync'
16:16:57.829 [Forwarding isElementDisplayed on session ae504992da3404892a1a6b86ac529b26 to remote] DEBUG org.asynchttpclient.netty.request.NettyRequestSender - Using open Channel [id: 0xfc5fe13a, L:/127.0.0.1:55197 - R:localhost/127.0.0.1:53318] for POST '/session/ae504992da3404892a1a6b86ac529b26/execute/sync'
16:16:57.876 [AsyncHttpClient-1-2] DEBUG org.asynchttpclient.netty.handler.HttpHandler - 

Request DefaultHttpRequest(decodeResult: success, version: HTTP/1.1)
POST /session/ae504992da3404892a1a6b86ac529b26/execute/sync HTTP/1.1
User-Agent: selenium/4.1.2 (java windows)
Content-Length: 48780
Content-Type: application/json; charset=utf-8
host: localhost:53318
accept: */*

Response DefaultHttpResponse(decodeResult: success, version: HTTP/1.1)
HTTP/1.1 200 OK
Content-Type: application/json; charset=utf-8
cache-control: no-cache
content-length: 14

16:16:57.876 [AsyncHttpClient-1-2] DEBUG org.asynchttpclient.netty.channel.ChannelManager - Adding key: http://localhost:53318 for channel [id: 0xfc5fe13a, L:/127.0.0.1:55197 - R:localhost/127.0.0.1:53318]
16:16:57.890 [Forwarding screenshot on session ae504992da3404892a1a6b86ac529b26 to remote] DEBUG org.asynchttpclient.netty.request.NettyRequestSender - Using pooled Channel '[id: 0xfc5fe13a, L:/127.0.0.1:55197 - R:localhost/127.0.0.1:53318]' for 'GET' to 'http://localhost:53318/session/ae504992da3404892a1a6b86ac529b26/screenshot'
16:16:57.891 [Forwarding screenshot on session ae504992da3404892a1a6b86ac529b26 to remote] DEBUG org.asynchttpclient.netty.request.NettyRequestSender - Using open Channel [id: 0xfc5fe13a, L:/127.0.0.1:55197 - R:localhost/127.0.0.1:53318] for GET '/session/ae504992da3404892a1a6b86ac529b26/screenshot'
16:16:57.916 [AsyncHttpClient-1-1] DEBUG org.asynchttpclient.netty.channel.DefaultChannelPool - Entry count for : http://localhost:55203 : 1
16:16:58.142 [AsyncHttpClient-1-2] DEBUG org.asynchttpclient.netty.handler.HttpHandler - 

Request DefaultFullHttpRequest(decodeResult: success, version: HTTP/1.1, content: EmptyByteBufBE)
GET /session/ae504992da3404892a1a6b86ac529b26/screenshot HTTP/1.1
User-Agent: selenium/4.1.2 (java windows)
Cache-Control: no-cache
Content-Type: application/json; charset=utf-8
host: localhost:53318
accept: */*

Response DefaultHttpResponse(decodeResult: success, version: HTTP/1.1)
HTTP/1.1 200 OK
Content-Type: application/json; charset=utf-8
cache-control: no-cache
content-length: 36940

16:16:58.144 [AsyncHttpClient-1-2] DEBUG org.asynchttpclient.netty.channel.ChannelManager - Adding key: http://localhost:53318 for channel [id: 0xfc5fe13a, L:/127.0.0.1:55197 - R:localhost/127.0.0.1:53318]
16:16:58.154 [main] DEBUG net.serenitybdd.core.photography.Darkroom - Send negative for processing for target\site\serenity\3fc98c1d93de4723a62c0d7b9f2d9821853c5532823083f66861bcd6ead83493.png
16:16:58.155 [main] DEBUG net.thucydides.core.steps.StepInterceptor - STEP DONE: getErrorNoPassword
  &amp#27;[32mThen &amp#27;[0m&amp#27;[32muser fail to create account and get error message&amp#27;[0m                 &amp#27;[90m# starter.stepdefenitions.RegisterSteps.userFailToCreateAccountAndGetErrorMessage()&amp#27;[0m
16:16:58.183 [main] INFO  - 
  _____   ___   ___   _____     ___     _     ___   ___   ___   ___  
 |_   _| | __| / __| |_   _|   | _ \   /_\   / __| / __| | __| |   \ 
   | |   | _|  \__ \   | |     |  _/  / _ \  \__ \ \__ \ | _|  | |) |
   |_|   |___| |___/   |_|     |_|   /_/ \_\ |___/ |___/ |___| |___/ 

As user i have failed to create account with no input password
----------------------------------------------------------------------
16:16:58.511 [AsyncHttpClient-1-4] DEBUG org.asynchttpclient.netty.handler.WebSocketHandler - Channel Closed: [id: 0xa64724d2, L:/127.0.0.1:55212 ! R:localhost/127.0.0.1:55203] with attribute NettyResponseFuture{currentRetry=5,
	isDone=1,
	isCancelled=0,
	asyncHandler=org.asynchttpclient.ws.WebSocketUpgradeHandler@1df2c33a,
	nettyRequest=org.asynchttpclient.netty.request.NettyRequest@52ba195d,
	future=java.util.concurrent.CompletableFuture@60885a88[Completed normally],
	uri=ws://localhost:55203/devtools/browser/6adfba96-e6ac-4678-b53d-ab655c84b63d,
	keepAlive=true,
	redirectCount=0,
	timeoutsHolder=null,
	inAuth=0,
	touch=1652778976337}
16:16:58.513 [AsyncHttpClient-1-4] DEBUG org.asynchttpclient.netty.channel.ChannelManager - Closing Channel [id: 0xa64724d2, L:/127.0.0.1:55212 ! R:localhost/127.0.0.1:55203] 
16:16:58.514 [Driver Command Executor] DEBUG org.asynchttpclient.netty.request.NettyRequestSender - Using pooled Channel '[id: 0xfc5fe13a, L:/127.0.0.1:55197 - R:localhost/127.0.0.1:53318]' for 'DELETE' to 'http://localhost:53318/session/ae504992da3404892a1a6b86ac529b26'
16:16:58.517 [Driver Command Executor] DEBUG org.asynchttpclient.netty.request.NettyRequestSender - Using open Channel [id: 0xfc5fe13a, L:/127.0.0.1:55197 - R:localhost/127.0.0.1:53318] for DELETE '/session/ae504992da3404892a1a6b86ac529b26'
16:16:59.063 [AsyncHttpClient-1-1] DEBUG org.asynchttpclient.netty.channel.DefaultChannelPool - Entry count for : http://localhost:55203 : 1
16:17:00.215 [AsyncHttpClient-1-1] DEBUG org.asynchttpclient.netty.channel.DefaultChannelPool - Entry count for : http://localhost:55203 : 1
16:17:01.314 [AsyncHttpClient-1-1] DEBUG org.asynchttpclient.netty.channel.DefaultChannelPool - Entry count for : http://localhost:55203 : 1
16:17:02.412 [AsyncHttpClient-1-1] DEBUG org.asynchttpclient.netty.channel.DefaultChannelPool - Entry count for : http://localhost:55203 : 1
16:17:03.512 [AsyncHttpClient-1-1] DEBUG org.asynchttpclient.netty.channel.DefaultChannelPool - Entry count for : http://localhost:55203 : 1
16:17:04.811 [AsyncHttpClient-1-1] DEBUG org.asynchttpclient.netty.channel.DefaultChannelPool - Entry count for : http://localhost:55203 : 1
16:17:05.813 [AsyncHttpClient-1-1] DEBUG org.asynchttpclient.netty.channel.DefaultChannelPool - Entry count for : http://localhost:55203 : 1
16:17:06.913 [AsyncHttpClient-1-1] DEBUG org.asynchttpclient.netty.channel.DefaultChannelPool - Entry count for : http://localhost:55203 : 1
16:17:08.013 [AsyncHttpClient-1-1] DEBUG org.asynchttpclient.netty.channel.DefaultChannelPool - Entry count for : http://localhost:55203 : 1
16:17:09.114 [AsyncHttpClient-1-1] DEBUG org.asynchttpclient.netty.channel.DefaultChannelPool - Entry count for : http://localhost:55203 : 1
16:17:10.363 [AsyncHttpClient-1-1] DEBUG org.asynchttpclient.netty.channel.DefaultChannelPool - Entry count for : http://localhost:55203 : 1
16:17:11.897 [AsyncHttpClient-1-1] DEBUG org.asynchttpclient.netty.channel.DefaultChannelPool - Entry count for : http://localhost:55203 : 1
16:17:12.936 [AsyncHttpClient-1-1] DEBUG org.asynchttpclient.netty.channel.DefaultChannelPool - Entry count for : http://localhost:55203 : 1
16:17:14.113 [AsyncHttpClient-1-1] DEBUG org.asynchttpclient.netty.channel.DefaultChannelPool - Entry count for : http://localhost:55203 : 1
16:17:15.223 [AsyncHttpClient-1-1] DEBUG org.asynchttpclient.netty.channel.DefaultChannelPool - Entry count for : http://localhost:55203 : 1
16:17:15.572 [AsyncHttpClient-1-3] DEBUG org.asynchttpclient.netty.handler.HttpHandler - Unexpected I/O exception on channel [id: 0xcb9b2659, L:/127.0.0.1:55211 - R:localhost/127.0.0.1:55203]
java.io.IOException: An existing connection was forcibly closed by the remote host
	at sun.nio.ch.SocketDispatcher.read0(Native Method)
	at sun.nio.ch.SocketDispatcher.read(SocketDispatcher.java:43)
	at sun.nio.ch.IOUtil.readIntoNativeBuffer(IOUtil.java:223)
	at sun.nio.ch.IOUtil.read(IOUtil.java:192)
	at sun.nio.ch.SocketChannelImpl.read(SocketChannelImpl.java:378)
	at io.netty.buffer.PooledByteBuf.setBytes(PooledByteBuf.java:258)
	at io.netty.buffer.AbstractByteBuf.writeBytes(AbstractByteBuf.java:1132)
	at io.netty.channel.socket.nio.NioSocketChannel.doReadBytes(NioSocketChannel.java:350)
	at io.netty.channel.nio.AbstractNioByteChannel$NioByteUnsafe.read(AbstractNioByteChannel.java:151)
	at io.netty.channel.nio.NioEventLoop.processSelectedKey(NioEventLoop.java:722)
	at io.netty.channel.nio.NioEventLoop.processSelectedKeysOptimized(NioEventLoop.java:658)
	at io.netty.channel.nio.NioEventLoop.processSelectedKeys(NioEventLoop.java:584)
	at io.netty.channel.nio.NioEventLoop.run(NioEventLoop.java:496)
	at io.netty.util.concurrent.SingleThreadEventExecutor$4.run(SingleThreadEventExecutor.java:986)
	at io.netty.util.internal.ThreadExecutorMap$2.run(ThreadExecutorMap.java:74)
	at io.netty.util.concurrent.FastThreadLocalRunnable.run(FastThreadLocalRunnable.java:30)
	at java.lang.Thread.run(Thread.java:750)
16:17:15.573 [AsyncHttpClient-1-3] DEBUG org.asynchttpclient.netty.channel.ChannelManager - Closing Channel [id: 0xcb9b2659, L:/127.0.0.1:55211 - R:localhost/127.0.0.1:55203] 
16:17:15.580 [AsyncHttpClient-1-3] DEBUG org.asynchttpclient.netty.handler.HttpHandler - Channel Closed: [id: 0xcb9b2659, L:/127.0.0.1:55211 ! R:localhost/127.0.0.1:55203] with attribute DISCARD
16:17:15.638 [AsyncHttpClient-1-2] DEBUG org.asynchttpclient.netty.handler.HttpHandler - 

Request DefaultFullHttpRequest(decodeResult: success, version: HTTP/1.1, content: EmptyByteBufBE)
DELETE /session/ae504992da3404892a1a6b86ac529b26 HTTP/1.1
User-Agent: selenium/4.1.2 (java windows)
Content-Type: application/json; charset=utf-8
host: localhost:53318
accept: */*

Response DefaultHttpResponse(decodeResult: success, version: HTTP/1.1)
HTTP/1.1 200 OK
Content-Type: application/json; charset=utf-8
cache-control: no-cache
content-length: 14

16:17:15.639 [AsyncHttpClient-1-2] DEBUG org.asynchttpclient.netty.channel.ChannelManager - Adding key: http://localhost:53318 for channel [id: 0xfc5fe13a, L:/127.0.0.1:55197 - R:localhost/127.0.0.1:53318]
16:17:16.117 [AsyncHttpClient-1-2] DEBUG org.asynchttpclient.netty.handler.HttpHandler - Channel Closed: [id: 0xfc5fe13a, L:/127.0.0.1:55197 ! R:localhost/127.0.0.1:53318] with attribute DISCARD
16:17:16.316 [AsyncHttpClient-1-1] DEBUG org.asynchttpclient.netty.channel.DefaultChannelPool - Entry count for : http://localhost:53318 : 1
16:17:16.316 [AsyncHttpClient-1-1] DEBUG org.asynchttpclient.netty.channel.DefaultChannelPool - Entry count for : http://localhost:55203 : 1
16:17:16.316 [AsyncHttpClient-1-1] DEBUG org.asynchttpclient.netty.channel.DefaultChannelPool - Adding Candidate expired Channel [id: 0xfc5fe13a, L:/127.0.0.1:55197 ! R:localhost/127.0.0.1:53318] isIdleTimeoutExpired=false isRemotelyClosed=true isTtlExpired=false
16:17:16.317 [AsyncHttpClient-1-1] DEBUG org.asynchttpclient.netty.channel.DefaultChannelPool - Closing Idle Channel [id: 0xfc5fe13a, L:/127.0.0.1:55197 ! R:localhost/127.0.0.1:53318]
16:17:16.317 [AsyncHttpClient-1-1] DEBUG org.asynchttpclient.netty.channel.DefaultChannelPool - Adding Candidate expired Channel [id: 0xcb9b2659, L:/127.0.0.1:55211 ! R:localhost/127.0.0.1:55203] isIdleTimeoutExpired=true isRemotelyClosed=true isTtlExpired=false
16:17:16.317 [AsyncHttpClient-1-1] DEBUG org.asynchttpclient.netty.channel.DefaultChannelPool - Closing Idle Channel [id: 0xcb9b2659, L:/127.0.0.1:55211 ! R:localhost/127.0.0.1:55203]
16:17:16.317 [AsyncHttpClient-1-1] DEBUG org.asynchttpclient.netty.channel.DefaultChannelPool - Closed 2 connections out of 2 in 1 ms
]]></system-out>
    <system-err><![CDATA[Starting ChromeDriver 100.0.4896.60 (6a5d10861ce8de5fce22564658033b43cb7de047-refs/branch-heads/4896@{#875}) on port 53318
Only local connections are allowed.
Please see https://chromedriver.chromium.org/security-considerations for suggestions on keeping ChromeDriver safe.
ChromeDriver was started successfully.
[1652778975.399][WARNING]: This version of ChromeDriver has not been tested with Chrome version 101.
May 17, 2022 4:16:16 PM org.openqa.selenium.remote.ProtocolHandshake createSession
INFO: Detected dialect: W3C
May 17, 2022 4:16:16 PM org.openqa.selenium.devtools.CdpVersionFinder findNearestMatch
WARNING: Unable to find an exact match for CDP version 101, so returning the closest version found: 97
May 17, 2022 4:16:16 PM org.openqa.selenium.devtools.CdpVersionFinder findNearestMatch
INFO: Found CDP implementation for version 101 of 97
]]></system-err>
  </testcase>
</testsuite>