-------------------------------------------------------------------------------
Test set: test.mobile.CucumberTestSuite
-------------------------------------------------------------------------------
Tests run: 1, Failures: 0, Errors: 1, Skipped: 0, Time elapsed: 0.186 sec <<< FAILURE! - in test.mobile.CucumberTestSuite
initializationError(test.mobile.CucumberTestSuite)  Time elapsed: 0.03 sec  <<< ERROR!
java.lang.NoClassDefFoundError: io/cucumber/core/runtime/TypeRegistryConfigurerSupplier
Caused by: java.lang.ClassNotFoundException: io.cucumber.core.runtime.TypeRegistryConfigurerSupplier

